Zustand 36 Konflikte: 1 Schiebe/Reduziere
Zustand 37 Konflikte: 1 Schiebe/Reduziere
Zustand 38 Konflikte: 1 Schiebe/Reduziere
Zustand 39 Konflikte: 4 Schiebe/Reduziere
Zustand 40 Konflikte: 4 Schiebe/Reduziere
Zustand 41 Konflikte: 2 Schiebe/Reduziere
Zustand 49 Konflikte: 1 Schiebe/Reduziere
Zustand 68 Konflikte: 1 Schiebe/Reduziere


Grammatik

    0 $accept: start $end

    1 start: %empty
    2      | statements

    3 statements: statement
    4           | statement statements

    5 statement: "return" exp01 ";"
    6          | "return" ";"
    7          | "throw" exp01 ";"
    8          | vardecl ";"
    9          | funcdecl
   10          | if
   11          | for
   12          | while
   13          | trycatch
   14          | switch
   15          | assignment
   16          | exp01 ";"
   17          | ";"
   18          | error

   19 assignment: IDENT "=" exp01

   20 vardecl: "let" IDENT "=" exp01
   21        | "let" IDENT "be" exp01
   22        | "private" IDENT "=" exp01
   23        | "private" IDENT "be" exp01

   24 funcdecl: "function" IDENT funchead codeblock

   25 function: "function" funchead codeblock

   26 funchead: "(" ")"
   27         | "(" arglist ")"

   28 arglist: IDENT
   29        | IDENT ","
   30        | IDENT "," arglist

   31 codeblock: statement ";"
   32          | "{" "}"
   33          | "{" statements "}"

   34 if: "if" "(" exp01 ")" codeblock
   35   | "if" "(" exp01 ")" codeblock "else" codeblock

   36 for: "for" IDENT "from" NUMBER "to" NUMBER codeblock
   37    | "for" IDENT "from" NUMBER "to" NUMBER "step" NUMBER codeblock
   38    | "for" "(" IDENT ":" IDENT ")" codeblock

   39 while: "while" "(" exp01 ")" codeblock
   40      | "do" codeblock "while" "(" exp01 ")"

   41 trycatch: "try" codeblock "catch" "(" IDENT ")" codeblock

   42 switch: "switch" "(" exp01 ")" "{" caselist "}"

   43 caselist: case
   44         | caselist case

   45 case: "case" exp01 ":" codeblock
   46     | "case" exp01 ":"
   47     | "default" ":" codeblock
   48     | "default" ":"

   49 exp01: exp02
   50      | exp02 "?" exp01 ":" exp01

   51 exp02: exp03
   52      | exp03 "||" exp01

   53 exp03: exp04
   54      | exp04 "&&" exp01

   55 exp04: exp05
   56      | exp05 "===" exp01
   57      | exp05 "!==" exp01
   58      | exp05 "==" exp01
   59      | exp05 "!=" exp01

   60 exp05: exp06
   61      | exp06 "<" exp01
   62      | exp06 "<=" exp01
   63      | exp06 ">" exp01
   64      | exp06 ">=" exp01

   65 exp06: exp07
   66      | exp07 "+" exp01
   67      | exp07 "-" exp01

   68 exp07: exp08
   69      | exp08 "*" exp01
   70      | exp08 "/" exp01
   71      | exp08 "%" exp01

   72 exp08: exp09
   73      | "!" exp09

   74 exp09: expp
   75      | expp "." IDENT "(" explist ")"

   76 expp: "(" exp01 ")"
   77     | IDENT "(" explist ")"
   78     | value

   79 value: function
   80      | STRING
   81      | array
   82      | NUMBER
   83      | "true"
   84      | "false"
   85      | "nil"
   86      | IDENT

   87 array: "[" "]"
   88      | "[" explist "]"

   89 explist: exp01
   90        | exp01 ","
   91        | explist "," exp01


Terminale und die Regeln, in denen sie verwendet werden

$end (0) 0
error (256) 18
"return" (258) 5 6
"throw" (259) 7
"let" (260) 20 21
"be" (261) 21 23
"function" (262) 24 25
"if" (263) 34 35
"else" (264) 35
"from" (265) 36 37
"to" (266) 36 37
"step" (267) 37
"while" (268) 39 40
"do" (269) 40
"try" (270) 41
"catch" (271) 41
"switch" (272) 42
"case" (273) 45 46
"default" (274) 47 48
"nil" (275) 85
"true" (276) 83
"false" (277) 84
"for" (278) 36 37 38
"private" (279) 22 23
":" (280) 38 45 46 47 48 50
"{" (281) 32 33 42
"}" (282) 32 33 42
"(" (283) 26 27 34 35 38 39 40 41 42 75 76 77
")" (284) 26 27 34 35 38 39 40 41 42 75 76 77
"[" (285) 87 88
"]" (286) 87 88
";" (287) 5 6 7 8 16 17 31
"," (288) 29 30 90 91
"+" (289) 66
"-" (290) 67
"<=" (291) 62
"<" (292) 61
">=" (293) 64
">" (294) 63
"===" (295) 56
"==" (296) 58
"!==" (297) 57
"!=" (298) 59
"!" (299) 73
"=" (300) 19 20 22
"&&" (301) 54
"/" (302) 70
"*" (303) 69
"%" (304) 71
"?" (305) 50
"||" (306) 52
"." (307) 75
NUMBER (308) 36 37 82
IDENT (309) 19 20 21 22 23 24 28 29 30 36 37 38 41 75 77 86
STRING (310) 80


Nicht-Terminal und die Regeln, in denen sie verwendet werden

$accept (56)
    auf der linken Seite: 0
start (57)
    auf der linken Seite: 1 2, auf der rechten Seite: 0
statements (58)
    auf der linken Seite: 3 4, auf der rechten Seite: 2 4 33
statement (59)
    auf der linken Seite: 5 6 7 8 9 10 11 12 13 14 15 16 17 18, auf der rechten Seite:
    3 4 31
assignment (60)
    auf der linken Seite: 19, auf der rechten Seite: 15
vardecl (61)
    auf der linken Seite: 20 21 22 23, auf der rechten Seite: 8
funcdecl (62)
    auf der linken Seite: 24, auf der rechten Seite: 9
function (63)
    auf der linken Seite: 25, auf der rechten Seite: 79
funchead (64)
    auf der linken Seite: 26 27, auf der rechten Seite: 24 25
arglist (65)
    auf der linken Seite: 28 29 30, auf der rechten Seite: 27 30
codeblock (66)
    auf der linken Seite: 31 32 33, auf der rechten Seite: 24 25 34
    35 36 37 38 39 40 41 45 47
if (67)
    auf der linken Seite: 34 35, auf der rechten Seite: 10
for (68)
    auf der linken Seite: 36 37 38, auf der rechten Seite: 11
while (69)
    auf der linken Seite: 39 40, auf der rechten Seite: 12
trycatch (70)
    auf der linken Seite: 41, auf der rechten Seite: 13
switch (71)
    auf der linken Seite: 42, auf der rechten Seite: 14
caselist (72)
    auf der linken Seite: 43 44, auf der rechten Seite: 42 44
case (73)
    auf der linken Seite: 45 46 47 48, auf der rechten Seite: 43 44
exp01 (74)
    auf der linken Seite: 49 50, auf der rechten Seite: 5 7 16 19 20
    21 22 23 34 35 39 40 42 45 46 50 52 54 56 57 58 59 61 62 63 64
    66 67 69 70 71 76 89 90 91
exp02 (75)
    auf der linken Seite: 51 52, auf der rechten Seite: 49 50
exp03 (76)
    auf der linken Seite: 53 54, auf der rechten Seite: 51 52
exp04 (77)
    auf der linken Seite: 55 56 57 58 59, auf der rechten Seite: 53
    54
exp05 (78)
    auf der linken Seite: 60 61 62 63 64, auf der rechten Seite: 55
    56 57 58 59
exp06 (79)
    auf der linken Seite: 65 66 67, auf der rechten Seite: 60 61 62
    63 64
exp07 (80)
    auf der linken Seite: 68 69 70 71, auf der rechten Seite: 65 66
    67
exp08 (81)
    auf der linken Seite: 72 73, auf der rechten Seite: 68 69 70 71
exp09 (82)
    auf der linken Seite: 74 75, auf der rechten Seite: 72 73
expp (83)
    auf der linken Seite: 76 77 78, auf der rechten Seite: 74 75
value (84)
    auf der linken Seite: 79 80 81 82 83 84 85 86, auf der rechten Seite:
    78
array (85)
    auf der linken Seite: 87 88, auf der rechten Seite: 81
explist (86)
    auf der linken Seite: 89 90 91, auf der rechten Seite: 75 77 88
    91


Zustand 0

    0 $accept: . start $end

    error       schiebe und gehe zu Zustand 1 über
    "return"    schiebe und gehe zu Zustand 2 über
    "throw"     schiebe und gehe zu Zustand 3 über
    "let"       schiebe und gehe zu Zustand 4 über
    "function"  schiebe und gehe zu Zustand 5 über
    "if"        schiebe und gehe zu Zustand 6 über
    "while"     schiebe und gehe zu Zustand 7 über
    "do"        schiebe und gehe zu Zustand 8 über
    "try"       schiebe und gehe zu Zustand 9 über
    "switch"    schiebe und gehe zu Zustand 10 über
    "nil"       schiebe und gehe zu Zustand 11 über
    "true"      schiebe und gehe zu Zustand 12 über
    "false"     schiebe und gehe zu Zustand 13 über
    "for"       schiebe und gehe zu Zustand 14 über
    "private"   schiebe und gehe zu Zustand 15 über
    "("         schiebe und gehe zu Zustand 16 über
    "["         schiebe und gehe zu Zustand 17 über
    ";"         schiebe und gehe zu Zustand 18 über
    "!"         schiebe und gehe zu Zustand 19 über
    NUMBER      schiebe und gehe zu Zustand 20 über
    IDENT       schiebe und gehe zu Zustand 21 über
    STRING      schiebe und gehe zu Zustand 22 über

    $end  reduziere mit Regel 1 (start)

    start       gehe zu Zustand 23 über
    statements  gehe zu Zustand 24 über
    statement   gehe zu Zustand 25 über
    assignment  gehe zu Zustand 26 über
    vardecl     gehe zu Zustand 27 über
    funcdecl    gehe zu Zustand 28 über
    function    gehe zu Zustand 29 über
    if          gehe zu Zustand 30 über
    for         gehe zu Zustand 31 über
    while       gehe zu Zustand 32 über
    trycatch    gehe zu Zustand 33 über
    switch      gehe zu Zustand 34 über
    exp01       gehe zu Zustand 35 über
    exp02       gehe zu Zustand 36 über
    exp03       gehe zu Zustand 37 über
    exp04       gehe zu Zustand 38 über
    exp05       gehe zu Zustand 39 über
    exp06       gehe zu Zustand 40 über
    exp07       gehe zu Zustand 41 über
    exp08       gehe zu Zustand 42 über
    exp09       gehe zu Zustand 43 über
    expp        gehe zu Zustand 44 über
    value       gehe zu Zustand 45 über
    array       gehe zu Zustand 46 über


Zustand 1

   18 statement: error .

    $default  reduziere mit Regel 18 (statement)


Zustand 2

    5 statement: "return" . exp01 ";"
    6          | "return" . ";"

    "function"  schiebe und gehe zu Zustand 47 über
    "nil"       schiebe und gehe zu Zustand 11 über
    "true"      schiebe und gehe zu Zustand 12 über
    "false"     schiebe und gehe zu Zustand 13 über
    "("         schiebe und gehe zu Zustand 16 über
    "["         schiebe und gehe zu Zustand 17 über
    ";"         schiebe und gehe zu Zustand 48 über
    "!"         schiebe und gehe zu Zustand 19 über
    NUMBER      schiebe und gehe zu Zustand 20 über
    IDENT       schiebe und gehe zu Zustand 49 über
    STRING      schiebe und gehe zu Zustand 22 über

    function  gehe zu Zustand 29 über
    exp01     gehe zu Zustand 50 über
    exp02     gehe zu Zustand 36 über
    exp03     gehe zu Zustand 37 über
    exp04     gehe zu Zustand 38 über
    exp05     gehe zu Zustand 39 über
    exp06     gehe zu Zustand 40 über
    exp07     gehe zu Zustand 41 über
    exp08     gehe zu Zustand 42 über
    exp09     gehe zu Zustand 43 über
    expp      gehe zu Zustand 44 über
    value     gehe zu Zustand 45 über
    array     gehe zu Zustand 46 über


Zustand 3

    7 statement: "throw" . exp01 ";"

    "function"  schiebe und gehe zu Zustand 47 über
    "nil"       schiebe und gehe zu Zustand 11 über
    "true"      schiebe und gehe zu Zustand 12 über
    "false"     schiebe und gehe zu Zustand 13 über
    "("         schiebe und gehe zu Zustand 16 über
    "["         schiebe und gehe zu Zustand 17 über
    "!"         schiebe und gehe zu Zustand 19 über
    NUMBER      schiebe und gehe zu Zustand 20 über
    IDENT       schiebe und gehe zu Zustand 49 über
    STRING      schiebe und gehe zu Zustand 22 über

    function  gehe zu Zustand 29 über
    exp01     gehe zu Zustand 51 über
    exp02     gehe zu Zustand 36 über
    exp03     gehe zu Zustand 37 über
    exp04     gehe zu Zustand 38 über
    exp05     gehe zu Zustand 39 über
    exp06     gehe zu Zustand 40 über
    exp07     gehe zu Zustand 41 über
    exp08     gehe zu Zustand 42 über
    exp09     gehe zu Zustand 43 über
    expp      gehe zu Zustand 44 über
    value     gehe zu Zustand 45 über
    array     gehe zu Zustand 46 über


Zustand 4

   20 vardecl: "let" . IDENT "=" exp01
   21        | "let" . IDENT "be" exp01

    IDENT  schiebe und gehe zu Zustand 52 über


Zustand 5

   24 funcdecl: "function" . IDENT funchead codeblock
   25 function: "function" . funchead codeblock

    "("    schiebe und gehe zu Zustand 53 über
    IDENT  schiebe und gehe zu Zustand 54 über

    funchead  gehe zu Zustand 55 über


Zustand 6

   34 if: "if" . "(" exp01 ")" codeblock
   35   | "if" . "(" exp01 ")" codeblock "else" codeblock

    "("  schiebe und gehe zu Zustand 56 über


Zustand 7

   39 while: "while" . "(" exp01 ")" codeblock

    "("  schiebe und gehe zu Zustand 57 über


Zustand 8

   40 while: "do" . codeblock "while" "(" exp01 ")"

    error       schiebe und gehe zu Zustand 1 über
    "return"    schiebe und gehe zu Zustand 2 über
    "throw"     schiebe und gehe zu Zustand 3 über
    "let"       schiebe und gehe zu Zustand 4 über
    "function"  schiebe und gehe zu Zustand 5 über
    "if"        schiebe und gehe zu Zustand 6 über
    "while"     schiebe und gehe zu Zustand 7 über
    "do"        schiebe und gehe zu Zustand 8 über
    "try"       schiebe und gehe zu Zustand 9 über
    "switch"    schiebe und gehe zu Zustand 10 über
    "nil"       schiebe und gehe zu Zustand 11 über
    "true"      schiebe und gehe zu Zustand 12 über
    "false"     schiebe und gehe zu Zustand 13 über
    "for"       schiebe und gehe zu Zustand 14 über
    "private"   schiebe und gehe zu Zustand 15 über
    "{"         schiebe und gehe zu Zustand 58 über
    "("         schiebe und gehe zu Zustand 16 über
    "["         schiebe und gehe zu Zustand 17 über
    ";"         schiebe und gehe zu Zustand 18 über
    "!"         schiebe und gehe zu Zustand 19 über
    NUMBER      schiebe und gehe zu Zustand 20 über
    IDENT       schiebe und gehe zu Zustand 21 über
    STRING      schiebe und gehe zu Zustand 22 über

    statement   gehe zu Zustand 59 über
    assignment  gehe zu Zustand 26 über
    vardecl     gehe zu Zustand 27 über
    funcdecl    gehe zu Zustand 28 über
    function    gehe zu Zustand 29 über
    codeblock   gehe zu Zustand 60 über
    if          gehe zu Zustand 30 über
    for         gehe zu Zustand 31 über
    while       gehe zu Zustand 32 über
    trycatch    gehe zu Zustand 33 über
    switch      gehe zu Zustand 34 über
    exp01       gehe zu Zustand 35 über
    exp02       gehe zu Zustand 36 über
    exp03       gehe zu Zustand 37 über
    exp04       gehe zu Zustand 38 über
    exp05       gehe zu Zustand 39 über
    exp06       gehe zu Zustand 40 über
    exp07       gehe zu Zustand 41 über
    exp08       gehe zu Zustand 42 über
    exp09       gehe zu Zustand 43 über
    expp        gehe zu Zustand 44 über
    value       gehe zu Zustand 45 über
    array       gehe zu Zustand 46 über


Zustand 9

   41 trycatch: "try" . codeblock "catch" "(" IDENT ")" codeblock

    error       schiebe und gehe zu Zustand 1 über
    "return"    schiebe und gehe zu Zustand 2 über
    "throw"     schiebe und gehe zu Zustand 3 über
    "let"       schiebe und gehe zu Zustand 4 über
    "function"  schiebe und gehe zu Zustand 5 über
    "if"        schiebe und gehe zu Zustand 6 über
    "while"     schiebe und gehe zu Zustand 7 über
    "do"        schiebe und gehe zu Zustand 8 über
    "try"       schiebe und gehe zu Zustand 9 über
    "switch"    schiebe und gehe zu Zustand 10 über
    "nil"       schiebe und gehe zu Zustand 11 über
    "true"      schiebe und gehe zu Zustand 12 über
    "false"     schiebe und gehe zu Zustand 13 über
    "for"       schiebe und gehe zu Zustand 14 über
    "private"   schiebe und gehe zu Zustand 15 über
    "{"         schiebe und gehe zu Zustand 58 über
    "("         schiebe und gehe zu Zustand 16 über
    "["         schiebe und gehe zu Zustand 17 über
    ";"         schiebe und gehe zu Zustand 18 über
    "!"         schiebe und gehe zu Zustand 19 über
    NUMBER      schiebe und gehe zu Zustand 20 über
    IDENT       schiebe und gehe zu Zustand 21 über
    STRING      schiebe und gehe zu Zustand 22 über

    statement   gehe zu Zustand 59 über
    assignment  gehe zu Zustand 26 über
    vardecl     gehe zu Zustand 27 über
    funcdecl    gehe zu Zustand 28 über
    function    gehe zu Zustand 29 über
    codeblock   gehe zu Zustand 61 über
    if          gehe zu Zustand 30 über
    for         gehe zu Zustand 31 über
    while       gehe zu Zustand 32 über
    trycatch    gehe zu Zustand 33 über
    switch      gehe zu Zustand 34 über
    exp01       gehe zu Zustand 35 über
    exp02       gehe zu Zustand 36 über
    exp03       gehe zu Zustand 37 über
    exp04       gehe zu Zustand 38 über
    exp05       gehe zu Zustand 39 über
    exp06       gehe zu Zustand 40 über
    exp07       gehe zu Zustand 41 über
    exp08       gehe zu Zustand 42 über
    exp09       gehe zu Zustand 43 über
    expp        gehe zu Zustand 44 über
    value       gehe zu Zustand 45 über
    array       gehe zu Zustand 46 über


Zustand 10

   42 switch: "switch" . "(" exp01 ")" "{" caselist "}"

    "("  schiebe und gehe zu Zustand 62 über


Zustand 11

   85 value: "nil" .

    $default  reduziere mit Regel 85 (value)


Zustand 12

   83 value: "true" .

    $default  reduziere mit Regel 83 (value)


Zustand 13

   84 value: "false" .

    $default  reduziere mit Regel 84 (value)


Zustand 14

   36 for: "for" . IDENT "from" NUMBER "to" NUMBER codeblock
   37    | "for" . IDENT "from" NUMBER "to" NUMBER "step" NUMBER codeblock
   38    | "for" . "(" IDENT ":" IDENT ")" codeblock

    "("    schiebe und gehe zu Zustand 63 über
    IDENT  schiebe und gehe zu Zustand 64 über


Zustand 15

   22 vardecl: "private" . IDENT "=" exp01
   23        | "private" . IDENT "be" exp01

    IDENT  schiebe und gehe zu Zustand 65 über


Zustand 16

   76 expp: "(" . exp01 ")"

    "function"  schiebe und gehe zu Zustand 47 über
    "nil"       schiebe und gehe zu Zustand 11 über
    "true"      schiebe und gehe zu Zustand 12 über
    "false"     schiebe und gehe zu Zustand 13 über
    "("         schiebe und gehe zu Zustand 16 über
    "["         schiebe und gehe zu Zustand 17 über
    "!"         schiebe und gehe zu Zustand 19 über
    NUMBER      schiebe und gehe zu Zustand 20 über
    IDENT       schiebe und gehe zu Zustand 49 über
    STRING      schiebe und gehe zu Zustand 22 über

    function  gehe zu Zustand 29 über
    exp01     gehe zu Zustand 66 über
    exp02     gehe zu Zustand 36 über
    exp03     gehe zu Zustand 37 über
    exp04     gehe zu Zustand 38 über
    exp05     gehe zu Zustand 39 über
    exp06     gehe zu Zustand 40 über
    exp07     gehe zu Zustand 41 über
    exp08     gehe zu Zustand 42 über
    exp09     gehe zu Zustand 43 über
    expp      gehe zu Zustand 44 über
    value     gehe zu Zustand 45 über
    array     gehe zu Zustand 46 über


Zustand 17

   87 array: "[" . "]"
   88      | "[" . explist "]"

    "function"  schiebe und gehe zu Zustand 47 über
    "nil"       schiebe und gehe zu Zustand 11 über
    "true"      schiebe und gehe zu Zustand 12 über
    "false"     schiebe und gehe zu Zustand 13 über
    "("         schiebe und gehe zu Zustand 16 über
    "["         schiebe und gehe zu Zustand 17 über
    "]"         schiebe und gehe zu Zustand 67 über
    "!"         schiebe und gehe zu Zustand 19 über
    NUMBER      schiebe und gehe zu Zustand 20 über
    IDENT       schiebe und gehe zu Zustand 49 über
    STRING      schiebe und gehe zu Zustand 22 über

    function  gehe zu Zustand 29 über
    exp01     gehe zu Zustand 68 über
    exp02     gehe zu Zustand 36 über
    exp03     gehe zu Zustand 37 über
    exp04     gehe zu Zustand 38 über
    exp05     gehe zu Zustand 39 über
    exp06     gehe zu Zustand 40 über
    exp07     gehe zu Zustand 41 über
    exp08     gehe zu Zustand 42 über
    exp09     gehe zu Zustand 43 über
    expp      gehe zu Zustand 44 über
    value     gehe zu Zustand 45 über
    array     gehe zu Zustand 46 über
    explist   gehe zu Zustand 69 über


Zustand 18

   17 statement: ";" .

    $default  reduziere mit Regel 17 (statement)


Zustand 19

   73 exp08: "!" . exp09

    "function"  schiebe und gehe zu Zustand 47 über
    "nil"       schiebe und gehe zu Zustand 11 über
    "true"      schiebe und gehe zu Zustand 12 über
    "false"     schiebe und gehe zu Zustand 13 über
    "("         schiebe und gehe zu Zustand 16 über
    "["         schiebe und gehe zu Zustand 17 über
    NUMBER      schiebe und gehe zu Zustand 20 über
    IDENT       schiebe und gehe zu Zustand 49 über
    STRING      schiebe und gehe zu Zustand 22 über

    function  gehe zu Zustand 29 über
    exp09     gehe zu Zustand 70 über
    expp      gehe zu Zustand 44 über
    value     gehe zu Zustand 45 über
    array     gehe zu Zustand 46 über


Zustand 20

   82 value: NUMBER .

    $default  reduziere mit Regel 82 (value)


Zustand 21

   19 assignment: IDENT . "=" exp01
   77 expp: IDENT . "(" explist ")"
   86 value: IDENT .

    "("  schiebe und gehe zu Zustand 71 über
    "="  schiebe und gehe zu Zustand 72 über

    $default  reduziere mit Regel 86 (value)


Zustand 22

   80 value: STRING .

    $default  reduziere mit Regel 80 (value)


Zustand 23

    0 $accept: start . $end

    $end  schiebe und gehe zu Zustand 73 über


Zustand 24

    2 start: statements .

    $default  reduziere mit Regel 2 (start)


Zustand 25

    3 statements: statement .
    4           | statement . statements

    error       schiebe und gehe zu Zustand 1 über
    "return"    schiebe und gehe zu Zustand 2 über
    "throw"     schiebe und gehe zu Zustand 3 über
    "let"       schiebe und gehe zu Zustand 4 über
    "function"  schiebe und gehe zu Zustand 5 über
    "if"        schiebe und gehe zu Zustand 6 über
    "while"     schiebe und gehe zu Zustand 7 über
    "do"        schiebe und gehe zu Zustand 8 über
    "try"       schiebe und gehe zu Zustand 9 über
    "switch"    schiebe und gehe zu Zustand 10 über
    "nil"       schiebe und gehe zu Zustand 11 über
    "true"      schiebe und gehe zu Zustand 12 über
    "false"     schiebe und gehe zu Zustand 13 über
    "for"       schiebe und gehe zu Zustand 14 über
    "private"   schiebe und gehe zu Zustand 15 über
    "("         schiebe und gehe zu Zustand 16 über
    "["         schiebe und gehe zu Zustand 17 über
    ";"         schiebe und gehe zu Zustand 18 über
    "!"         schiebe und gehe zu Zustand 19 über
    NUMBER      schiebe und gehe zu Zustand 20 über
    IDENT       schiebe und gehe zu Zustand 21 über
    STRING      schiebe und gehe zu Zustand 22 über

    $end  reduziere mit Regel 3 (statements)
    "}"   reduziere mit Regel 3 (statements)

    statements  gehe zu Zustand 74 über
    statement   gehe zu Zustand 25 über
    assignment  gehe zu Zustand 26 über
    vardecl     gehe zu Zustand 27 über
    funcdecl    gehe zu Zustand 28 über
    function    gehe zu Zustand 29 über
    if          gehe zu Zustand 30 über
    for         gehe zu Zustand 31 über
    while       gehe zu Zustand 32 über
    trycatch    gehe zu Zustand 33 über
    switch      gehe zu Zustand 34 über
    exp01       gehe zu Zustand 35 über
    exp02       gehe zu Zustand 36 über
    exp03       gehe zu Zustand 37 über
    exp04       gehe zu Zustand 38 über
    exp05       gehe zu Zustand 39 über
    exp06       gehe zu Zustand 40 über
    exp07       gehe zu Zustand 41 über
    exp08       gehe zu Zustand 42 über
    exp09       gehe zu Zustand 43 über
    expp        gehe zu Zustand 44 über
    value       gehe zu Zustand 45 über
    array       gehe zu Zustand 46 über


Zustand 26

   15 statement: assignment .

    $default  reduziere mit Regel 15 (statement)


Zustand 27

    8 statement: vardecl . ";"

    ";"  schiebe und gehe zu Zustand 75 über


Zustand 28

    9 statement: funcdecl .

    $default  reduziere mit Regel 9 (statement)


Zustand 29

   79 value: function .

    $default  reduziere mit Regel 79 (value)


Zustand 30

   10 statement: if .

    $default  reduziere mit Regel 10 (statement)


Zustand 31

   11 statement: for .

    $default  reduziere mit Regel 11 (statement)


Zustand 32

   12 statement: while .

    $default  reduziere mit Regel 12 (statement)


Zustand 33

   13 statement: trycatch .

    $default  reduziere mit Regel 13 (statement)


Zustand 34

   14 statement: switch .

    $default  reduziere mit Regel 14 (statement)


Zustand 35

   16 statement: exp01 . ";"

    ";"  schiebe und gehe zu Zustand 76 über


Zustand 36

   49 exp01: exp02 .
   50      | exp02 . "?" exp01 ":" exp01

    "?"  schiebe und gehe zu Zustand 77 über

    "?"       [reduziere mit Regel 49 (exp01)]
    $default  reduziere mit Regel 49 (exp01)


Zustand 37

   51 exp02: exp03 .
   52      | exp03 . "||" exp01

    "||"  schiebe und gehe zu Zustand 78 über

    "||"      [reduziere mit Regel 51 (exp02)]
    $default  reduziere mit Regel 51 (exp02)


Zustand 38

   53 exp03: exp04 .
   54      | exp04 . "&&" exp01

    "&&"  schiebe und gehe zu Zustand 79 über

    "&&"      [reduziere mit Regel 53 (exp03)]
    $default  reduziere mit Regel 53 (exp03)


Zustand 39

   55 exp04: exp05 .
   56      | exp05 . "===" exp01
   57      | exp05 . "!==" exp01
   58      | exp05 . "==" exp01
   59      | exp05 . "!=" exp01

    "==="  schiebe und gehe zu Zustand 80 über
    "=="   schiebe und gehe zu Zustand 81 über
    "!=="  schiebe und gehe zu Zustand 82 über
    "!="   schiebe und gehe zu Zustand 83 über

    "==="     [reduziere mit Regel 55 (exp04)]
    "=="      [reduziere mit Regel 55 (exp04)]
    "!=="     [reduziere mit Regel 55 (exp04)]
    "!="      [reduziere mit Regel 55 (exp04)]
    $default  reduziere mit Regel 55 (exp04)


Zustand 40

   60 exp05: exp06 .
   61      | exp06 . "<" exp01
   62      | exp06 . "<=" exp01
   63      | exp06 . ">" exp01
   64      | exp06 . ">=" exp01

    "<="  schiebe und gehe zu Zustand 84 über
    "<"   schiebe und gehe zu Zustand 85 über
    ">="  schiebe und gehe zu Zustand 86 über
    ">"   schiebe und gehe zu Zustand 87 über

    "<="      [reduziere mit Regel 60 (exp05)]
    "<"       [reduziere mit Regel 60 (exp05)]
    ">="      [reduziere mit Regel 60 (exp05)]
    ">"       [reduziere mit Regel 60 (exp05)]
    $default  reduziere mit Regel 60 (exp05)


Zustand 41

   65 exp06: exp07 .
   66      | exp07 . "+" exp01
   67      | exp07 . "-" exp01

    "+"  schiebe und gehe zu Zustand 88 über
    "-"  schiebe und gehe zu Zustand 89 über

    "+"       [reduziere mit Regel 65 (exp06)]
    "-"       [reduziere mit Regel 65 (exp06)]
    $default  reduziere mit Regel 65 (exp06)


Zustand 42

   68 exp07: exp08 .
   69      | exp08 . "*" exp01
   70      | exp08 . "/" exp01
   71      | exp08 . "%" exp01

    "/"  schiebe und gehe zu Zustand 90 über
    "*"  schiebe und gehe zu Zustand 91 über
    "%"  schiebe und gehe zu Zustand 92 über

    $default  reduziere mit Regel 68 (exp07)


Zustand 43

   72 exp08: exp09 .

    $default  reduziere mit Regel 72 (exp08)


Zustand 44

   74 exp09: expp .
   75      | expp . "." IDENT "(" explist ")"

    "."  schiebe und gehe zu Zustand 93 über

    $default  reduziere mit Regel 74 (exp09)


Zustand 45

   78 expp: value .

    $default  reduziere mit Regel 78 (expp)


Zustand 46

   81 value: array .

    $default  reduziere mit Regel 81 (value)


Zustand 47

   25 function: "function" . funchead codeblock

    "("  schiebe und gehe zu Zustand 53 über

    funchead  gehe zu Zustand 55 über


Zustand 48

    6 statement: "return" ";" .

    $default  reduziere mit Regel 6 (statement)


Zustand 49

   77 expp: IDENT . "(" explist ")"
   86 value: IDENT .

    "("  schiebe und gehe zu Zustand 71 über

    "("       [reduziere mit Regel 86 (value)]
    $default  reduziere mit Regel 86 (value)


Zustand 50

    5 statement: "return" exp01 . ";"

    ";"  schiebe und gehe zu Zustand 94 über


Zustand 51

    7 statement: "throw" exp01 . ";"

    ";"  schiebe und gehe zu Zustand 95 über


Zustand 52

   20 vardecl: "let" IDENT . "=" exp01
   21        | "let" IDENT . "be" exp01

    "be"  schiebe und gehe zu Zustand 96 über
    "="   schiebe und gehe zu Zustand 97 über


Zustand 53

   26 funchead: "(" . ")"
   27         | "(" . arglist ")"

    ")"    schiebe und gehe zu Zustand 98 über
    IDENT  schiebe und gehe zu Zustand 99 über

    arglist  gehe zu Zustand 100 über


Zustand 54

   24 funcdecl: "function" IDENT . funchead codeblock

    "("  schiebe und gehe zu Zustand 53 über

    funchead  gehe zu Zustand 101 über


Zustand 55

   25 function: "function" funchead . codeblock

    error       schiebe und gehe zu Zustand 1 über
    "return"    schiebe und gehe zu Zustand 2 über
    "throw"     schiebe und gehe zu Zustand 3 über
    "let"       schiebe und gehe zu Zustand 4 über
    "function"  schiebe und gehe zu Zustand 5 über
    "if"        schiebe und gehe zu Zustand 6 über
    "while"     schiebe und gehe zu Zustand 7 über
    "do"        schiebe und gehe zu Zustand 8 über
    "try"       schiebe und gehe zu Zustand 9 über
    "switch"    schiebe und gehe zu Zustand 10 über
    "nil"       schiebe und gehe zu Zustand 11 über
    "true"      schiebe und gehe zu Zustand 12 über
    "false"     schiebe und gehe zu Zustand 13 über
    "for"       schiebe und gehe zu Zustand 14 über
    "private"   schiebe und gehe zu Zustand 15 über
    "{"         schiebe und gehe zu Zustand 58 über
    "("         schiebe und gehe zu Zustand 16 über
    "["         schiebe und gehe zu Zustand 17 über
    ";"         schiebe und gehe zu Zustand 18 über
    "!"         schiebe und gehe zu Zustand 19 über
    NUMBER      schiebe und gehe zu Zustand 20 über
    IDENT       schiebe und gehe zu Zustand 21 über
    STRING      schiebe und gehe zu Zustand 22 über

    statement   gehe zu Zustand 59 über
    assignment  gehe zu Zustand 26 über
    vardecl     gehe zu Zustand 27 über
    funcdecl    gehe zu Zustand 28 über
    function    gehe zu Zustand 29 über
    codeblock   gehe zu Zustand 102 über
    if          gehe zu Zustand 30 über
    for         gehe zu Zustand 31 über
    while       gehe zu Zustand 32 über
    trycatch    gehe zu Zustand 33 über
    switch      gehe zu Zustand 34 über
    exp01       gehe zu Zustand 35 über
    exp02       gehe zu Zustand 36 über
    exp03       gehe zu Zustand 37 über
    exp04       gehe zu Zustand 38 über
    exp05       gehe zu Zustand 39 über
    exp06       gehe zu Zustand 40 über
    exp07       gehe zu Zustand 41 über
    exp08       gehe zu Zustand 42 über
    exp09       gehe zu Zustand 43 über
    expp        gehe zu Zustand 44 über
    value       gehe zu Zustand 45 über
    array       gehe zu Zustand 46 über


Zustand 56

   34 if: "if" "(" . exp01 ")" codeblock
   35   | "if" "(" . exp01 ")" codeblock "else" codeblock

    "function"  schiebe und gehe zu Zustand 47 über
    "nil"       schiebe und gehe zu Zustand 11 über
    "true"      schiebe und gehe zu Zustand 12 über
    "false"     schiebe und gehe zu Zustand 13 über
    "("         schiebe und gehe zu Zustand 16 über
    "["         schiebe und gehe zu Zustand 17 über
    "!"         schiebe und gehe zu Zustand 19 über
    NUMBER      schiebe und gehe zu Zustand 20 über
    IDENT       schiebe und gehe zu Zustand 49 über
    STRING      schiebe und gehe zu Zustand 22 über

    function  gehe zu Zustand 29 über
    exp01     gehe zu Zustand 103 über
    exp02     gehe zu Zustand 36 über
    exp03     gehe zu Zustand 37 über
    exp04     gehe zu Zustand 38 über
    exp05     gehe zu Zustand 39 über
    exp06     gehe zu Zustand 40 über
    exp07     gehe zu Zustand 41 über
    exp08     gehe zu Zustand 42 über
    exp09     gehe zu Zustand 43 über
    expp      gehe zu Zustand 44 über
    value     gehe zu Zustand 45 über
    array     gehe zu Zustand 46 über


Zustand 57

   39 while: "while" "(" . exp01 ")" codeblock

    "function"  schiebe und gehe zu Zustand 47 über
    "nil"       schiebe und gehe zu Zustand 11 über
    "true"      schiebe und gehe zu Zustand 12 über
    "false"     schiebe und gehe zu Zustand 13 über
    "("         schiebe und gehe zu Zustand 16 über
    "["         schiebe und gehe zu Zustand 17 über
    "!"         schiebe und gehe zu Zustand 19 über
    NUMBER      schiebe und gehe zu Zustand 20 über
    IDENT       schiebe und gehe zu Zustand 49 über
    STRING      schiebe und gehe zu Zustand 22 über

    function  gehe zu Zustand 29 über
    exp01     gehe zu Zustand 104 über
    exp02     gehe zu Zustand 36 über
    exp03     gehe zu Zustand 37 über
    exp04     gehe zu Zustand 38 über
    exp05     gehe zu Zustand 39 über
    exp06     gehe zu Zustand 40 über
    exp07     gehe zu Zustand 41 über
    exp08     gehe zu Zustand 42 über
    exp09     gehe zu Zustand 43 über
    expp      gehe zu Zustand 44 über
    value     gehe zu Zustand 45 über
    array     gehe zu Zustand 46 über


Zustand 58

   32 codeblock: "{" . "}"
   33          | "{" . statements "}"

    error       schiebe und gehe zu Zustand 1 über
    "return"    schiebe und gehe zu Zustand 2 über
    "throw"     schiebe und gehe zu Zustand 3 über
    "let"       schiebe und gehe zu Zustand 4 über
    "function"  schiebe und gehe zu Zustand 5 über
    "if"        schiebe und gehe zu Zustand 6 über
    "while"     schiebe und gehe zu Zustand 7 über
    "do"        schiebe und gehe zu Zustand 8 über
    "try"       schiebe und gehe zu Zustand 9 über
    "switch"    schiebe und gehe zu Zustand 10 über
    "nil"       schiebe und gehe zu Zustand 11 über
    "true"      schiebe und gehe zu Zustand 12 über
    "false"     schiebe und gehe zu Zustand 13 über
    "for"       schiebe und gehe zu Zustand 14 über
    "private"   schiebe und gehe zu Zustand 15 über
    "}"         schiebe und gehe zu Zustand 105 über
    "("         schiebe und gehe zu Zustand 16 über
    "["         schiebe und gehe zu Zustand 17 über
    ";"         schiebe und gehe zu Zustand 18 über
    "!"         schiebe und gehe zu Zustand 19 über
    NUMBER      schiebe und gehe zu Zustand 20 über
    IDENT       schiebe und gehe zu Zustand 21 über
    STRING      schiebe und gehe zu Zustand 22 über

    statements  gehe zu Zustand 106 über
    statement   gehe zu Zustand 25 über
    assignment  gehe zu Zustand 26 über
    vardecl     gehe zu Zustand 27 über
    funcdecl    gehe zu Zustand 28 über
    function    gehe zu Zustand 29 über
    if          gehe zu Zustand 30 über
    for         gehe zu Zustand 31 über
    while       gehe zu Zustand 32 über
    trycatch    gehe zu Zustand 33 über
    switch      gehe zu Zustand 34 über
    exp01       gehe zu Zustand 35 über
    exp02       gehe zu Zustand 36 über
    exp03       gehe zu Zustand 37 über
    exp04       gehe zu Zustand 38 über
    exp05       gehe zu Zustand 39 über
    exp06       gehe zu Zustand 40 über
    exp07       gehe zu Zustand 41 über
    exp08       gehe zu Zustand 42 über
    exp09       gehe zu Zustand 43 über
    expp        gehe zu Zustand 44 über
    value       gehe zu Zustand 45 über
    array       gehe zu Zustand 46 über


Zustand 59

   31 codeblock: statement . ";"

    ";"  schiebe und gehe zu Zustand 107 über


Zustand 60

   40 while: "do" codeblock . "while" "(" exp01 ")"

    "while"  schiebe und gehe zu Zustand 108 über


Zustand 61

   41 trycatch: "try" codeblock . "catch" "(" IDENT ")" codeblock

    "catch"  schiebe und gehe zu Zustand 109 über


Zustand 62

   42 switch: "switch" "(" . exp01 ")" "{" caselist "}"

    "function"  schiebe und gehe zu Zustand 47 über
    "nil"       schiebe und gehe zu Zustand 11 über
    "true"      schiebe und gehe zu Zustand 12 über
    "false"     schiebe und gehe zu Zustand 13 über
    "("         schiebe und gehe zu Zustand 16 über
    "["         schiebe und gehe zu Zustand 17 über
    "!"         schiebe und gehe zu Zustand 19 über
    NUMBER      schiebe und gehe zu Zustand 20 über
    IDENT       schiebe und gehe zu Zustand 49 über
    STRING      schiebe und gehe zu Zustand 22 über

    function  gehe zu Zustand 29 über
    exp01     gehe zu Zustand 110 über
    exp02     gehe zu Zustand 36 über
    exp03     gehe zu Zustand 37 über
    exp04     gehe zu Zustand 38 über
    exp05     gehe zu Zustand 39 über
    exp06     gehe zu Zustand 40 über
    exp07     gehe zu Zustand 41 über
    exp08     gehe zu Zustand 42 über
    exp09     gehe zu Zustand 43 über
    expp      gehe zu Zustand 44 über
    value     gehe zu Zustand 45 über
    array     gehe zu Zustand 46 über


Zustand 63

   38 for: "for" "(" . IDENT ":" IDENT ")" codeblock

    IDENT  schiebe und gehe zu Zustand 111 über


Zustand 64

   36 for: "for" IDENT . "from" NUMBER "to" NUMBER codeblock
   37    | "for" IDENT . "from" NUMBER "to" NUMBER "step" NUMBER codeblock

    "from"  schiebe und gehe zu Zustand 112 über


Zustand 65

   22 vardecl: "private" IDENT . "=" exp01
   23        | "private" IDENT . "be" exp01

    "be"  schiebe und gehe zu Zustand 113 über
    "="   schiebe und gehe zu Zustand 114 über


Zustand 66

   76 expp: "(" exp01 . ")"

    ")"  schiebe und gehe zu Zustand 115 über


Zustand 67

   87 array: "[" "]" .

    $default  reduziere mit Regel 87 (array)


Zustand 68

   89 explist: exp01 .
   90        | exp01 . ","

    ","  schiebe und gehe zu Zustand 116 über

    ","       [reduziere mit Regel 89 (explist)]
    $default  reduziere mit Regel 89 (explist)


Zustand 69

   88 array: "[" explist . "]"
   91 explist: explist . "," exp01

    "]"  schiebe und gehe zu Zustand 117 über
    ","  schiebe und gehe zu Zustand 118 über


Zustand 70

   73 exp08: "!" exp09 .

    $default  reduziere mit Regel 73 (exp08)


Zustand 71

   77 expp: IDENT "(" . explist ")"

    "function"  schiebe und gehe zu Zustand 47 über
    "nil"       schiebe und gehe zu Zustand 11 über
    "true"      schiebe und gehe zu Zustand 12 über
    "false"     schiebe und gehe zu Zustand 13 über
    "("         schiebe und gehe zu Zustand 16 über
    "["         schiebe und gehe zu Zustand 17 über
    "!"         schiebe und gehe zu Zustand 19 über
    NUMBER      schiebe und gehe zu Zustand 20 über
    IDENT       schiebe und gehe zu Zustand 49 über
    STRING      schiebe und gehe zu Zustand 22 über

    function  gehe zu Zustand 29 über
    exp01     gehe zu Zustand 68 über
    exp02     gehe zu Zustand 36 über
    exp03     gehe zu Zustand 37 über
    exp04     gehe zu Zustand 38 über
    exp05     gehe zu Zustand 39 über
    exp06     gehe zu Zustand 40 über
    exp07     gehe zu Zustand 41 über
    exp08     gehe zu Zustand 42 über
    exp09     gehe zu Zustand 43 über
    expp      gehe zu Zustand 44 über
    value     gehe zu Zustand 45 über
    array     gehe zu Zustand 46 über
    explist   gehe zu Zustand 119 über


Zustand 72

   19 assignment: IDENT "=" . exp01

    "function"  schiebe und gehe zu Zustand 47 über
    "nil"       schiebe und gehe zu Zustand 11 über
    "true"      schiebe und gehe zu Zustand 12 über
    "false"     schiebe und gehe zu Zustand 13 über
    "("         schiebe und gehe zu Zustand 16 über
    "["         schiebe und gehe zu Zustand 17 über
    "!"         schiebe und gehe zu Zustand 19 über
    NUMBER      schiebe und gehe zu Zustand 20 über
    IDENT       schiebe und gehe zu Zustand 49 über
    STRING      schiebe und gehe zu Zustand 22 über

    function  gehe zu Zustand 29 über
    exp01     gehe zu Zustand 120 über
    exp02     gehe zu Zustand 36 über
    exp03     gehe zu Zustand 37 über
    exp04     gehe zu Zustand 38 über
    exp05     gehe zu Zustand 39 über
    exp06     gehe zu Zustand 40 über
    exp07     gehe zu Zustand 41 über
    exp08     gehe zu Zustand 42 über
    exp09     gehe zu Zustand 43 über
    expp      gehe zu Zustand 44 über
    value     gehe zu Zustand 45 über
    array     gehe zu Zustand 46 über


Zustand 73

    0 $accept: start $end .

    $default  annehmen


Zustand 74

    4 statements: statement statements .

    $default  reduziere mit Regel 4 (statements)


Zustand 75

    8 statement: vardecl ";" .

    $default  reduziere mit Regel 8 (statement)


Zustand 76

   16 statement: exp01 ";" .

    $default  reduziere mit Regel 16 (statement)


Zustand 77

   50 exp01: exp02 "?" . exp01 ":" exp01

    "function"  schiebe und gehe zu Zustand 47 über
    "nil"       schiebe und gehe zu Zustand 11 über
    "true"      schiebe und gehe zu Zustand 12 über
    "false"     schiebe und gehe zu Zustand 13 über
    "("         schiebe und gehe zu Zustand 16 über
    "["         schiebe und gehe zu Zustand 17 über
    "!"         schiebe und gehe zu Zustand 19 über
    NUMBER      schiebe und gehe zu Zustand 20 über
    IDENT       schiebe und gehe zu Zustand 49 über
    STRING      schiebe und gehe zu Zustand 22 über

    function  gehe zu Zustand 29 über
    exp01     gehe zu Zustand 121 über
    exp02     gehe zu Zustand 36 über
    exp03     gehe zu Zustand 37 über
    exp04     gehe zu Zustand 38 über
    exp05     gehe zu Zustand 39 über
    exp06     gehe zu Zustand 40 über
    exp07     gehe zu Zustand 41 über
    exp08     gehe zu Zustand 42 über
    exp09     gehe zu Zustand 43 über
    expp      gehe zu Zustand 44 über
    value     gehe zu Zustand 45 über
    array     gehe zu Zustand 46 über


Zustand 78

   52 exp02: exp03 "||" . exp01

    "function"  schiebe und gehe zu Zustand 47 über
    "nil"       schiebe und gehe zu Zustand 11 über
    "true"      schiebe und gehe zu Zustand 12 über
    "false"     schiebe und gehe zu Zustand 13 über
    "("         schiebe und gehe zu Zustand 16 über
    "["         schiebe und gehe zu Zustand 17 über
    "!"         schiebe und gehe zu Zustand 19 über
    NUMBER      schiebe und gehe zu Zustand 20 über
    IDENT       schiebe und gehe zu Zustand 49 über
    STRING      schiebe und gehe zu Zustand 22 über

    function  gehe zu Zustand 29 über
    exp01     gehe zu Zustand 122 über
    exp02     gehe zu Zustand 36 über
    exp03     gehe zu Zustand 37 über
    exp04     gehe zu Zustand 38 über
    exp05     gehe zu Zustand 39 über
    exp06     gehe zu Zustand 40 über
    exp07     gehe zu Zustand 41 über
    exp08     gehe zu Zustand 42 über
    exp09     gehe zu Zustand 43 über
    expp      gehe zu Zustand 44 über
    value     gehe zu Zustand 45 über
    array     gehe zu Zustand 46 über


Zustand 79

   54 exp03: exp04 "&&" . exp01

    "function"  schiebe und gehe zu Zustand 47 über
    "nil"       schiebe und gehe zu Zustand 11 über
    "true"      schiebe und gehe zu Zustand 12 über
    "false"     schiebe und gehe zu Zustand 13 über
    "("         schiebe und gehe zu Zustand 16 über
    "["         schiebe und gehe zu Zustand 17 über
    "!"         schiebe und gehe zu Zustand 19 über
    NUMBER      schiebe und gehe zu Zustand 20 über
    IDENT       schiebe und gehe zu Zustand 49 über
    STRING      schiebe und gehe zu Zustand 22 über

    function  gehe zu Zustand 29 über
    exp01     gehe zu Zustand 123 über
    exp02     gehe zu Zustand 36 über
    exp03     gehe zu Zustand 37 über
    exp04     gehe zu Zustand 38 über
    exp05     gehe zu Zustand 39 über
    exp06     gehe zu Zustand 40 über
    exp07     gehe zu Zustand 41 über
    exp08     gehe zu Zustand 42 über
    exp09     gehe zu Zustand 43 über
    expp      gehe zu Zustand 44 über
    value     gehe zu Zustand 45 über
    array     gehe zu Zustand 46 über


Zustand 80

   56 exp04: exp05 "===" . exp01

    "function"  schiebe und gehe zu Zustand 47 über
    "nil"       schiebe und gehe zu Zustand 11 über
    "true"      schiebe und gehe zu Zustand 12 über
    "false"     schiebe und gehe zu Zustand 13 über
    "("         schiebe und gehe zu Zustand 16 über
    "["         schiebe und gehe zu Zustand 17 über
    "!"         schiebe und gehe zu Zustand 19 über
    NUMBER      schiebe und gehe zu Zustand 20 über
    IDENT       schiebe und gehe zu Zustand 49 über
    STRING      schiebe und gehe zu Zustand 22 über

    function  gehe zu Zustand 29 über
    exp01     gehe zu Zustand 124 über
    exp02     gehe zu Zustand 36 über
    exp03     gehe zu Zustand 37 über
    exp04     gehe zu Zustand 38 über
    exp05     gehe zu Zustand 39 über
    exp06     gehe zu Zustand 40 über
    exp07     gehe zu Zustand 41 über
    exp08     gehe zu Zustand 42 über
    exp09     gehe zu Zustand 43 über
    expp      gehe zu Zustand 44 über
    value     gehe zu Zustand 45 über
    array     gehe zu Zustand 46 über


Zustand 81

   58 exp04: exp05 "==" . exp01

    "function"  schiebe und gehe zu Zustand 47 über
    "nil"       schiebe und gehe zu Zustand 11 über
    "true"      schiebe und gehe zu Zustand 12 über
    "false"     schiebe und gehe zu Zustand 13 über
    "("         schiebe und gehe zu Zustand 16 über
    "["         schiebe und gehe zu Zustand 17 über
    "!"         schiebe und gehe zu Zustand 19 über
    NUMBER      schiebe und gehe zu Zustand 20 über
    IDENT       schiebe und gehe zu Zustand 49 über
    STRING      schiebe und gehe zu Zustand 22 über

    function  gehe zu Zustand 29 über
    exp01     gehe zu Zustand 125 über
    exp02     gehe zu Zustand 36 über
    exp03     gehe zu Zustand 37 über
    exp04     gehe zu Zustand 38 über
    exp05     gehe zu Zustand 39 über
    exp06     gehe zu Zustand 40 über
    exp07     gehe zu Zustand 41 über
    exp08     gehe zu Zustand 42 über
    exp09     gehe zu Zustand 43 über
    expp      gehe zu Zustand 44 über
    value     gehe zu Zustand 45 über
    array     gehe zu Zustand 46 über


Zustand 82

   57 exp04: exp05 "!==" . exp01

    "function"  schiebe und gehe zu Zustand 47 über
    "nil"       schiebe und gehe zu Zustand 11 über
    "true"      schiebe und gehe zu Zustand 12 über
    "false"     schiebe und gehe zu Zustand 13 über
    "("         schiebe und gehe zu Zustand 16 über
    "["         schiebe und gehe zu Zustand 17 über
    "!"         schiebe und gehe zu Zustand 19 über
    NUMBER      schiebe und gehe zu Zustand 20 über
    IDENT       schiebe und gehe zu Zustand 49 über
    STRING      schiebe und gehe zu Zustand 22 über

    function  gehe zu Zustand 29 über
    exp01     gehe zu Zustand 126 über
    exp02     gehe zu Zustand 36 über
    exp03     gehe zu Zustand 37 über
    exp04     gehe zu Zustand 38 über
    exp05     gehe zu Zustand 39 über
    exp06     gehe zu Zustand 40 über
    exp07     gehe zu Zustand 41 über
    exp08     gehe zu Zustand 42 über
    exp09     gehe zu Zustand 43 über
    expp      gehe zu Zustand 44 über
    value     gehe zu Zustand 45 über
    array     gehe zu Zustand 46 über


Zustand 83

   59 exp04: exp05 "!=" . exp01

    "function"  schiebe und gehe zu Zustand 47 über
    "nil"       schiebe und gehe zu Zustand 11 über
    "true"      schiebe und gehe zu Zustand 12 über
    "false"     schiebe und gehe zu Zustand 13 über
    "("         schiebe und gehe zu Zustand 16 über
    "["         schiebe und gehe zu Zustand 17 über
    "!"         schiebe und gehe zu Zustand 19 über
    NUMBER      schiebe und gehe zu Zustand 20 über
    IDENT       schiebe und gehe zu Zustand 49 über
    STRING      schiebe und gehe zu Zustand 22 über

    function  gehe zu Zustand 29 über
    exp01     gehe zu Zustand 127 über
    exp02     gehe zu Zustand 36 über
    exp03     gehe zu Zustand 37 über
    exp04     gehe zu Zustand 38 über
    exp05     gehe zu Zustand 39 über
    exp06     gehe zu Zustand 40 über
    exp07     gehe zu Zustand 41 über
    exp08     gehe zu Zustand 42 über
    exp09     gehe zu Zustand 43 über
    expp      gehe zu Zustand 44 über
    value     gehe zu Zustand 45 über
    array     gehe zu Zustand 46 über


Zustand 84

   62 exp05: exp06 "<=" . exp01

    "function"  schiebe und gehe zu Zustand 47 über
    "nil"       schiebe und gehe zu Zustand 11 über
    "true"      schiebe und gehe zu Zustand 12 über
    "false"     schiebe und gehe zu Zustand 13 über
    "("         schiebe und gehe zu Zustand 16 über
    "["         schiebe und gehe zu Zustand 17 über
    "!"         schiebe und gehe zu Zustand 19 über
    NUMBER      schiebe und gehe zu Zustand 20 über
    IDENT       schiebe und gehe zu Zustand 49 über
    STRING      schiebe und gehe zu Zustand 22 über

    function  gehe zu Zustand 29 über
    exp01     gehe zu Zustand 128 über
    exp02     gehe zu Zustand 36 über
    exp03     gehe zu Zustand 37 über
    exp04     gehe zu Zustand 38 über
    exp05     gehe zu Zustand 39 über
    exp06     gehe zu Zustand 40 über
    exp07     gehe zu Zustand 41 über
    exp08     gehe zu Zustand 42 über
    exp09     gehe zu Zustand 43 über
    expp      gehe zu Zustand 44 über
    value     gehe zu Zustand 45 über
    array     gehe zu Zustand 46 über


Zustand 85

   61 exp05: exp06 "<" . exp01

    "function"  schiebe und gehe zu Zustand 47 über
    "nil"       schiebe und gehe zu Zustand 11 über
    "true"      schiebe und gehe zu Zustand 12 über
    "false"     schiebe und gehe zu Zustand 13 über
    "("         schiebe und gehe zu Zustand 16 über
    "["         schiebe und gehe zu Zustand 17 über
    "!"         schiebe und gehe zu Zustand 19 über
    NUMBER      schiebe und gehe zu Zustand 20 über
    IDENT       schiebe und gehe zu Zustand 49 über
    STRING      schiebe und gehe zu Zustand 22 über

    function  gehe zu Zustand 29 über
    exp01     gehe zu Zustand 129 über
    exp02     gehe zu Zustand 36 über
    exp03     gehe zu Zustand 37 über
    exp04     gehe zu Zustand 38 über
    exp05     gehe zu Zustand 39 über
    exp06     gehe zu Zustand 40 über
    exp07     gehe zu Zustand 41 über
    exp08     gehe zu Zustand 42 über
    exp09     gehe zu Zustand 43 über
    expp      gehe zu Zustand 44 über
    value     gehe zu Zustand 45 über
    array     gehe zu Zustand 46 über


Zustand 86

   64 exp05: exp06 ">=" . exp01

    "function"  schiebe und gehe zu Zustand 47 über
    "nil"       schiebe und gehe zu Zustand 11 über
    "true"      schiebe und gehe zu Zustand 12 über
    "false"     schiebe und gehe zu Zustand 13 über
    "("         schiebe und gehe zu Zustand 16 über
    "["         schiebe und gehe zu Zustand 17 über
    "!"         schiebe und gehe zu Zustand 19 über
    NUMBER      schiebe und gehe zu Zustand 20 über
    IDENT       schiebe und gehe zu Zustand 49 über
    STRING      schiebe und gehe zu Zustand 22 über

    function  gehe zu Zustand 29 über
    exp01     gehe zu Zustand 130 über
    exp02     gehe zu Zustand 36 über
    exp03     gehe zu Zustand 37 über
    exp04     gehe zu Zustand 38 über
    exp05     gehe zu Zustand 39 über
    exp06     gehe zu Zustand 40 über
    exp07     gehe zu Zustand 41 über
    exp08     gehe zu Zustand 42 über
    exp09     gehe zu Zustand 43 über
    expp      gehe zu Zustand 44 über
    value     gehe zu Zustand 45 über
    array     gehe zu Zustand 46 über


Zustand 87

   63 exp05: exp06 ">" . exp01

    "function"  schiebe und gehe zu Zustand 47 über
    "nil"       schiebe und gehe zu Zustand 11 über
    "true"      schiebe und gehe zu Zustand 12 über
    "false"     schiebe und gehe zu Zustand 13 über
    "("         schiebe und gehe zu Zustand 16 über
    "["         schiebe und gehe zu Zustand 17 über
    "!"         schiebe und gehe zu Zustand 19 über
    NUMBER      schiebe und gehe zu Zustand 20 über
    IDENT       schiebe und gehe zu Zustand 49 über
    STRING      schiebe und gehe zu Zustand 22 über

    function  gehe zu Zustand 29 über
    exp01     gehe zu Zustand 131 über
    exp02     gehe zu Zustand 36 über
    exp03     gehe zu Zustand 37 über
    exp04     gehe zu Zustand 38 über
    exp05     gehe zu Zustand 39 über
    exp06     gehe zu Zustand 40 über
    exp07     gehe zu Zustand 41 über
    exp08     gehe zu Zustand 42 über
    exp09     gehe zu Zustand 43 über
    expp      gehe zu Zustand 44 über
    value     gehe zu Zustand 45 über
    array     gehe zu Zustand 46 über


Zustand 88

   66 exp06: exp07 "+" . exp01

    "function"  schiebe und gehe zu Zustand 47 über
    "nil"       schiebe und gehe zu Zustand 11 über
    "true"      schiebe und gehe zu Zustand 12 über
    "false"     schiebe und gehe zu Zustand 13 über
    "("         schiebe und gehe zu Zustand 16 über
    "["         schiebe und gehe zu Zustand 17 über
    "!"         schiebe und gehe zu Zustand 19 über
    NUMBER      schiebe und gehe zu Zustand 20 über
    IDENT       schiebe und gehe zu Zustand 49 über
    STRING      schiebe und gehe zu Zustand 22 über

    function  gehe zu Zustand 29 über
    exp01     gehe zu Zustand 132 über
    exp02     gehe zu Zustand 36 über
    exp03     gehe zu Zustand 37 über
    exp04     gehe zu Zustand 38 über
    exp05     gehe zu Zustand 39 über
    exp06     gehe zu Zustand 40 über
    exp07     gehe zu Zustand 41 über
    exp08     gehe zu Zustand 42 über
    exp09     gehe zu Zustand 43 über
    expp      gehe zu Zustand 44 über
    value     gehe zu Zustand 45 über
    array     gehe zu Zustand 46 über


Zustand 89

   67 exp06: exp07 "-" . exp01

    "function"  schiebe und gehe zu Zustand 47 über
    "nil"       schiebe und gehe zu Zustand 11 über
    "true"      schiebe und gehe zu Zustand 12 über
    "false"     schiebe und gehe zu Zustand 13 über
    "("         schiebe und gehe zu Zustand 16 über
    "["         schiebe und gehe zu Zustand 17 über
    "!"         schiebe und gehe zu Zustand 19 über
    NUMBER      schiebe und gehe zu Zustand 20 über
    IDENT       schiebe und gehe zu Zustand 49 über
    STRING      schiebe und gehe zu Zustand 22 über

    function  gehe zu Zustand 29 über
    exp01     gehe zu Zustand 133 über
    exp02     gehe zu Zustand 36 über
    exp03     gehe zu Zustand 37 über
    exp04     gehe zu Zustand 38 über
    exp05     gehe zu Zustand 39 über
    exp06     gehe zu Zustand 40 über
    exp07     gehe zu Zustand 41 über
    exp08     gehe zu Zustand 42 über
    exp09     gehe zu Zustand 43 über
    expp      gehe zu Zustand 44 über
    value     gehe zu Zustand 45 über
    array     gehe zu Zustand 46 über


Zustand 90

   70 exp07: exp08 "/" . exp01

    "function"  schiebe und gehe zu Zustand 47 über
    "nil"       schiebe und gehe zu Zustand 11 über
    "true"      schiebe und gehe zu Zustand 12 über
    "false"     schiebe und gehe zu Zustand 13 über
    "("         schiebe und gehe zu Zustand 16 über
    "["         schiebe und gehe zu Zustand 17 über
    "!"         schiebe und gehe zu Zustand 19 über
    NUMBER      schiebe und gehe zu Zustand 20 über
    IDENT       schiebe und gehe zu Zustand 49 über
    STRING      schiebe und gehe zu Zustand 22 über

    function  gehe zu Zustand 29 über
    exp01     gehe zu Zustand 134 über
    exp02     gehe zu Zustand 36 über
    exp03     gehe zu Zustand 37 über
    exp04     gehe zu Zustand 38 über
    exp05     gehe zu Zustand 39 über
    exp06     gehe zu Zustand 40 über
    exp07     gehe zu Zustand 41 über
    exp08     gehe zu Zustand 42 über
    exp09     gehe zu Zustand 43 über
    expp      gehe zu Zustand 44 über
    value     gehe zu Zustand 45 über
    array     gehe zu Zustand 46 über


Zustand 91

   69 exp07: exp08 "*" . exp01

    "function"  schiebe und gehe zu Zustand 47 über
    "nil"       schiebe und gehe zu Zustand 11 über
    "true"      schiebe und gehe zu Zustand 12 über
    "false"     schiebe und gehe zu Zustand 13 über
    "("         schiebe und gehe zu Zustand 16 über
    "["         schiebe und gehe zu Zustand 17 über
    "!"         schiebe und gehe zu Zustand 19 über
    NUMBER      schiebe und gehe zu Zustand 20 über
    IDENT       schiebe und gehe zu Zustand 49 über
    STRING      schiebe und gehe zu Zustand 22 über

    function  gehe zu Zustand 29 über
    exp01     gehe zu Zustand 135 über
    exp02     gehe zu Zustand 36 über
    exp03     gehe zu Zustand 37 über
    exp04     gehe zu Zustand 38 über
    exp05     gehe zu Zustand 39 über
    exp06     gehe zu Zustand 40 über
    exp07     gehe zu Zustand 41 über
    exp08     gehe zu Zustand 42 über
    exp09     gehe zu Zustand 43 über
    expp      gehe zu Zustand 44 über
    value     gehe zu Zustand 45 über
    array     gehe zu Zustand 46 über


Zustand 92

   71 exp07: exp08 "%" . exp01

    "function"  schiebe und gehe zu Zustand 47 über
    "nil"       schiebe und gehe zu Zustand 11 über
    "true"      schiebe und gehe zu Zustand 12 über
    "false"     schiebe und gehe zu Zustand 13 über
    "("         schiebe und gehe zu Zustand 16 über
    "["         schiebe und gehe zu Zustand 17 über
    "!"         schiebe und gehe zu Zustand 19 über
    NUMBER      schiebe und gehe zu Zustand 20 über
    IDENT       schiebe und gehe zu Zustand 49 über
    STRING      schiebe und gehe zu Zustand 22 über

    function  gehe zu Zustand 29 über
    exp01     gehe zu Zustand 136 über
    exp02     gehe zu Zustand 36 über
    exp03     gehe zu Zustand 37 über
    exp04     gehe zu Zustand 38 über
    exp05     gehe zu Zustand 39 über
    exp06     gehe zu Zustand 40 über
    exp07     gehe zu Zustand 41 über
    exp08     gehe zu Zustand 42 über
    exp09     gehe zu Zustand 43 über
    expp      gehe zu Zustand 44 über
    value     gehe zu Zustand 45 über
    array     gehe zu Zustand 46 über


Zustand 93

   75 exp09: expp "." . IDENT "(" explist ")"

    IDENT  schiebe und gehe zu Zustand 137 über


Zustand 94

    5 statement: "return" exp01 ";" .

    $default  reduziere mit Regel 5 (statement)


Zustand 95

    7 statement: "throw" exp01 ";" .

    $default  reduziere mit Regel 7 (statement)


Zustand 96

   21 vardecl: "let" IDENT "be" . exp01

    "function"  schiebe und gehe zu Zustand 47 über
    "nil"       schiebe und gehe zu Zustand 11 über
    "true"      schiebe und gehe zu Zustand 12 über
    "false"     schiebe und gehe zu Zustand 13 über
    "("         schiebe und gehe zu Zustand 16 über
    "["         schiebe und gehe zu Zustand 17 über
    "!"         schiebe und gehe zu Zustand 19 über
    NUMBER      schiebe und gehe zu Zustand 20 über
    IDENT       schiebe und gehe zu Zustand 49 über
    STRING      schiebe und gehe zu Zustand 22 über

    function  gehe zu Zustand 29 über
    exp01     gehe zu Zustand 138 über
    exp02     gehe zu Zustand 36 über
    exp03     gehe zu Zustand 37 über
    exp04     gehe zu Zustand 38 über
    exp05     gehe zu Zustand 39 über
    exp06     gehe zu Zustand 40 über
    exp07     gehe zu Zustand 41 über
    exp08     gehe zu Zustand 42 über
    exp09     gehe zu Zustand 43 über
    expp      gehe zu Zustand 44 über
    value     gehe zu Zustand 45 über
    array     gehe zu Zustand 46 über


Zustand 97

   20 vardecl: "let" IDENT "=" . exp01

    "function"  schiebe und gehe zu Zustand 47 über
    "nil"       schiebe und gehe zu Zustand 11 über
    "true"      schiebe und gehe zu Zustand 12 über
    "false"     schiebe und gehe zu Zustand 13 über
    "("         schiebe und gehe zu Zustand 16 über
    "["         schiebe und gehe zu Zustand 17 über
    "!"         schiebe und gehe zu Zustand 19 über
    NUMBER      schiebe und gehe zu Zustand 20 über
    IDENT       schiebe und gehe zu Zustand 49 über
    STRING      schiebe und gehe zu Zustand 22 über

    function  gehe zu Zustand 29 über
    exp01     gehe zu Zustand 139 über
    exp02     gehe zu Zustand 36 über
    exp03     gehe zu Zustand 37 über
    exp04     gehe zu Zustand 38 über
    exp05     gehe zu Zustand 39 über
    exp06     gehe zu Zustand 40 über
    exp07     gehe zu Zustand 41 über
    exp08     gehe zu Zustand 42 über
    exp09     gehe zu Zustand 43 über
    expp      gehe zu Zustand 44 über
    value     gehe zu Zustand 45 über
    array     gehe zu Zustand 46 über


Zustand 98

   26 funchead: "(" ")" .

    $default  reduziere mit Regel 26 (funchead)


Zustand 99

   28 arglist: IDENT .
   29        | IDENT . ","
   30        | IDENT . "," arglist

    ","  schiebe und gehe zu Zustand 140 über

    $default  reduziere mit Regel 28 (arglist)


Zustand 100

   27 funchead: "(" arglist . ")"

    ")"  schiebe und gehe zu Zustand 141 über


Zustand 101

   24 funcdecl: "function" IDENT funchead . codeblock

    error       schiebe und gehe zu Zustand 1 über
    "return"    schiebe und gehe zu Zustand 2 über
    "throw"     schiebe und gehe zu Zustand 3 über
    "let"       schiebe und gehe zu Zustand 4 über
    "function"  schiebe und gehe zu Zustand 5 über
    "if"        schiebe und gehe zu Zustand 6 über
    "while"     schiebe und gehe zu Zustand 7 über
    "do"        schiebe und gehe zu Zustand 8 über
    "try"       schiebe und gehe zu Zustand 9 über
    "switch"    schiebe und gehe zu Zustand 10 über
    "nil"       schiebe und gehe zu Zustand 11 über
    "true"      schiebe und gehe zu Zustand 12 über
    "false"     schiebe und gehe zu Zustand 13 über
    "for"       schiebe und gehe zu Zustand 14 über
    "private"   schiebe und gehe zu Zustand 15 über
    "{"         schiebe und gehe zu Zustand 58 über
    "("         schiebe und gehe zu Zustand 16 über
    "["         schiebe und gehe zu Zustand 17 über
    ";"         schiebe und gehe zu Zustand 18 über
    "!"         schiebe und gehe zu Zustand 19 über
    NUMBER      schiebe und gehe zu Zustand 20 über
    IDENT       schiebe und gehe zu Zustand 21 über
    STRING      schiebe und gehe zu Zustand 22 über

    statement   gehe zu Zustand 59 über
    assignment  gehe zu Zustand 26 über
    vardecl     gehe zu Zustand 27 über
    funcdecl    gehe zu Zustand 28 über
    function    gehe zu Zustand 29 über
    codeblock   gehe zu Zustand 142 über
    if          gehe zu Zustand 30 über
    for         gehe zu Zustand 31 über
    while       gehe zu Zustand 32 über
    trycatch    gehe zu Zustand 33 über
    switch      gehe zu Zustand 34 über
    exp01       gehe zu Zustand 35 über
    exp02       gehe zu Zustand 36 über
    exp03       gehe zu Zustand 37 über
    exp04       gehe zu Zustand 38 über
    exp05       gehe zu Zustand 39 über
    exp06       gehe zu Zustand 40 über
    exp07       gehe zu Zustand 41 über
    exp08       gehe zu Zustand 42 über
    exp09       gehe zu Zustand 43 über
    expp        gehe zu Zustand 44 über
    value       gehe zu Zustand 45 über
    array       gehe zu Zustand 46 über


Zustand 102

   25 function: "function" funchead codeblock .

    $default  reduziere mit Regel 25 (function)


Zustand 103

   34 if: "if" "(" exp01 . ")" codeblock
   35   | "if" "(" exp01 . ")" codeblock "else" codeblock

    ")"  schiebe und gehe zu Zustand 143 über


Zustand 104

   39 while: "while" "(" exp01 . ")" codeblock

    ")"  schiebe und gehe zu Zustand 144 über


Zustand 105

   32 codeblock: "{" "}" .

    $default  reduziere mit Regel 32 (codeblock)


Zustand 106

   33 codeblock: "{" statements . "}"

    "}"  schiebe und gehe zu Zustand 145 über


Zustand 107

   31 codeblock: statement ";" .

    $default  reduziere mit Regel 31 (codeblock)


Zustand 108

   40 while: "do" codeblock "while" . "(" exp01 ")"

    "("  schiebe und gehe zu Zustand 146 über


Zustand 109

   41 trycatch: "try" codeblock "catch" . "(" IDENT ")" codeblock

    "("  schiebe und gehe zu Zustand 147 über


Zustand 110

   42 switch: "switch" "(" exp01 . ")" "{" caselist "}"

    ")"  schiebe und gehe zu Zustand 148 über


Zustand 111

   38 for: "for" "(" IDENT . ":" IDENT ")" codeblock

    ":"  schiebe und gehe zu Zustand 149 über


Zustand 112

   36 for: "for" IDENT "from" . NUMBER "to" NUMBER codeblock
   37    | "for" IDENT "from" . NUMBER "to" NUMBER "step" NUMBER codeblock

    NUMBER  schiebe und gehe zu Zustand 150 über


Zustand 113

   23 vardecl: "private" IDENT "be" . exp01

    "function"  schiebe und gehe zu Zustand 47 über
    "nil"       schiebe und gehe zu Zustand 11 über
    "true"      schiebe und gehe zu Zustand 12 über
    "false"     schiebe und gehe zu Zustand 13 über
    "("         schiebe und gehe zu Zustand 16 über
    "["         schiebe und gehe zu Zustand 17 über
    "!"         schiebe und gehe zu Zustand 19 über
    NUMBER      schiebe und gehe zu Zustand 20 über
    IDENT       schiebe und gehe zu Zustand 49 über
    STRING      schiebe und gehe zu Zustand 22 über

    function  gehe zu Zustand 29 über
    exp01     gehe zu Zustand 151 über
    exp02     gehe zu Zustand 36 über
    exp03     gehe zu Zustand 37 über
    exp04     gehe zu Zustand 38 über
    exp05     gehe zu Zustand 39 über
    exp06     gehe zu Zustand 40 über
    exp07     gehe zu Zustand 41 über
    exp08     gehe zu Zustand 42 über
    exp09     gehe zu Zustand 43 über
    expp      gehe zu Zustand 44 über
    value     gehe zu Zustand 45 über
    array     gehe zu Zustand 46 über


Zustand 114

   22 vardecl: "private" IDENT "=" . exp01

    "function"  schiebe und gehe zu Zustand 47 über
    "nil"       schiebe und gehe zu Zustand 11 über
    "true"      schiebe und gehe zu Zustand 12 über
    "false"     schiebe und gehe zu Zustand 13 über
    "("         schiebe und gehe zu Zustand 16 über
    "["         schiebe und gehe zu Zustand 17 über
    "!"         schiebe und gehe zu Zustand 19 über
    NUMBER      schiebe und gehe zu Zustand 20 über
    IDENT       schiebe und gehe zu Zustand 49 über
    STRING      schiebe und gehe zu Zustand 22 über

    function  gehe zu Zustand 29 über
    exp01     gehe zu Zustand 152 über
    exp02     gehe zu Zustand 36 über
    exp03     gehe zu Zustand 37 über
    exp04     gehe zu Zustand 38 über
    exp05     gehe zu Zustand 39 über
    exp06     gehe zu Zustand 40 über
    exp07     gehe zu Zustand 41 über
    exp08     gehe zu Zustand 42 über
    exp09     gehe zu Zustand 43 über
    expp      gehe zu Zustand 44 über
    value     gehe zu Zustand 45 über
    array     gehe zu Zustand 46 über


Zustand 115

   76 expp: "(" exp01 ")" .

    $default  reduziere mit Regel 76 (expp)


Zustand 116

   90 explist: exp01 "," .

    $default  reduziere mit Regel 90 (explist)


Zustand 117

   88 array: "[" explist "]" .

    $default  reduziere mit Regel 88 (array)


Zustand 118

   91 explist: explist "," . exp01

    "function"  schiebe und gehe zu Zustand 47 über
    "nil"       schiebe und gehe zu Zustand 11 über
    "true"      schiebe und gehe zu Zustand 12 über
    "false"     schiebe und gehe zu Zustand 13 über
    "("         schiebe und gehe zu Zustand 16 über
    "["         schiebe und gehe zu Zustand 17 über
    "!"         schiebe und gehe zu Zustand 19 über
    NUMBER      schiebe und gehe zu Zustand 20 über
    IDENT       schiebe und gehe zu Zustand 49 über
    STRING      schiebe und gehe zu Zustand 22 über

    function  gehe zu Zustand 29 über
    exp01     gehe zu Zustand 153 über
    exp02     gehe zu Zustand 36 über
    exp03     gehe zu Zustand 37 über
    exp04     gehe zu Zustand 38 über
    exp05     gehe zu Zustand 39 über
    exp06     gehe zu Zustand 40 über
    exp07     gehe zu Zustand 41 über
    exp08     gehe zu Zustand 42 über
    exp09     gehe zu Zustand 43 über
    expp      gehe zu Zustand 44 über
    value     gehe zu Zustand 45 über
    array     gehe zu Zustand 46 über


Zustand 119

   77 expp: IDENT "(" explist . ")"
   91 explist: explist . "," exp01

    ")"  schiebe und gehe zu Zustand 154 über
    ","  schiebe und gehe zu Zustand 118 über


Zustand 120

   19 assignment: IDENT "=" exp01 .

    $default  reduziere mit Regel 19 (assignment)


Zustand 121

   50 exp01: exp02 "?" exp01 . ":" exp01

    ":"  schiebe und gehe zu Zustand 155 über


Zustand 122

   52 exp02: exp03 "||" exp01 .

    $default  reduziere mit Regel 52 (exp02)


Zustand 123

   54 exp03: exp04 "&&" exp01 .

    $default  reduziere mit Regel 54 (exp03)


Zustand 124

   56 exp04: exp05 "===" exp01 .

    $default  reduziere mit Regel 56 (exp04)


Zustand 125

   58 exp04: exp05 "==" exp01 .

    $default  reduziere mit Regel 58 (exp04)


Zustand 126

   57 exp04: exp05 "!==" exp01 .

    $default  reduziere mit Regel 57 (exp04)


Zustand 127

   59 exp04: exp05 "!=" exp01 .

    $default  reduziere mit Regel 59 (exp04)


Zustand 128

   62 exp05: exp06 "<=" exp01 .

    $default  reduziere mit Regel 62 (exp05)


Zustand 129

   61 exp05: exp06 "<" exp01 .

    $default  reduziere mit Regel 61 (exp05)


Zustand 130

   64 exp05: exp06 ">=" exp01 .

    $default  reduziere mit Regel 64 (exp05)


Zustand 131

   63 exp05: exp06 ">" exp01 .

    $default  reduziere mit Regel 63 (exp05)


Zustand 132

   66 exp06: exp07 "+" exp01 .

    $default  reduziere mit Regel 66 (exp06)


Zustand 133

   67 exp06: exp07 "-" exp01 .

    $default  reduziere mit Regel 67 (exp06)


Zustand 134

   70 exp07: exp08 "/" exp01 .

    $default  reduziere mit Regel 70 (exp07)


Zustand 135

   69 exp07: exp08 "*" exp01 .

    $default  reduziere mit Regel 69 (exp07)


Zustand 136

   71 exp07: exp08 "%" exp01 .

    $default  reduziere mit Regel 71 (exp07)


Zustand 137

   75 exp09: expp "." IDENT . "(" explist ")"

    "("  schiebe und gehe zu Zustand 156 über


Zustand 138

   21 vardecl: "let" IDENT "be" exp01 .

    $default  reduziere mit Regel 21 (vardecl)


Zustand 139

   20 vardecl: "let" IDENT "=" exp01 .

    $default  reduziere mit Regel 20 (vardecl)


Zustand 140

   29 arglist: IDENT "," .
   30        | IDENT "," . arglist

    IDENT  schiebe und gehe zu Zustand 99 über

    $default  reduziere mit Regel 29 (arglist)

    arglist  gehe zu Zustand 157 über


Zustand 141

   27 funchead: "(" arglist ")" .

    $default  reduziere mit Regel 27 (funchead)


Zustand 142

   24 funcdecl: "function" IDENT funchead codeblock .

    $default  reduziere mit Regel 24 (funcdecl)


Zustand 143

   34 if: "if" "(" exp01 ")" . codeblock
   35   | "if" "(" exp01 ")" . codeblock "else" codeblock

    error       schiebe und gehe zu Zustand 1 über
    "return"    schiebe und gehe zu Zustand 2 über
    "throw"     schiebe und gehe zu Zustand 3 über
    "let"       schiebe und gehe zu Zustand 4 über
    "function"  schiebe und gehe zu Zustand 5 über
    "if"        schiebe und gehe zu Zustand 6 über
    "while"     schiebe und gehe zu Zustand 7 über
    "do"        schiebe und gehe zu Zustand 8 über
    "try"       schiebe und gehe zu Zustand 9 über
    "switch"    schiebe und gehe zu Zustand 10 über
    "nil"       schiebe und gehe zu Zustand 11 über
    "true"      schiebe und gehe zu Zustand 12 über
    "false"     schiebe und gehe zu Zustand 13 über
    "for"       schiebe und gehe zu Zustand 14 über
    "private"   schiebe und gehe zu Zustand 15 über
    "{"         schiebe und gehe zu Zustand 58 über
    "("         schiebe und gehe zu Zustand 16 über
    "["         schiebe und gehe zu Zustand 17 über
    ";"         schiebe und gehe zu Zustand 18 über
    "!"         schiebe und gehe zu Zustand 19 über
    NUMBER      schiebe und gehe zu Zustand 20 über
    IDENT       schiebe und gehe zu Zustand 21 über
    STRING      schiebe und gehe zu Zustand 22 über

    statement   gehe zu Zustand 59 über
    assignment  gehe zu Zustand 26 über
    vardecl     gehe zu Zustand 27 über
    funcdecl    gehe zu Zustand 28 über
    function    gehe zu Zustand 29 über
    codeblock   gehe zu Zustand 158 über
    if          gehe zu Zustand 30 über
    for         gehe zu Zustand 31 über
    while       gehe zu Zustand 32 über
    trycatch    gehe zu Zustand 33 über
    switch      gehe zu Zustand 34 über
    exp01       gehe zu Zustand 35 über
    exp02       gehe zu Zustand 36 über
    exp03       gehe zu Zustand 37 über
    exp04       gehe zu Zustand 38 über
    exp05       gehe zu Zustand 39 über
    exp06       gehe zu Zustand 40 über
    exp07       gehe zu Zustand 41 über
    exp08       gehe zu Zustand 42 über
    exp09       gehe zu Zustand 43 über
    expp        gehe zu Zustand 44 über
    value       gehe zu Zustand 45 über
    array       gehe zu Zustand 46 über


Zustand 144

   39 while: "while" "(" exp01 ")" . codeblock

    error       schiebe und gehe zu Zustand 1 über
    "return"    schiebe und gehe zu Zustand 2 über
    "throw"     schiebe und gehe zu Zustand 3 über
    "let"       schiebe und gehe zu Zustand 4 über
    "function"  schiebe und gehe zu Zustand 5 über
    "if"        schiebe und gehe zu Zustand 6 über
    "while"     schiebe und gehe zu Zustand 7 über
    "do"        schiebe und gehe zu Zustand 8 über
    "try"       schiebe und gehe zu Zustand 9 über
    "switch"    schiebe und gehe zu Zustand 10 über
    "nil"       schiebe und gehe zu Zustand 11 über
    "true"      schiebe und gehe zu Zustand 12 über
    "false"     schiebe und gehe zu Zustand 13 über
    "for"       schiebe und gehe zu Zustand 14 über
    "private"   schiebe und gehe zu Zustand 15 über
    "{"         schiebe und gehe zu Zustand 58 über
    "("         schiebe und gehe zu Zustand 16 über
    "["         schiebe und gehe zu Zustand 17 über
    ";"         schiebe und gehe zu Zustand 18 über
    "!"         schiebe und gehe zu Zustand 19 über
    NUMBER      schiebe und gehe zu Zustand 20 über
    IDENT       schiebe und gehe zu Zustand 21 über
    STRING      schiebe und gehe zu Zustand 22 über

    statement   gehe zu Zustand 59 über
    assignment  gehe zu Zustand 26 über
    vardecl     gehe zu Zustand 27 über
    funcdecl    gehe zu Zustand 28 über
    function    gehe zu Zustand 29 über
    codeblock   gehe zu Zustand 159 über
    if          gehe zu Zustand 30 über
    for         gehe zu Zustand 31 über
    while       gehe zu Zustand 32 über
    trycatch    gehe zu Zustand 33 über
    switch      gehe zu Zustand 34 über
    exp01       gehe zu Zustand 35 über
    exp02       gehe zu Zustand 36 über
    exp03       gehe zu Zustand 37 über
    exp04       gehe zu Zustand 38 über
    exp05       gehe zu Zustand 39 über
    exp06       gehe zu Zustand 40 über
    exp07       gehe zu Zustand 41 über
    exp08       gehe zu Zustand 42 über
    exp09       gehe zu Zustand 43 über
    expp        gehe zu Zustand 44 über
    value       gehe zu Zustand 45 über
    array       gehe zu Zustand 46 über


Zustand 145

   33 codeblock: "{" statements "}" .

    $default  reduziere mit Regel 33 (codeblock)


Zustand 146

   40 while: "do" codeblock "while" "(" . exp01 ")"

    "function"  schiebe und gehe zu Zustand 47 über
    "nil"       schiebe und gehe zu Zustand 11 über
    "true"      schiebe und gehe zu Zustand 12 über
    "false"     schiebe und gehe zu Zustand 13 über
    "("         schiebe und gehe zu Zustand 16 über
    "["         schiebe und gehe zu Zustand 17 über
    "!"         schiebe und gehe zu Zustand 19 über
    NUMBER      schiebe und gehe zu Zustand 20 über
    IDENT       schiebe und gehe zu Zustand 49 über
    STRING      schiebe und gehe zu Zustand 22 über

    function  gehe zu Zustand 29 über
    exp01     gehe zu Zustand 160 über
    exp02     gehe zu Zustand 36 über
    exp03     gehe zu Zustand 37 über
    exp04     gehe zu Zustand 38 über
    exp05     gehe zu Zustand 39 über
    exp06     gehe zu Zustand 40 über
    exp07     gehe zu Zustand 41 über
    exp08     gehe zu Zustand 42 über
    exp09     gehe zu Zustand 43 über
    expp      gehe zu Zustand 44 über
    value     gehe zu Zustand 45 über
    array     gehe zu Zustand 46 über


Zustand 147

   41 trycatch: "try" codeblock "catch" "(" . IDENT ")" codeblock

    IDENT  schiebe und gehe zu Zustand 161 über


Zustand 148

   42 switch: "switch" "(" exp01 ")" . "{" caselist "}"

    "{"  schiebe und gehe zu Zustand 162 über


Zustand 149

   38 for: "for" "(" IDENT ":" . IDENT ")" codeblock

    IDENT  schiebe und gehe zu Zustand 163 über


Zustand 150

   36 for: "for" IDENT "from" NUMBER . "to" NUMBER codeblock
   37    | "for" IDENT "from" NUMBER . "to" NUMBER "step" NUMBER codeblock

    "to"  schiebe und gehe zu Zustand 164 über


Zustand 151

   23 vardecl: "private" IDENT "be" exp01 .

    $default  reduziere mit Regel 23 (vardecl)


Zustand 152

   22 vardecl: "private" IDENT "=" exp01 .

    $default  reduziere mit Regel 22 (vardecl)


Zustand 153

   91 explist: explist "," exp01 .

    $default  reduziere mit Regel 91 (explist)


Zustand 154

   77 expp: IDENT "(" explist ")" .

    $default  reduziere mit Regel 77 (expp)


Zustand 155

   50 exp01: exp02 "?" exp01 ":" . exp01

    "function"  schiebe und gehe zu Zustand 47 über
    "nil"       schiebe und gehe zu Zustand 11 über
    "true"      schiebe und gehe zu Zustand 12 über
    "false"     schiebe und gehe zu Zustand 13 über
    "("         schiebe und gehe zu Zustand 16 über
    "["         schiebe und gehe zu Zustand 17 über
    "!"         schiebe und gehe zu Zustand 19 über
    NUMBER      schiebe und gehe zu Zustand 20 über
    IDENT       schiebe und gehe zu Zustand 49 über
    STRING      schiebe und gehe zu Zustand 22 über

    function  gehe zu Zustand 29 über
    exp01     gehe zu Zustand 165 über
    exp02     gehe zu Zustand 36 über
    exp03     gehe zu Zustand 37 über
    exp04     gehe zu Zustand 38 über
    exp05     gehe zu Zustand 39 über
    exp06     gehe zu Zustand 40 über
    exp07     gehe zu Zustand 41 über
    exp08     gehe zu Zustand 42 über
    exp09     gehe zu Zustand 43 über
    expp      gehe zu Zustand 44 über
    value     gehe zu Zustand 45 über
    array     gehe zu Zustand 46 über


Zustand 156

   75 exp09: expp "." IDENT "(" . explist ")"

    "function"  schiebe und gehe zu Zustand 47 über
    "nil"       schiebe und gehe zu Zustand 11 über
    "true"      schiebe und gehe zu Zustand 12 über
    "false"     schiebe und gehe zu Zustand 13 über
    "("         schiebe und gehe zu Zustand 16 über
    "["         schiebe und gehe zu Zustand 17 über
    "!"         schiebe und gehe zu Zustand 19 über
    NUMBER      schiebe und gehe zu Zustand 20 über
    IDENT       schiebe und gehe zu Zustand 49 über
    STRING      schiebe und gehe zu Zustand 22 über

    function  gehe zu Zustand 29 über
    exp01     gehe zu Zustand 68 über
    exp02     gehe zu Zustand 36 über
    exp03     gehe zu Zustand 37 über
    exp04     gehe zu Zustand 38 über
    exp05     gehe zu Zustand 39 über
    exp06     gehe zu Zustand 40 über
    exp07     gehe zu Zustand 41 über
    exp08     gehe zu Zustand 42 über
    exp09     gehe zu Zustand 43 über
    expp      gehe zu Zustand 44 über
    value     gehe zu Zustand 45 über
    array     gehe zu Zustand 46 über
    explist   gehe zu Zustand 166 über


Zustand 157

   30 arglist: IDENT "," arglist .

    $default  reduziere mit Regel 30 (arglist)


Zustand 158

   34 if: "if" "(" exp01 ")" codeblock .
   35   | "if" "(" exp01 ")" codeblock . "else" codeblock

    "else"  schiebe und gehe zu Zustand 167 über

    $default  reduziere mit Regel 34 (if)


Zustand 159

   39 while: "while" "(" exp01 ")" codeblock .

    $default  reduziere mit Regel 39 (while)


Zustand 160

   40 while: "do" codeblock "while" "(" exp01 . ")"

    ")"  schiebe und gehe zu Zustand 168 über


Zustand 161

   41 trycatch: "try" codeblock "catch" "(" IDENT . ")" codeblock

    ")"  schiebe und gehe zu Zustand 169 über


Zustand 162

   42 switch: "switch" "(" exp01 ")" "{" . caselist "}"

    "case"     schiebe und gehe zu Zustand 170 über
    "default"  schiebe und gehe zu Zustand 171 über

    caselist  gehe zu Zustand 172 über
    case      gehe zu Zustand 173 über


Zustand 163

   38 for: "for" "(" IDENT ":" IDENT . ")" codeblock

    ")"  schiebe und gehe zu Zustand 174 über


Zustand 164

   36 for: "for" IDENT "from" NUMBER "to" . NUMBER codeblock
   37    | "for" IDENT "from" NUMBER "to" . NUMBER "step" NUMBER codeblock

    NUMBER  schiebe und gehe zu Zustand 175 über


Zustand 165

   50 exp01: exp02 "?" exp01 ":" exp01 .

    $default  reduziere mit Regel 50 (exp01)


Zustand 166

   75 exp09: expp "." IDENT "(" explist . ")"
   91 explist: explist . "," exp01

    ")"  schiebe und gehe zu Zustand 176 über
    ","  schiebe und gehe zu Zustand 118 über


Zustand 167

   35 if: "if" "(" exp01 ")" codeblock "else" . codeblock

    error       schiebe und gehe zu Zustand 1 über
    "return"    schiebe und gehe zu Zustand 2 über
    "throw"     schiebe und gehe zu Zustand 3 über
    "let"       schiebe und gehe zu Zustand 4 über
    "function"  schiebe und gehe zu Zustand 5 über
    "if"        schiebe und gehe zu Zustand 6 über
    "while"     schiebe und gehe zu Zustand 7 über
    "do"        schiebe und gehe zu Zustand 8 über
    "try"       schiebe und gehe zu Zustand 9 über
    "switch"    schiebe und gehe zu Zustand 10 über
    "nil"       schiebe und gehe zu Zustand 11 über
    "true"      schiebe und gehe zu Zustand 12 über
    "false"     schiebe und gehe zu Zustand 13 über
    "for"       schiebe und gehe zu Zustand 14 über
    "private"   schiebe und gehe zu Zustand 15 über
    "{"         schiebe und gehe zu Zustand 58 über
    "("         schiebe und gehe zu Zustand 16 über
    "["         schiebe und gehe zu Zustand 17 über
    ";"         schiebe und gehe zu Zustand 18 über
    "!"         schiebe und gehe zu Zustand 19 über
    NUMBER      schiebe und gehe zu Zustand 20 über
    IDENT       schiebe und gehe zu Zustand 21 über
    STRING      schiebe und gehe zu Zustand 22 über

    statement   gehe zu Zustand 59 über
    assignment  gehe zu Zustand 26 über
    vardecl     gehe zu Zustand 27 über
    funcdecl    gehe zu Zustand 28 über
    function    gehe zu Zustand 29 über
    codeblock   gehe zu Zustand 177 über
    if          gehe zu Zustand 30 über
    for         gehe zu Zustand 31 über
    while       gehe zu Zustand 32 über
    trycatch    gehe zu Zustand 33 über
    switch      gehe zu Zustand 34 über
    exp01       gehe zu Zustand 35 über
    exp02       gehe zu Zustand 36 über
    exp03       gehe zu Zustand 37 über
    exp04       gehe zu Zustand 38 über
    exp05       gehe zu Zustand 39 über
    exp06       gehe zu Zustand 40 über
    exp07       gehe zu Zustand 41 über
    exp08       gehe zu Zustand 42 über
    exp09       gehe zu Zustand 43 über
    expp        gehe zu Zustand 44 über
    value       gehe zu Zustand 45 über
    array       gehe zu Zustand 46 über


Zustand 168

   40 while: "do" codeblock "while" "(" exp01 ")" .

    $default  reduziere mit Regel 40 (while)


Zustand 169

   41 trycatch: "try" codeblock "catch" "(" IDENT ")" . codeblock

    error       schiebe und gehe zu Zustand 1 über
    "return"    schiebe und gehe zu Zustand 2 über
    "throw"     schiebe und gehe zu Zustand 3 über
    "let"       schiebe und gehe zu Zustand 4 über
    "function"  schiebe und gehe zu Zustand 5 über
    "if"        schiebe und gehe zu Zustand 6 über
    "while"     schiebe und gehe zu Zustand 7 über
    "do"        schiebe und gehe zu Zustand 8 über
    "try"       schiebe und gehe zu Zustand 9 über
    "switch"    schiebe und gehe zu Zustand 10 über
    "nil"       schiebe und gehe zu Zustand 11 über
    "true"      schiebe und gehe zu Zustand 12 über
    "false"     schiebe und gehe zu Zustand 13 über
    "for"       schiebe und gehe zu Zustand 14 über
    "private"   schiebe und gehe zu Zustand 15 über
    "{"         schiebe und gehe zu Zustand 58 über
    "("         schiebe und gehe zu Zustand 16 über
    "["         schiebe und gehe zu Zustand 17 über
    ";"         schiebe und gehe zu Zustand 18 über
    "!"         schiebe und gehe zu Zustand 19 über
    NUMBER      schiebe und gehe zu Zustand 20 über
    IDENT       schiebe und gehe zu Zustand 21 über
    STRING      schiebe und gehe zu Zustand 22 über

    statement   gehe zu Zustand 59 über
    assignment  gehe zu Zustand 26 über
    vardecl     gehe zu Zustand 27 über
    funcdecl    gehe zu Zustand 28 über
    function    gehe zu Zustand 29 über
    codeblock   gehe zu Zustand 178 über
    if          gehe zu Zustand 30 über
    for         gehe zu Zustand 31 über
    while       gehe zu Zustand 32 über
    trycatch    gehe zu Zustand 33 über
    switch      gehe zu Zustand 34 über
    exp01       gehe zu Zustand 35 über
    exp02       gehe zu Zustand 36 über
    exp03       gehe zu Zustand 37 über
    exp04       gehe zu Zustand 38 über
    exp05       gehe zu Zustand 39 über
    exp06       gehe zu Zustand 40 über
    exp07       gehe zu Zustand 41 über
    exp08       gehe zu Zustand 42 über
    exp09       gehe zu Zustand 43 über
    expp        gehe zu Zustand 44 über
    value       gehe zu Zustand 45 über
    array       gehe zu Zustand 46 über


Zustand 170

   45 case: "case" . exp01 ":" codeblock
   46     | "case" . exp01 ":"

    "function"  schiebe und gehe zu Zustand 47 über
    "nil"       schiebe und gehe zu Zustand 11 über
    "true"      schiebe und gehe zu Zustand 12 über
    "false"     schiebe und gehe zu Zustand 13 über
    "("         schiebe und gehe zu Zustand 16 über
    "["         schiebe und gehe zu Zustand 17 über
    "!"         schiebe und gehe zu Zustand 19 über
    NUMBER      schiebe und gehe zu Zustand 20 über
    IDENT       schiebe und gehe zu Zustand 49 über
    STRING      schiebe und gehe zu Zustand 22 über

    function  gehe zu Zustand 29 über
    exp01     gehe zu Zustand 179 über
    exp02     gehe zu Zustand 36 über
    exp03     gehe zu Zustand 37 über
    exp04     gehe zu Zustand 38 über
    exp05     gehe zu Zustand 39 über
    exp06     gehe zu Zustand 40 über
    exp07     gehe zu Zustand 41 über
    exp08     gehe zu Zustand 42 über
    exp09     gehe zu Zustand 43 über
    expp      gehe zu Zustand 44 über
    value     gehe zu Zustand 45 über
    array     gehe zu Zustand 46 über


Zustand 171

   47 case: "default" . ":" codeblock
   48     | "default" . ":"

    ":"  schiebe und gehe zu Zustand 180 über


Zustand 172

   42 switch: "switch" "(" exp01 ")" "{" caselist . "}"
   44 caselist: caselist . case

    "case"     schiebe und gehe zu Zustand 170 über
    "default"  schiebe und gehe zu Zustand 171 über
    "}"        schiebe und gehe zu Zustand 181 über

    case  gehe zu Zustand 182 über


Zustand 173

   43 caselist: case .

    $default  reduziere mit Regel 43 (caselist)


Zustand 174

   38 for: "for" "(" IDENT ":" IDENT ")" . codeblock

    error       schiebe und gehe zu Zustand 1 über
    "return"    schiebe und gehe zu Zustand 2 über
    "throw"     schiebe und gehe zu Zustand 3 über
    "let"       schiebe und gehe zu Zustand 4 über
    "function"  schiebe und gehe zu Zustand 5 über
    "if"        schiebe und gehe zu Zustand 6 über
    "while"     schiebe und gehe zu Zustand 7 über
    "do"        schiebe und gehe zu Zustand 8 über
    "try"       schiebe und gehe zu Zustand 9 über
    "switch"    schiebe und gehe zu Zustand 10 über
    "nil"       schiebe und gehe zu Zustand 11 über
    "true"      schiebe und gehe zu Zustand 12 über
    "false"     schiebe und gehe zu Zustand 13 über
    "for"       schiebe und gehe zu Zustand 14 über
    "private"   schiebe und gehe zu Zustand 15 über
    "{"         schiebe und gehe zu Zustand 58 über
    "("         schiebe und gehe zu Zustand 16 über
    "["         schiebe und gehe zu Zustand 17 über
    ";"         schiebe und gehe zu Zustand 18 über
    "!"         schiebe und gehe zu Zustand 19 über
    NUMBER      schiebe und gehe zu Zustand 20 über
    IDENT       schiebe und gehe zu Zustand 21 über
    STRING      schiebe und gehe zu Zustand 22 über

    statement   gehe zu Zustand 59 über
    assignment  gehe zu Zustand 26 über
    vardecl     gehe zu Zustand 27 über
    funcdecl    gehe zu Zustand 28 über
    function    gehe zu Zustand 29 über
    codeblock   gehe zu Zustand 183 über
    if          gehe zu Zustand 30 über
    for         gehe zu Zustand 31 über
    while       gehe zu Zustand 32 über
    trycatch    gehe zu Zustand 33 über
    switch      gehe zu Zustand 34 über
    exp01       gehe zu Zustand 35 über
    exp02       gehe zu Zustand 36 über
    exp03       gehe zu Zustand 37 über
    exp04       gehe zu Zustand 38 über
    exp05       gehe zu Zustand 39 über
    exp06       gehe zu Zustand 40 über
    exp07       gehe zu Zustand 41 über
    exp08       gehe zu Zustand 42 über
    exp09       gehe zu Zustand 43 über
    expp        gehe zu Zustand 44 über
    value       gehe zu Zustand 45 über
    array       gehe zu Zustand 46 über


Zustand 175

   36 for: "for" IDENT "from" NUMBER "to" NUMBER . codeblock
   37    | "for" IDENT "from" NUMBER "to" NUMBER . "step" NUMBER codeblock

    error       schiebe und gehe zu Zustand 1 über
    "return"    schiebe und gehe zu Zustand 2 über
    "throw"     schiebe und gehe zu Zustand 3 über
    "let"       schiebe und gehe zu Zustand 4 über
    "function"  schiebe und gehe zu Zustand 5 über
    "if"        schiebe und gehe zu Zustand 6 über
    "step"      schiebe und gehe zu Zustand 184 über
    "while"     schiebe und gehe zu Zustand 7 über
    "do"        schiebe und gehe zu Zustand 8 über
    "try"       schiebe und gehe zu Zustand 9 über
    "switch"    schiebe und gehe zu Zustand 10 über
    "nil"       schiebe und gehe zu Zustand 11 über
    "true"      schiebe und gehe zu Zustand 12 über
    "false"     schiebe und gehe zu Zustand 13 über
    "for"       schiebe und gehe zu Zustand 14 über
    "private"   schiebe und gehe zu Zustand 15 über
    "{"         schiebe und gehe zu Zustand 58 über
    "("         schiebe und gehe zu Zustand 16 über
    "["         schiebe und gehe zu Zustand 17 über
    ";"         schiebe und gehe zu Zustand 18 über
    "!"         schiebe und gehe zu Zustand 19 über
    NUMBER      schiebe und gehe zu Zustand 20 über
    IDENT       schiebe und gehe zu Zustand 21 über
    STRING      schiebe und gehe zu Zustand 22 über

    statement   gehe zu Zustand 59 über
    assignment  gehe zu Zustand 26 über
    vardecl     gehe zu Zustand 27 über
    funcdecl    gehe zu Zustand 28 über
    function    gehe zu Zustand 29 über
    codeblock   gehe zu Zustand 185 über
    if          gehe zu Zustand 30 über
    for         gehe zu Zustand 31 über
    while       gehe zu Zustand 32 über
    trycatch    gehe zu Zustand 33 über
    switch      gehe zu Zustand 34 über
    exp01       gehe zu Zustand 35 über
    exp02       gehe zu Zustand 36 über
    exp03       gehe zu Zustand 37 über
    exp04       gehe zu Zustand 38 über
    exp05       gehe zu Zustand 39 über
    exp06       gehe zu Zustand 40 über
    exp07       gehe zu Zustand 41 über
    exp08       gehe zu Zustand 42 über
    exp09       gehe zu Zustand 43 über
    expp        gehe zu Zustand 44 über
    value       gehe zu Zustand 45 über
    array       gehe zu Zustand 46 über


Zustand 176

   75 exp09: expp "." IDENT "(" explist ")" .

    $default  reduziere mit Regel 75 (exp09)


Zustand 177

   35 if: "if" "(" exp01 ")" codeblock "else" codeblock .

    $default  reduziere mit Regel 35 (if)


Zustand 178

   41 trycatch: "try" codeblock "catch" "(" IDENT ")" codeblock .

    $default  reduziere mit Regel 41 (trycatch)


Zustand 179

   45 case: "case" exp01 . ":" codeblock
   46     | "case" exp01 . ":"

    ":"  schiebe und gehe zu Zustand 186 über


Zustand 180

   47 case: "default" ":" . codeblock
   48     | "default" ":" .

    error       schiebe und gehe zu Zustand 1 über
    "return"    schiebe und gehe zu Zustand 2 über
    "throw"     schiebe und gehe zu Zustand 3 über
    "let"       schiebe und gehe zu Zustand 4 über
    "function"  schiebe und gehe zu Zustand 5 über
    "if"        schiebe und gehe zu Zustand 6 über
    "while"     schiebe und gehe zu Zustand 7 über
    "do"        schiebe und gehe zu Zustand 8 über
    "try"       schiebe und gehe zu Zustand 9 über
    "switch"    schiebe und gehe zu Zustand 10 über
    "nil"       schiebe und gehe zu Zustand 11 über
    "true"      schiebe und gehe zu Zustand 12 über
    "false"     schiebe und gehe zu Zustand 13 über
    "for"       schiebe und gehe zu Zustand 14 über
    "private"   schiebe und gehe zu Zustand 15 über
    "{"         schiebe und gehe zu Zustand 58 über
    "("         schiebe und gehe zu Zustand 16 über
    "["         schiebe und gehe zu Zustand 17 über
    ";"         schiebe und gehe zu Zustand 18 über
    "!"         schiebe und gehe zu Zustand 19 über
    NUMBER      schiebe und gehe zu Zustand 20 über
    IDENT       schiebe und gehe zu Zustand 21 über
    STRING      schiebe und gehe zu Zustand 22 über

    "case"     reduziere mit Regel 48 (case)
    "default"  reduziere mit Regel 48 (case)
    "}"        reduziere mit Regel 48 (case)

    statement   gehe zu Zustand 59 über
    assignment  gehe zu Zustand 26 über
    vardecl     gehe zu Zustand 27 über
    funcdecl    gehe zu Zustand 28 über
    function    gehe zu Zustand 29 über
    codeblock   gehe zu Zustand 187 über
    if          gehe zu Zustand 30 über
    for         gehe zu Zustand 31 über
    while       gehe zu Zustand 32 über
    trycatch    gehe zu Zustand 33 über
    switch      gehe zu Zustand 34 über
    exp01       gehe zu Zustand 35 über
    exp02       gehe zu Zustand 36 über
    exp03       gehe zu Zustand 37 über
    exp04       gehe zu Zustand 38 über
    exp05       gehe zu Zustand 39 über
    exp06       gehe zu Zustand 40 über
    exp07       gehe zu Zustand 41 über
    exp08       gehe zu Zustand 42 über
    exp09       gehe zu Zustand 43 über
    expp        gehe zu Zustand 44 über
    value       gehe zu Zustand 45 über
    array       gehe zu Zustand 46 über


Zustand 181

   42 switch: "switch" "(" exp01 ")" "{" caselist "}" .

    $default  reduziere mit Regel 42 (switch)


Zustand 182

   44 caselist: caselist case .

    $default  reduziere mit Regel 44 (caselist)


Zustand 183

   38 for: "for" "(" IDENT ":" IDENT ")" codeblock .

    $default  reduziere mit Regel 38 (for)


Zustand 184

   37 for: "for" IDENT "from" NUMBER "to" NUMBER "step" . NUMBER codeblock

    NUMBER  schiebe und gehe zu Zustand 188 über


Zustand 185

   36 for: "for" IDENT "from" NUMBER "to" NUMBER codeblock .

    $default  reduziere mit Regel 36 (for)


Zustand 186

   45 case: "case" exp01 ":" . codeblock
   46     | "case" exp01 ":" .

    error       schiebe und gehe zu Zustand 1 über
    "return"    schiebe und gehe zu Zustand 2 über
    "throw"     schiebe und gehe zu Zustand 3 über
    "let"       schiebe und gehe zu Zustand 4 über
    "function"  schiebe und gehe zu Zustand 5 über
    "if"        schiebe und gehe zu Zustand 6 über
    "while"     schiebe und gehe zu Zustand 7 über
    "do"        schiebe und gehe zu Zustand 8 über
    "try"       schiebe und gehe zu Zustand 9 über
    "switch"    schiebe und gehe zu Zustand 10 über
    "nil"       schiebe und gehe zu Zustand 11 über
    "true"      schiebe und gehe zu Zustand 12 über
    "false"     schiebe und gehe zu Zustand 13 über
    "for"       schiebe und gehe zu Zustand 14 über
    "private"   schiebe und gehe zu Zustand 15 über
    "{"         schiebe und gehe zu Zustand 58 über
    "("         schiebe und gehe zu Zustand 16 über
    "["         schiebe und gehe zu Zustand 17 über
    ";"         schiebe und gehe zu Zustand 18 über
    "!"         schiebe und gehe zu Zustand 19 über
    NUMBER      schiebe und gehe zu Zustand 20 über
    IDENT       schiebe und gehe zu Zustand 21 über
    STRING      schiebe und gehe zu Zustand 22 über

    "case"     reduziere mit Regel 46 (case)
    "default"  reduziere mit Regel 46 (case)
    "}"        reduziere mit Regel 46 (case)

    statement   gehe zu Zustand 59 über
    assignment  gehe zu Zustand 26 über
    vardecl     gehe zu Zustand 27 über
    funcdecl    gehe zu Zustand 28 über
    function    gehe zu Zustand 29 über
    codeblock   gehe zu Zustand 189 über
    if          gehe zu Zustand 30 über
    for         gehe zu Zustand 31 über
    while       gehe zu Zustand 32 über
    trycatch    gehe zu Zustand 33 über
    switch      gehe zu Zustand 34 über
    exp01       gehe zu Zustand 35 über
    exp02       gehe zu Zustand 36 über
    exp03       gehe zu Zustand 37 über
    exp04       gehe zu Zustand 38 über
    exp05       gehe zu Zustand 39 über
    exp06       gehe zu Zustand 40 über
    exp07       gehe zu Zustand 41 über
    exp08       gehe zu Zustand 42 über
    exp09       gehe zu Zustand 43 über
    expp        gehe zu Zustand 44 über
    value       gehe zu Zustand 45 über
    array       gehe zu Zustand 46 über


Zustand 187

   47 case: "default" ":" codeblock .

    $default  reduziere mit Regel 47 (case)


Zustand 188

   37 for: "for" IDENT "from" NUMBER "to" NUMBER "step" NUMBER . codeblock

    error       schiebe und gehe zu Zustand 1 über
    "return"    schiebe und gehe zu Zustand 2 über
    "throw"     schiebe und gehe zu Zustand 3 über
    "let"       schiebe und gehe zu Zustand 4 über
    "function"  schiebe und gehe zu Zustand 5 über
    "if"        schiebe und gehe zu Zustand 6 über
    "while"     schiebe und gehe zu Zustand 7 über
    "do"        schiebe und gehe zu Zustand 8 über
    "try"       schiebe und gehe zu Zustand 9 über
    "switch"    schiebe und gehe zu Zustand 10 über
    "nil"       schiebe und gehe zu Zustand 11 über
    "true"      schiebe und gehe zu Zustand 12 über
    "false"     schiebe und gehe zu Zustand 13 über
    "for"       schiebe und gehe zu Zustand 14 über
    "private"   schiebe und gehe zu Zustand 15 über
    "{"         schiebe und gehe zu Zustand 58 über
    "("         schiebe und gehe zu Zustand 16 über
    "["         schiebe und gehe zu Zustand 17 über
    ";"         schiebe und gehe zu Zustand 18 über
    "!"         schiebe und gehe zu Zustand 19 über
    NUMBER      schiebe und gehe zu Zustand 20 über
    IDENT       schiebe und gehe zu Zustand 21 über
    STRING      schiebe und gehe zu Zustand 22 über

    statement   gehe zu Zustand 59 über
    assignment  gehe zu Zustand 26 über
    vardecl     gehe zu Zustand 27 über
    funcdecl    gehe zu Zustand 28 über
    function    gehe zu Zustand 29 über
    codeblock   gehe zu Zustand 190 über
    if          gehe zu Zustand 30 über
    for         gehe zu Zustand 31 über
    while       gehe zu Zustand 32 über
    trycatch    gehe zu Zustand 33 über
    switch      gehe zu Zustand 34 über
    exp01       gehe zu Zustand 35 über
    exp02       gehe zu Zustand 36 über
    exp03       gehe zu Zustand 37 über
    exp04       gehe zu Zustand 38 über
    exp05       gehe zu Zustand 39 über
    exp06       gehe zu Zustand 40 über
    exp07       gehe zu Zustand 41 über
    exp08       gehe zu Zustand 42 über
    exp09       gehe zu Zustand 43 über
    expp        gehe zu Zustand 44 über
    value       gehe zu Zustand 45 über
    array       gehe zu Zustand 46 über


Zustand 189

   45 case: "case" exp01 ":" codeblock .

    $default  reduziere mit Regel 45 (case)


Zustand 190

   37 for: "for" IDENT "from" NUMBER "to" NUMBER "step" NUMBER codeblock .

    $default  reduziere mit Regel 37 (for)
