Zustand 36 Konflikte: 1 Schiebe/Reduziere
Zustand 37 Konflikte: 1 Schiebe/Reduziere
Zustand 38 Konflikte: 1 Schiebe/Reduziere
Zustand 39 Konflikte: 4 Schiebe/Reduziere
Zustand 40 Konflikte: 4 Schiebe/Reduziere
Zustand 41 Konflikte: 2 Schiebe/Reduziere
Zustand 42 Konflikte: 3 Schiebe/Reduziere
Zustand 44 Konflikte: 1 Schiebe/Reduziere
Zustand 49 Konflikte: 1 Schiebe/Reduziere
Zustand 158 Konflikte: 1 Schiebe/Reduziere


Grammatik

    0 $accept: start NA

    1 start: %empty
    2      | statements

    3 statements: statement
    4           | statement statements

    5 statement: "return" exp01 ";"
    6          | "return" ";"
    7          | "throw" exp01 ";"
    8          | vardecl ";"
    9          | funcdecl
   10          | if
   11          | for
   12          | while
   13          | trycatch
   14          | switch
   15          | assignment
   16          | exp01 ";"
   17          | ";"
   18          | error

   19 assignment: IDENT "=" exp01

   20 vardecl: "let" IDENT "=" exp01
   21        | "let" IDENT "be" exp01
   22        | "let" IDENT ";"
   23        | "private" IDENT "=" exp01
   24        | "private" IDENT "be" exp01
   25        | "private" IDENT ";"

   26 funcdecl: "function" IDENT funchead codeblock

   27 function: "function" funchead codeblock

   28 funchead: "(" ")"
   29         | "(" arglist ")"

   30 arglist: IDENT
   31        | IDENT ","
   32        | IDENT "," arglist

   33 codeblock: statement
   34          | "{" "}"
   35          | "{" statements "}"

   36 if: "if" "(" exp01 ")" codeblock
   37   | "if" "(" exp01 ")" codeblock "else" codeblock

   38 for: "for" IDENT "from" exp01 "to" exp01 codeblock
   39    | "for" IDENT "from" exp01 "to" exp01 "step" exp01 codeblock
   40    | "for" "(" IDENT ":" exp01 ")" codeblock

   41 while: "while" "(" exp01 ")" codeblock
   42      | "do" codeblock "while" "(" exp01 ")"

   43 trycatch: "try" codeblock "catch" "(" IDENT ")" codeblock

   44 switch: "switch" "(" exp01 ")" "{" caselist "}"

   45 caselist: case
   46         | case caselist

   47 case: "case" exp01 ":" codeblock
   48     | "case" exp01 ":"
   49     | "default" ":" codeblock

   50 exp01: exp02
   51      | exp02 "?" exp01 ":" exp01

   52 exp02: exp03
   53      | exp03 "||" exp03

   54 exp03: exp04
   55      | exp04 "&&" exp04

   56 exp04: exp05
   57      | exp05 "===" exp05
   58      | exp05 "!==" exp05
   59      | exp05 "==" exp05
   60      | exp05 "!=" exp05

   61 exp05: exp06
   62      | exp06 "<" exp06
   63      | exp06 "<=" exp06
   64      | exp06 ">" exp06
   65      | exp06 ">=" exp06

   66 exp06: exp07
   67      | exp07 "+" exp07
   68      | exp07 "-" exp07

   69 exp07: exp08
   70      | exp08 "*" exp08
   71      | exp08 "/" exp08
   72      | exp08 "%" exp08

   73 exp08: exp09
   74      | "!" exp09

   75 exp09: expp
   76      | expp "." IDENT "(" explist ")"

   77 expp: "(" exp01 ")"
   78     | IDENT "(" explist ")"
   79     | IDENT
   80     | value

   81 value: function
   82      | STRING
   83      | array
   84      | NUMBER
   85      | "true"
   86      | "false"
   87      | "nil"

   88 array: "[" "]"
   89      | "[" explist "]"

   90 explist: exp01
   91        | exp01 ","
   92        | exp01 "," explist


Terminale und die Regeln, in denen sie verwendet werden

NA (0) 0
error (256) 18
"return" (258) 5 6
"throw" (259) 7
"let" (260) 20 21 22
"be" (261) 21 24
"function" (262) 26 27
"if" (263) 36 37
"else" (264) 37
"from" (265) 38 39
"to" (266) 38 39
"step" (267) 39
"while" (268) 41 42
"do" (269) 42
"try" (270) 43
"catch" (271) 43
"switch" (272) 44
"case" (273) 47 48
"default" (274) 49
"nil" (275) 87
"true" (276) 85
"false" (277) 86
"for" (278) 38 39 40
"private" (279) 23 24 25
":" (280) 40 47 48 49 51
"{" (281) 34 35 44
"}" (282) 34 35 44
"(" (283) 28 29 36 37 40 41 42 43 44 76 77 78
")" (284) 28 29 36 37 40 41 42 43 44 76 77 78
"[" (285) 88 89
"]" (286) 88 89
";" (287) 5 6 7 8 16 17 22 25
"," (288) 31 32 91 92
"+" (289) 67
"-" (290) 68
"<=" (291) 63
"<" (292) 62
">=" (293) 65
">" (294) 64
"===" (295) 57
"==" (296) 59
"!==" (297) 58
"!=" (298) 60
"!" (299) 74
"=" (300) 19 20 23
"&&" (301) 55
"/" (302) 71
"*" (303) 70
"%" (304) 72
"?" (305) 51
"||" (306) 53
"." (307) 76
NUMBER (308) 84
IDENT (309) 19 20 21 22 23 24 25 26 30 31 32 38 39 40 43 76 78 79
STRING (310) 82


Nicht-Terminal und die Regeln, in denen sie verwendet werden

$accept (56)
    auf der linken Seite: 0
start (57)
    auf der linken Seite: 1 2, auf der rechten Seite: 0
statements (58)
    auf der linken Seite: 3 4, auf der rechten Seite: 2 4 35
statement (59)
    auf der linken Seite: 5 6 7 8 9 10 11 12 13 14 15 16 17 18, auf der rechten Seite:
    3 4 33
assignment (60)
    auf der linken Seite: 19, auf der rechten Seite: 15
vardecl (61)
    auf der linken Seite: 20 21 22 23 24 25, auf der rechten Seite:
    8
funcdecl (62)
    auf der linken Seite: 26, auf der rechten Seite: 9
function (63)
    auf der linken Seite: 27, auf der rechten Seite: 81
funchead (64)
    auf der linken Seite: 28 29, auf der rechten Seite: 26 27
arglist (65)
    auf der linken Seite: 30 31 32, auf der rechten Seite: 29 32
codeblock (66)
    auf der linken Seite: 33 34 35, auf der rechten Seite: 26 27 36
    37 38 39 40 41 42 43 47 49
if (67)
    auf der linken Seite: 36 37, auf der rechten Seite: 10
for (68)
    auf der linken Seite: 38 39 40, auf der rechten Seite: 11
while (69)
    auf der linken Seite: 41 42, auf der rechten Seite: 12
trycatch (70)
    auf der linken Seite: 43, auf der rechten Seite: 13
switch (71)
    auf der linken Seite: 44, auf der rechten Seite: 14
caselist (72)
    auf der linken Seite: 45 46, auf der rechten Seite: 44 46
case (73)
    auf der linken Seite: 47 48 49, auf der rechten Seite: 45 46
exp01 (74)
    auf der linken Seite: 50 51, auf der rechten Seite: 5 7 16 19 20
    21 23 24 36 37 38 39 40 41 42 44 47 48 51 77 90 91 92
exp02 (75)
    auf der linken Seite: 52 53, auf der rechten Seite: 50 51
exp03 (76)
    auf der linken Seite: 54 55, auf der rechten Seite: 52 53
exp04 (77)
    auf der linken Seite: 56 57 58 59 60, auf der rechten Seite: 54
    55
exp05 (78)
    auf der linken Seite: 61 62 63 64 65, auf der rechten Seite: 56
    57 58 59 60
exp06 (79)
    auf der linken Seite: 66 67 68, auf der rechten Seite: 61 62 63
    64 65
exp07 (80)
    auf der linken Seite: 69 70 71 72, auf der rechten Seite: 66 67
    68
exp08 (81)
    auf der linken Seite: 73 74, auf der rechten Seite: 69 70 71 72
exp09 (82)
    auf der linken Seite: 75 76, auf der rechten Seite: 73 74
expp (83)
    auf der linken Seite: 77 78 79 80, auf der rechten Seite: 75 76
value (84)
    auf der linken Seite: 81 82 83 84 85 86 87, auf der rechten Seite:
    80
array (85)
    auf der linken Seite: 88 89, auf der rechten Seite: 83
explist (86)
    auf der linken Seite: 90 91 92, auf der rechten Seite: 76 78 89
    92


Zustand 0

    0 $accept: . start NA

    error       schiebe und gehe zu Zustand 1 über
    "return"    schiebe und gehe zu Zustand 2 über
    "throw"     schiebe und gehe zu Zustand 3 über
    "let"       schiebe und gehe zu Zustand 4 über
    "function"  schiebe und gehe zu Zustand 5 über
    "if"        schiebe und gehe zu Zustand 6 über
    "while"     schiebe und gehe zu Zustand 7 über
    "do"        schiebe und gehe zu Zustand 8 über
    "try"       schiebe und gehe zu Zustand 9 über
    "switch"    schiebe und gehe zu Zustand 10 über
    "nil"       schiebe und gehe zu Zustand 11 über
    "true"      schiebe und gehe zu Zustand 12 über
    "false"     schiebe und gehe zu Zustand 13 über
    "for"       schiebe und gehe zu Zustand 14 über
    "private"   schiebe und gehe zu Zustand 15 über
    "("         schiebe und gehe zu Zustand 16 über
    "["         schiebe und gehe zu Zustand 17 über
    ";"         schiebe und gehe zu Zustand 18 über
    "!"         schiebe und gehe zu Zustand 19 über
    NUMBER      schiebe und gehe zu Zustand 20 über
    IDENT       schiebe und gehe zu Zustand 21 über
    STRING      schiebe und gehe zu Zustand 22 über

    NA  reduziere mit Regel 1 (start)

    start       gehe zu Zustand 23 über
    statements  gehe zu Zustand 24 über
    statement   gehe zu Zustand 25 über
    assignment  gehe zu Zustand 26 über
    vardecl     gehe zu Zustand 27 über
    funcdecl    gehe zu Zustand 28 über
    function    gehe zu Zustand 29 über
    if          gehe zu Zustand 30 über
    for         gehe zu Zustand 31 über
    while       gehe zu Zustand 32 über
    trycatch    gehe zu Zustand 33 über
    switch      gehe zu Zustand 34 über
    exp01       gehe zu Zustand 35 über
    exp02       gehe zu Zustand 36 über
    exp03       gehe zu Zustand 37 über
    exp04       gehe zu Zustand 38 über
    exp05       gehe zu Zustand 39 über
    exp06       gehe zu Zustand 40 über
    exp07       gehe zu Zustand 41 über
    exp08       gehe zu Zustand 42 über
    exp09       gehe zu Zustand 43 über
    expp        gehe zu Zustand 44 über
    value       gehe zu Zustand 45 über
    array       gehe zu Zustand 46 über


Zustand 1

   18 statement: error .

    $default  reduziere mit Regel 18 (statement)


Zustand 2

    5 statement: "return" . exp01 ";"
    6          | "return" . ";"

    "function"  schiebe und gehe zu Zustand 47 über
    "nil"       schiebe und gehe zu Zustand 11 über
    "true"      schiebe und gehe zu Zustand 12 über
    "false"     schiebe und gehe zu Zustand 13 über
    "("         schiebe und gehe zu Zustand 16 über
    "["         schiebe und gehe zu Zustand 17 über
    ";"         schiebe und gehe zu Zustand 48 über
    "!"         schiebe und gehe zu Zustand 19 über
    NUMBER      schiebe und gehe zu Zustand 20 über
    IDENT       schiebe und gehe zu Zustand 49 über
    STRING      schiebe und gehe zu Zustand 22 über

    function  gehe zu Zustand 29 über
    exp01     gehe zu Zustand 50 über
    exp02     gehe zu Zustand 36 über
    exp03     gehe zu Zustand 37 über
    exp04     gehe zu Zustand 38 über
    exp05     gehe zu Zustand 39 über
    exp06     gehe zu Zustand 40 über
    exp07     gehe zu Zustand 41 über
    exp08     gehe zu Zustand 42 über
    exp09     gehe zu Zustand 43 über
    expp      gehe zu Zustand 44 über
    value     gehe zu Zustand 45 über
    array     gehe zu Zustand 46 über


Zustand 3

    7 statement: "throw" . exp01 ";"

    "function"  schiebe und gehe zu Zustand 47 über
    "nil"       schiebe und gehe zu Zustand 11 über
    "true"      schiebe und gehe zu Zustand 12 über
    "false"     schiebe und gehe zu Zustand 13 über
    "("         schiebe und gehe zu Zustand 16 über
    "["         schiebe und gehe zu Zustand 17 über
    "!"         schiebe und gehe zu Zustand 19 über
    NUMBER      schiebe und gehe zu Zustand 20 über
    IDENT       schiebe und gehe zu Zustand 49 über
    STRING      schiebe und gehe zu Zustand 22 über

    function  gehe zu Zustand 29 über
    exp01     gehe zu Zustand 51 über
    exp02     gehe zu Zustand 36 über
    exp03     gehe zu Zustand 37 über
    exp04     gehe zu Zustand 38 über
    exp05     gehe zu Zustand 39 über
    exp06     gehe zu Zustand 40 über
    exp07     gehe zu Zustand 41 über
    exp08     gehe zu Zustand 42 über
    exp09     gehe zu Zustand 43 über
    expp      gehe zu Zustand 44 über
    value     gehe zu Zustand 45 über
    array     gehe zu Zustand 46 über


Zustand 4

   20 vardecl: "let" . IDENT "=" exp01
   21        | "let" . IDENT "be" exp01
   22        | "let" . IDENT ";"

    IDENT  schiebe und gehe zu Zustand 52 über


Zustand 5

   26 funcdecl: "function" . IDENT funchead codeblock
   27 function: "function" . funchead codeblock

    "("    schiebe und gehe zu Zustand 53 über
    IDENT  schiebe und gehe zu Zustand 54 über

    funchead  gehe zu Zustand 55 über


Zustand 6

   36 if: "if" . "(" exp01 ")" codeblock
   37   | "if" . "(" exp01 ")" codeblock "else" codeblock

    "("  schiebe und gehe zu Zustand 56 über


Zustand 7

   41 while: "while" . "(" exp01 ")" codeblock

    "("  schiebe und gehe zu Zustand 57 über


Zustand 8

   42 while: "do" . codeblock "while" "(" exp01 ")"

    error       schiebe und gehe zu Zustand 1 über
    "return"    schiebe und gehe zu Zustand 2 über
    "throw"     schiebe und gehe zu Zustand 3 über
    "let"       schiebe und gehe zu Zustand 4 über
    "function"  schiebe und gehe zu Zustand 5 über
    "if"        schiebe und gehe zu Zustand 6 über
    "while"     schiebe und gehe zu Zustand 7 über
    "do"        schiebe und gehe zu Zustand 8 über
    "try"       schiebe und gehe zu Zustand 9 über
    "switch"    schiebe und gehe zu Zustand 10 über
    "nil"       schiebe und gehe zu Zustand 11 über
    "true"      schiebe und gehe zu Zustand 12 über
    "false"     schiebe und gehe zu Zustand 13 über
    "for"       schiebe und gehe zu Zustand 14 über
    "private"   schiebe und gehe zu Zustand 15 über
    "{"         schiebe und gehe zu Zustand 58 über
    "("         schiebe und gehe zu Zustand 16 über
    "["         schiebe und gehe zu Zustand 17 über
    ";"         schiebe und gehe zu Zustand 18 über
    "!"         schiebe und gehe zu Zustand 19 über
    NUMBER      schiebe und gehe zu Zustand 20 über
    IDENT       schiebe und gehe zu Zustand 21 über
    STRING      schiebe und gehe zu Zustand 22 über

    statement   gehe zu Zustand 59 über
    assignment  gehe zu Zustand 26 über
    vardecl     gehe zu Zustand 27 über
    funcdecl    gehe zu Zustand 28 über
    function    gehe zu Zustand 29 über
    codeblock   gehe zu Zustand 60 über
    if          gehe zu Zustand 30 über
    for         gehe zu Zustand 31 über
    while       gehe zu Zustand 32 über
    trycatch    gehe zu Zustand 33 über
    switch      gehe zu Zustand 34 über
    exp01       gehe zu Zustand 35 über
    exp02       gehe zu Zustand 36 über
    exp03       gehe zu Zustand 37 über
    exp04       gehe zu Zustand 38 über
    exp05       gehe zu Zustand 39 über
    exp06       gehe zu Zustand 40 über
    exp07       gehe zu Zustand 41 über
    exp08       gehe zu Zustand 42 über
    exp09       gehe zu Zustand 43 über
    expp        gehe zu Zustand 44 über
    value       gehe zu Zustand 45 über
    array       gehe zu Zustand 46 über


Zustand 9

   43 trycatch: "try" . codeblock "catch" "(" IDENT ")" codeblock

    error       schiebe und gehe zu Zustand 1 über
    "return"    schiebe und gehe zu Zustand 2 über
    "throw"     schiebe und gehe zu Zustand 3 über
    "let"       schiebe und gehe zu Zustand 4 über
    "function"  schiebe und gehe zu Zustand 5 über
    "if"        schiebe und gehe zu Zustand 6 über
    "while"     schiebe und gehe zu Zustand 7 über
    "do"        schiebe und gehe zu Zustand 8 über
    "try"       schiebe und gehe zu Zustand 9 über
    "switch"    schiebe und gehe zu Zustand 10 über
    "nil"       schiebe und gehe zu Zustand 11 über
    "true"      schiebe und gehe zu Zustand 12 über
    "false"     schiebe und gehe zu Zustand 13 über
    "for"       schiebe und gehe zu Zustand 14 über
    "private"   schiebe und gehe zu Zustand 15 über
    "{"         schiebe und gehe zu Zustand 58 über
    "("         schiebe und gehe zu Zustand 16 über
    "["         schiebe und gehe zu Zustand 17 über
    ";"         schiebe und gehe zu Zustand 18 über
    "!"         schiebe und gehe zu Zustand 19 über
    NUMBER      schiebe und gehe zu Zustand 20 über
    IDENT       schiebe und gehe zu Zustand 21 über
    STRING      schiebe und gehe zu Zustand 22 über

    statement   gehe zu Zustand 59 über
    assignment  gehe zu Zustand 26 über
    vardecl     gehe zu Zustand 27 über
    funcdecl    gehe zu Zustand 28 über
    function    gehe zu Zustand 29 über
    codeblock   gehe zu Zustand 61 über
    if          gehe zu Zustand 30 über
    for         gehe zu Zustand 31 über
    while       gehe zu Zustand 32 über
    trycatch    gehe zu Zustand 33 über
    switch      gehe zu Zustand 34 über
    exp01       gehe zu Zustand 35 über
    exp02       gehe zu Zustand 36 über
    exp03       gehe zu Zustand 37 über
    exp04       gehe zu Zustand 38 über
    exp05       gehe zu Zustand 39 über
    exp06       gehe zu Zustand 40 über
    exp07       gehe zu Zustand 41 über
    exp08       gehe zu Zustand 42 über
    exp09       gehe zu Zustand 43 über
    expp        gehe zu Zustand 44 über
    value       gehe zu Zustand 45 über
    array       gehe zu Zustand 46 über


Zustand 10

   44 switch: "switch" . "(" exp01 ")" "{" caselist "}"

    "("  schiebe und gehe zu Zustand 62 über


Zustand 11

   87 value: "nil" .

    $default  reduziere mit Regel 87 (value)


Zustand 12

   85 value: "true" .

    $default  reduziere mit Regel 85 (value)


Zustand 13

   86 value: "false" .

    $default  reduziere mit Regel 86 (value)


Zustand 14

   38 for: "for" . IDENT "from" exp01 "to" exp01 codeblock
   39    | "for" . IDENT "from" exp01 "to" exp01 "step" exp01 codeblock
   40    | "for" . "(" IDENT ":" exp01 ")" codeblock

    "("    schiebe und gehe zu Zustand 63 über
    IDENT  schiebe und gehe zu Zustand 64 über


Zustand 15

   23 vardecl: "private" . IDENT "=" exp01
   24        | "private" . IDENT "be" exp01
   25        | "private" . IDENT ";"

    IDENT  schiebe und gehe zu Zustand 65 über


Zustand 16

   77 expp: "(" . exp01 ")"

    "function"  schiebe und gehe zu Zustand 47 über
    "nil"       schiebe und gehe zu Zustand 11 über
    "true"      schiebe und gehe zu Zustand 12 über
    "false"     schiebe und gehe zu Zustand 13 über
    "("         schiebe und gehe zu Zustand 16 über
    "["         schiebe und gehe zu Zustand 17 über
    "!"         schiebe und gehe zu Zustand 19 über
    NUMBER      schiebe und gehe zu Zustand 20 über
    IDENT       schiebe und gehe zu Zustand 49 über
    STRING      schiebe und gehe zu Zustand 22 über

    function  gehe zu Zustand 29 über
    exp01     gehe zu Zustand 66 über
    exp02     gehe zu Zustand 36 über
    exp03     gehe zu Zustand 37 über
    exp04     gehe zu Zustand 38 über
    exp05     gehe zu Zustand 39 über
    exp06     gehe zu Zustand 40 über
    exp07     gehe zu Zustand 41 über
    exp08     gehe zu Zustand 42 über
    exp09     gehe zu Zustand 43 über
    expp      gehe zu Zustand 44 über
    value     gehe zu Zustand 45 über
    array     gehe zu Zustand 46 über


Zustand 17

   88 array: "[" . "]"
   89      | "[" . explist "]"

    "function"  schiebe und gehe zu Zustand 47 über
    "nil"       schiebe und gehe zu Zustand 11 über
    "true"      schiebe und gehe zu Zustand 12 über
    "false"     schiebe und gehe zu Zustand 13 über
    "("         schiebe und gehe zu Zustand 16 über
    "["         schiebe und gehe zu Zustand 17 über
    "]"         schiebe und gehe zu Zustand 67 über
    "!"         schiebe und gehe zu Zustand 19 über
    NUMBER      schiebe und gehe zu Zustand 20 über
    IDENT       schiebe und gehe zu Zustand 49 über
    STRING      schiebe und gehe zu Zustand 22 über

    function  gehe zu Zustand 29 über
    exp01     gehe zu Zustand 68 über
    exp02     gehe zu Zustand 36 über
    exp03     gehe zu Zustand 37 über
    exp04     gehe zu Zustand 38 über
    exp05     gehe zu Zustand 39 über
    exp06     gehe zu Zustand 40 über
    exp07     gehe zu Zustand 41 über
    exp08     gehe zu Zustand 42 über
    exp09     gehe zu Zustand 43 über
    expp      gehe zu Zustand 44 über
    value     gehe zu Zustand 45 über
    array     gehe zu Zustand 46 über
    explist   gehe zu Zustand 69 über


Zustand 18

   17 statement: ";" .

    $default  reduziere mit Regel 17 (statement)


Zustand 19

   74 exp08: "!" . exp09

    "function"  schiebe und gehe zu Zustand 47 über
    "nil"       schiebe und gehe zu Zustand 11 über
    "true"      schiebe und gehe zu Zustand 12 über
    "false"     schiebe und gehe zu Zustand 13 über
    "("         schiebe und gehe zu Zustand 16 über
    "["         schiebe und gehe zu Zustand 17 über
    NUMBER      schiebe und gehe zu Zustand 20 über
    IDENT       schiebe und gehe zu Zustand 49 über
    STRING      schiebe und gehe zu Zustand 22 über

    function  gehe zu Zustand 29 über
    exp09     gehe zu Zustand 70 über
    expp      gehe zu Zustand 44 über
    value     gehe zu Zustand 45 über
    array     gehe zu Zustand 46 über


Zustand 20

   84 value: NUMBER .

    $default  reduziere mit Regel 84 (value)


Zustand 21

   19 assignment: IDENT . "=" exp01
   78 expp: IDENT . "(" explist ")"
   79     | IDENT .

    "("  schiebe und gehe zu Zustand 71 über
    "="  schiebe und gehe zu Zustand 72 über

    $default  reduziere mit Regel 79 (expp)


Zustand 22

   82 value: STRING .

    $default  reduziere mit Regel 82 (value)


Zustand 23

    0 $accept: start . NA

    NA  schiebe und gehe zu Zustand 73 über


Zustand 24

    2 start: statements .

    $default  reduziere mit Regel 2 (start)


Zustand 25

    3 statements: statement .
    4           | statement . statements

    error       schiebe und gehe zu Zustand 1 über
    "return"    schiebe und gehe zu Zustand 2 über
    "throw"     schiebe und gehe zu Zustand 3 über
    "let"       schiebe und gehe zu Zustand 4 über
    "function"  schiebe und gehe zu Zustand 5 über
    "if"        schiebe und gehe zu Zustand 6 über
    "while"     schiebe und gehe zu Zustand 7 über
    "do"        schiebe und gehe zu Zustand 8 über
    "try"       schiebe und gehe zu Zustand 9 über
    "switch"    schiebe und gehe zu Zustand 10 über
    "nil"       schiebe und gehe zu Zustand 11 über
    "true"      schiebe und gehe zu Zustand 12 über
    "false"     schiebe und gehe zu Zustand 13 über
    "for"       schiebe und gehe zu Zustand 14 über
    "private"   schiebe und gehe zu Zustand 15 über
    "("         schiebe und gehe zu Zustand 16 über
    "["         schiebe und gehe zu Zustand 17 über
    ";"         schiebe und gehe zu Zustand 18 über
    "!"         schiebe und gehe zu Zustand 19 über
    NUMBER      schiebe und gehe zu Zustand 20 über
    IDENT       schiebe und gehe zu Zustand 21 über
    STRING      schiebe und gehe zu Zustand 22 über

    NA   reduziere mit Regel 3 (statements)
    "}"  reduziere mit Regel 3 (statements)

    statements  gehe zu Zustand 74 über
    statement   gehe zu Zustand 25 über
    assignment  gehe zu Zustand 26 über
    vardecl     gehe zu Zustand 27 über
    funcdecl    gehe zu Zustand 28 über
    function    gehe zu Zustand 29 über
    if          gehe zu Zustand 30 über
    for         gehe zu Zustand 31 über
    while       gehe zu Zustand 32 über
    trycatch    gehe zu Zustand 33 über
    switch      gehe zu Zustand 34 über
    exp01       gehe zu Zustand 35 über
    exp02       gehe zu Zustand 36 über
    exp03       gehe zu Zustand 37 über
    exp04       gehe zu Zustand 38 über
    exp05       gehe zu Zustand 39 über
    exp06       gehe zu Zustand 40 über
    exp07       gehe zu Zustand 41 über
    exp08       gehe zu Zustand 42 über
    exp09       gehe zu Zustand 43 über
    expp        gehe zu Zustand 44 über
    value       gehe zu Zustand 45 über
    array       gehe zu Zustand 46 über


Zustand 26

   15 statement: assignment .

    $default  reduziere mit Regel 15 (statement)


Zustand 27

    8 statement: vardecl . ";"

    ";"  schiebe und gehe zu Zustand 75 über


Zustand 28

    9 statement: funcdecl .

    $default  reduziere mit Regel 9 (statement)


Zustand 29

   81 value: function .

    $default  reduziere mit Regel 81 (value)


Zustand 30

   10 statement: if .

    $default  reduziere mit Regel 10 (statement)


Zustand 31

   11 statement: for .

    $default  reduziere mit Regel 11 (statement)


Zustand 32

   12 statement: while .

    $default  reduziere mit Regel 12 (statement)


Zustand 33

   13 statement: trycatch .

    $default  reduziere mit Regel 13 (statement)


Zustand 34

   14 statement: switch .

    $default  reduziere mit Regel 14 (statement)


Zustand 35

   16 statement: exp01 . ";"

    ";"  schiebe und gehe zu Zustand 76 über


Zustand 36

   50 exp01: exp02 .
   51      | exp02 . "?" exp01 ":" exp01

    "?"  schiebe und gehe zu Zustand 77 über

    "?"       [reduziere mit Regel 50 (exp01)]
    $default  reduziere mit Regel 50 (exp01)


Zustand 37

   52 exp02: exp03 .
   53      | exp03 . "||" exp03

    "||"  schiebe und gehe zu Zustand 78 über

    "||"      [reduziere mit Regel 52 (exp02)]
    $default  reduziere mit Regel 52 (exp02)


Zustand 38

   54 exp03: exp04 .
   55      | exp04 . "&&" exp04

    "&&"  schiebe und gehe zu Zustand 79 über

    "&&"      [reduziere mit Regel 54 (exp03)]
    $default  reduziere mit Regel 54 (exp03)


Zustand 39

   56 exp04: exp05 .
   57      | exp05 . "===" exp05
   58      | exp05 . "!==" exp05
   59      | exp05 . "==" exp05
   60      | exp05 . "!=" exp05

    "==="  schiebe und gehe zu Zustand 80 über
    "=="   schiebe und gehe zu Zustand 81 über
    "!=="  schiebe und gehe zu Zustand 82 über
    "!="   schiebe und gehe zu Zustand 83 über

    "==="     [reduziere mit Regel 56 (exp04)]
    "=="      [reduziere mit Regel 56 (exp04)]
    "!=="     [reduziere mit Regel 56 (exp04)]
    "!="      [reduziere mit Regel 56 (exp04)]
    $default  reduziere mit Regel 56 (exp04)


Zustand 40

   61 exp05: exp06 .
   62      | exp06 . "<" exp06
   63      | exp06 . "<=" exp06
   64      | exp06 . ">" exp06
   65      | exp06 . ">=" exp06

    "<="  schiebe und gehe zu Zustand 84 über
    "<"   schiebe und gehe zu Zustand 85 über
    ">="  schiebe und gehe zu Zustand 86 über
    ">"   schiebe und gehe zu Zustand 87 über

    "<="      [reduziere mit Regel 61 (exp05)]
    "<"       [reduziere mit Regel 61 (exp05)]
    ">="      [reduziere mit Regel 61 (exp05)]
    ">"       [reduziere mit Regel 61 (exp05)]
    $default  reduziere mit Regel 61 (exp05)


Zustand 41

   66 exp06: exp07 .
   67      | exp07 . "+" exp07
   68      | exp07 . "-" exp07

    "+"  schiebe und gehe zu Zustand 88 über
    "-"  schiebe und gehe zu Zustand 89 über

    "+"       [reduziere mit Regel 66 (exp06)]
    "-"       [reduziere mit Regel 66 (exp06)]
    $default  reduziere mit Regel 66 (exp06)


Zustand 42

   69 exp07: exp08 .
   70      | exp08 . "*" exp08
   71      | exp08 . "/" exp08
   72      | exp08 . "%" exp08

    "/"  schiebe und gehe zu Zustand 90 über
    "*"  schiebe und gehe zu Zustand 91 über
    "%"  schiebe und gehe zu Zustand 92 über

    "/"       [reduziere mit Regel 69 (exp07)]
    "*"       [reduziere mit Regel 69 (exp07)]
    "%"       [reduziere mit Regel 69 (exp07)]
    $default  reduziere mit Regel 69 (exp07)


Zustand 43

   73 exp08: exp09 .

    $default  reduziere mit Regel 73 (exp08)


Zustand 44

   75 exp09: expp .
   76      | expp . "." IDENT "(" explist ")"

    "."  schiebe und gehe zu Zustand 93 über

    "."       [reduziere mit Regel 75 (exp09)]
    $default  reduziere mit Regel 75 (exp09)


Zustand 45

   80 expp: value .

    $default  reduziere mit Regel 80 (expp)


Zustand 46

   83 value: array .

    $default  reduziere mit Regel 83 (value)


Zustand 47

   27 function: "function" . funchead codeblock

    "("  schiebe und gehe zu Zustand 53 über

    funchead  gehe zu Zustand 55 über


Zustand 48

    6 statement: "return" ";" .

    $default  reduziere mit Regel 6 (statement)


Zustand 49

   78 expp: IDENT . "(" explist ")"
   79     | IDENT .

    "("  schiebe und gehe zu Zustand 71 über

    "("       [reduziere mit Regel 79 (expp)]
    $default  reduziere mit Regel 79 (expp)


Zustand 50

    5 statement: "return" exp01 . ";"

    ";"  schiebe und gehe zu Zustand 94 über


Zustand 51

    7 statement: "throw" exp01 . ";"

    ";"  schiebe und gehe zu Zustand 95 über


Zustand 52

   20 vardecl: "let" IDENT . "=" exp01
   21        | "let" IDENT . "be" exp01
   22        | "let" IDENT . ";"

    "be"  schiebe und gehe zu Zustand 96 über
    ";"   schiebe und gehe zu Zustand 97 über
    "="   schiebe und gehe zu Zustand 98 über


Zustand 53

   28 funchead: "(" . ")"
   29         | "(" . arglist ")"

    ")"    schiebe und gehe zu Zustand 99 über
    IDENT  schiebe und gehe zu Zustand 100 über

    arglist  gehe zu Zustand 101 über


Zustand 54

   26 funcdecl: "function" IDENT . funchead codeblock

    "("  schiebe und gehe zu Zustand 53 über

    funchead  gehe zu Zustand 102 über


Zustand 55

   27 function: "function" funchead . codeblock

    error       schiebe und gehe zu Zustand 1 über
    "return"    schiebe und gehe zu Zustand 2 über
    "throw"     schiebe und gehe zu Zustand 3 über
    "let"       schiebe und gehe zu Zustand 4 über
    "function"  schiebe und gehe zu Zustand 5 über
    "if"        schiebe und gehe zu Zustand 6 über
    "while"     schiebe und gehe zu Zustand 7 über
    "do"        schiebe und gehe zu Zustand 8 über
    "try"       schiebe und gehe zu Zustand 9 über
    "switch"    schiebe und gehe zu Zustand 10 über
    "nil"       schiebe und gehe zu Zustand 11 über
    "true"      schiebe und gehe zu Zustand 12 über
    "false"     schiebe und gehe zu Zustand 13 über
    "for"       schiebe und gehe zu Zustand 14 über
    "private"   schiebe und gehe zu Zustand 15 über
    "{"         schiebe und gehe zu Zustand 58 über
    "("         schiebe und gehe zu Zustand 16 über
    "["         schiebe und gehe zu Zustand 17 über
    ";"         schiebe und gehe zu Zustand 18 über
    "!"         schiebe und gehe zu Zustand 19 über
    NUMBER      schiebe und gehe zu Zustand 20 über
    IDENT       schiebe und gehe zu Zustand 21 über
    STRING      schiebe und gehe zu Zustand 22 über

    statement   gehe zu Zustand 59 über
    assignment  gehe zu Zustand 26 über
    vardecl     gehe zu Zustand 27 über
    funcdecl    gehe zu Zustand 28 über
    function    gehe zu Zustand 29 über
    codeblock   gehe zu Zustand 103 über
    if          gehe zu Zustand 30 über
    for         gehe zu Zustand 31 über
    while       gehe zu Zustand 32 über
    trycatch    gehe zu Zustand 33 über
    switch      gehe zu Zustand 34 über
    exp01       gehe zu Zustand 35 über
    exp02       gehe zu Zustand 36 über
    exp03       gehe zu Zustand 37 über
    exp04       gehe zu Zustand 38 über
    exp05       gehe zu Zustand 39 über
    exp06       gehe zu Zustand 40 über
    exp07       gehe zu Zustand 41 über
    exp08       gehe zu Zustand 42 über
    exp09       gehe zu Zustand 43 über
    expp        gehe zu Zustand 44 über
    value       gehe zu Zustand 45 über
    array       gehe zu Zustand 46 über


Zustand 56

   36 if: "if" "(" . exp01 ")" codeblock
   37   | "if" "(" . exp01 ")" codeblock "else" codeblock

    "function"  schiebe und gehe zu Zustand 47 über
    "nil"       schiebe und gehe zu Zustand 11 über
    "true"      schiebe und gehe zu Zustand 12 über
    "false"     schiebe und gehe zu Zustand 13 über
    "("         schiebe und gehe zu Zustand 16 über
    "["         schiebe und gehe zu Zustand 17 über
    "!"         schiebe und gehe zu Zustand 19 über
    NUMBER      schiebe und gehe zu Zustand 20 über
    IDENT       schiebe und gehe zu Zustand 49 über
    STRING      schiebe und gehe zu Zustand 22 über

    function  gehe zu Zustand 29 über
    exp01     gehe zu Zustand 104 über
    exp02     gehe zu Zustand 36 über
    exp03     gehe zu Zustand 37 über
    exp04     gehe zu Zustand 38 über
    exp05     gehe zu Zustand 39 über
    exp06     gehe zu Zustand 40 über
    exp07     gehe zu Zustand 41 über
    exp08     gehe zu Zustand 42 über
    exp09     gehe zu Zustand 43 über
    expp      gehe zu Zustand 44 über
    value     gehe zu Zustand 45 über
    array     gehe zu Zustand 46 über


Zustand 57

   41 while: "while" "(" . exp01 ")" codeblock

    "function"  schiebe und gehe zu Zustand 47 über
    "nil"       schiebe und gehe zu Zustand 11 über
    "true"      schiebe und gehe zu Zustand 12 über
    "false"     schiebe und gehe zu Zustand 13 über
    "("         schiebe und gehe zu Zustand 16 über
    "["         schiebe und gehe zu Zustand 17 über
    "!"         schiebe und gehe zu Zustand 19 über
    NUMBER      schiebe und gehe zu Zustand 20 über
    IDENT       schiebe und gehe zu Zustand 49 über
    STRING      schiebe und gehe zu Zustand 22 über

    function  gehe zu Zustand 29 über
    exp01     gehe zu Zustand 105 über
    exp02     gehe zu Zustand 36 über
    exp03     gehe zu Zustand 37 über
    exp04     gehe zu Zustand 38 über
    exp05     gehe zu Zustand 39 über
    exp06     gehe zu Zustand 40 über
    exp07     gehe zu Zustand 41 über
    exp08     gehe zu Zustand 42 über
    exp09     gehe zu Zustand 43 über
    expp      gehe zu Zustand 44 über
    value     gehe zu Zustand 45 über
    array     gehe zu Zustand 46 über


Zustand 58

   34 codeblock: "{" . "}"
   35          | "{" . statements "}"

    error       schiebe und gehe zu Zustand 1 über
    "return"    schiebe und gehe zu Zustand 2 über
    "throw"     schiebe und gehe zu Zustand 3 über
    "let"       schiebe und gehe zu Zustand 4 über
    "function"  schiebe und gehe zu Zustand 5 über
    "if"        schiebe und gehe zu Zustand 6 über
    "while"     schiebe und gehe zu Zustand 7 über
    "do"        schiebe und gehe zu Zustand 8 über
    "try"       schiebe und gehe zu Zustand 9 über
    "switch"    schiebe und gehe zu Zustand 10 über
    "nil"       schiebe und gehe zu Zustand 11 über
    "true"      schiebe und gehe zu Zustand 12 über
    "false"     schiebe und gehe zu Zustand 13 über
    "for"       schiebe und gehe zu Zustand 14 über
    "private"   schiebe und gehe zu Zustand 15 über
    "}"         schiebe und gehe zu Zustand 106 über
    "("         schiebe und gehe zu Zustand 16 über
    "["         schiebe und gehe zu Zustand 17 über
    ";"         schiebe und gehe zu Zustand 18 über
    "!"         schiebe und gehe zu Zustand 19 über
    NUMBER      schiebe und gehe zu Zustand 20 über
    IDENT       schiebe und gehe zu Zustand 21 über
    STRING      schiebe und gehe zu Zustand 22 über

    statements  gehe zu Zustand 107 über
    statement   gehe zu Zustand 25 über
    assignment  gehe zu Zustand 26 über
    vardecl     gehe zu Zustand 27 über
    funcdecl    gehe zu Zustand 28 über
    function    gehe zu Zustand 29 über
    if          gehe zu Zustand 30 über
    for         gehe zu Zustand 31 über
    while       gehe zu Zustand 32 über
    trycatch    gehe zu Zustand 33 über
    switch      gehe zu Zustand 34 über
    exp01       gehe zu Zustand 35 über
    exp02       gehe zu Zustand 36 über
    exp03       gehe zu Zustand 37 über
    exp04       gehe zu Zustand 38 über
    exp05       gehe zu Zustand 39 über
    exp06       gehe zu Zustand 40 über
    exp07       gehe zu Zustand 41 über
    exp08       gehe zu Zustand 42 über
    exp09       gehe zu Zustand 43 über
    expp        gehe zu Zustand 44 über
    value       gehe zu Zustand 45 über
    array       gehe zu Zustand 46 über


Zustand 59

   33 codeblock: statement .

    $default  reduziere mit Regel 33 (codeblock)


Zustand 60

   42 while: "do" codeblock . "while" "(" exp01 ")"

    "while"  schiebe und gehe zu Zustand 108 über


Zustand 61

   43 trycatch: "try" codeblock . "catch" "(" IDENT ")" codeblock

    "catch"  schiebe und gehe zu Zustand 109 über


Zustand 62

   44 switch: "switch" "(" . exp01 ")" "{" caselist "}"

    "function"  schiebe und gehe zu Zustand 47 über
    "nil"       schiebe und gehe zu Zustand 11 über
    "true"      schiebe und gehe zu Zustand 12 über
    "false"     schiebe und gehe zu Zustand 13 über
    "("         schiebe und gehe zu Zustand 16 über
    "["         schiebe und gehe zu Zustand 17 über
    "!"         schiebe und gehe zu Zustand 19 über
    NUMBER      schiebe und gehe zu Zustand 20 über
    IDENT       schiebe und gehe zu Zustand 49 über
    STRING      schiebe und gehe zu Zustand 22 über

    function  gehe zu Zustand 29 über
    exp01     gehe zu Zustand 110 über
    exp02     gehe zu Zustand 36 über
    exp03     gehe zu Zustand 37 über
    exp04     gehe zu Zustand 38 über
    exp05     gehe zu Zustand 39 über
    exp06     gehe zu Zustand 40 über
    exp07     gehe zu Zustand 41 über
    exp08     gehe zu Zustand 42 über
    exp09     gehe zu Zustand 43 über
    expp      gehe zu Zustand 44 über
    value     gehe zu Zustand 45 über
    array     gehe zu Zustand 46 über


Zustand 63

   40 for: "for" "(" . IDENT ":" exp01 ")" codeblock

    IDENT  schiebe und gehe zu Zustand 111 über


Zustand 64

   38 for: "for" IDENT . "from" exp01 "to" exp01 codeblock
   39    | "for" IDENT . "from" exp01 "to" exp01 "step" exp01 codeblock

    "from"  schiebe und gehe zu Zustand 112 über


Zustand 65

   23 vardecl: "private" IDENT . "=" exp01
   24        | "private" IDENT . "be" exp01
   25        | "private" IDENT . ";"

    "be"  schiebe und gehe zu Zustand 113 über
    ";"   schiebe und gehe zu Zustand 114 über
    "="   schiebe und gehe zu Zustand 115 über


Zustand 66

   77 expp: "(" exp01 . ")"

    ")"  schiebe und gehe zu Zustand 116 über


Zustand 67

   88 array: "[" "]" .

    $default  reduziere mit Regel 88 (array)


Zustand 68

   90 explist: exp01 .
   91        | exp01 . ","
   92        | exp01 . "," explist

    ","  schiebe und gehe zu Zustand 117 über

    $default  reduziere mit Regel 90 (explist)


Zustand 69

   89 array: "[" explist . "]"

    "]"  schiebe und gehe zu Zustand 118 über


Zustand 70

   74 exp08: "!" exp09 .

    $default  reduziere mit Regel 74 (exp08)


Zustand 71

   78 expp: IDENT "(" . explist ")"

    "function"  schiebe und gehe zu Zustand 47 über
    "nil"       schiebe und gehe zu Zustand 11 über
    "true"      schiebe und gehe zu Zustand 12 über
    "false"     schiebe und gehe zu Zustand 13 über
    "("         schiebe und gehe zu Zustand 16 über
    "["         schiebe und gehe zu Zustand 17 über
    "!"         schiebe und gehe zu Zustand 19 über
    NUMBER      schiebe und gehe zu Zustand 20 über
    IDENT       schiebe und gehe zu Zustand 49 über
    STRING      schiebe und gehe zu Zustand 22 über

    function  gehe zu Zustand 29 über
    exp01     gehe zu Zustand 68 über
    exp02     gehe zu Zustand 36 über
    exp03     gehe zu Zustand 37 über
    exp04     gehe zu Zustand 38 über
    exp05     gehe zu Zustand 39 über
    exp06     gehe zu Zustand 40 über
    exp07     gehe zu Zustand 41 über
    exp08     gehe zu Zustand 42 über
    exp09     gehe zu Zustand 43 über
    expp      gehe zu Zustand 44 über
    value     gehe zu Zustand 45 über
    array     gehe zu Zustand 46 über
    explist   gehe zu Zustand 119 über


Zustand 72

   19 assignment: IDENT "=" . exp01

    "function"  schiebe und gehe zu Zustand 47 über
    "nil"       schiebe und gehe zu Zustand 11 über
    "true"      schiebe und gehe zu Zustand 12 über
    "false"     schiebe und gehe zu Zustand 13 über
    "("         schiebe und gehe zu Zustand 16 über
    "["         schiebe und gehe zu Zustand 17 über
    "!"         schiebe und gehe zu Zustand 19 über
    NUMBER      schiebe und gehe zu Zustand 20 über
    IDENT       schiebe und gehe zu Zustand 49 über
    STRING      schiebe und gehe zu Zustand 22 über

    function  gehe zu Zustand 29 über
    exp01     gehe zu Zustand 120 über
    exp02     gehe zu Zustand 36 über
    exp03     gehe zu Zustand 37 über
    exp04     gehe zu Zustand 38 über
    exp05     gehe zu Zustand 39 über
    exp06     gehe zu Zustand 40 über
    exp07     gehe zu Zustand 41 über
    exp08     gehe zu Zustand 42 über
    exp09     gehe zu Zustand 43 über
    expp      gehe zu Zustand 44 über
    value     gehe zu Zustand 45 über
    array     gehe zu Zustand 46 über


Zustand 73

    0 $accept: start NA .

    $default  annehmen


Zustand 74

    4 statements: statement statements .

    $default  reduziere mit Regel 4 (statements)


Zustand 75

    8 statement: vardecl ";" .

    $default  reduziere mit Regel 8 (statement)


Zustand 76

   16 statement: exp01 ";" .

    $default  reduziere mit Regel 16 (statement)


Zustand 77

   51 exp01: exp02 "?" . exp01 ":" exp01

    "function"  schiebe und gehe zu Zustand 47 über
    "nil"       schiebe und gehe zu Zustand 11 über
    "true"      schiebe und gehe zu Zustand 12 über
    "false"     schiebe und gehe zu Zustand 13 über
    "("         schiebe und gehe zu Zustand 16 über
    "["         schiebe und gehe zu Zustand 17 über
    "!"         schiebe und gehe zu Zustand 19 über
    NUMBER      schiebe und gehe zu Zustand 20 über
    IDENT       schiebe und gehe zu Zustand 49 über
    STRING      schiebe und gehe zu Zustand 22 über

    function  gehe zu Zustand 29 über
    exp01     gehe zu Zustand 121 über
    exp02     gehe zu Zustand 36 über
    exp03     gehe zu Zustand 37 über
    exp04     gehe zu Zustand 38 über
    exp05     gehe zu Zustand 39 über
    exp06     gehe zu Zustand 40 über
    exp07     gehe zu Zustand 41 über
    exp08     gehe zu Zustand 42 über
    exp09     gehe zu Zustand 43 über
    expp      gehe zu Zustand 44 über
    value     gehe zu Zustand 45 über
    array     gehe zu Zustand 46 über


Zustand 78

   53 exp02: exp03 "||" . exp03

    "function"  schiebe und gehe zu Zustand 47 über
    "nil"       schiebe und gehe zu Zustand 11 über
    "true"      schiebe und gehe zu Zustand 12 über
    "false"     schiebe und gehe zu Zustand 13 über
    "("         schiebe und gehe zu Zustand 16 über
    "["         schiebe und gehe zu Zustand 17 über
    "!"         schiebe und gehe zu Zustand 19 über
    NUMBER      schiebe und gehe zu Zustand 20 über
    IDENT       schiebe und gehe zu Zustand 49 über
    STRING      schiebe und gehe zu Zustand 22 über

    function  gehe zu Zustand 29 über
    exp03     gehe zu Zustand 122 über
    exp04     gehe zu Zustand 38 über
    exp05     gehe zu Zustand 39 über
    exp06     gehe zu Zustand 40 über
    exp07     gehe zu Zustand 41 über
    exp08     gehe zu Zustand 42 über
    exp09     gehe zu Zustand 43 über
    expp      gehe zu Zustand 44 über
    value     gehe zu Zustand 45 über
    array     gehe zu Zustand 46 über


Zustand 79

   55 exp03: exp04 "&&" . exp04

    "function"  schiebe und gehe zu Zustand 47 über
    "nil"       schiebe und gehe zu Zustand 11 über
    "true"      schiebe und gehe zu Zustand 12 über
    "false"     schiebe und gehe zu Zustand 13 über
    "("         schiebe und gehe zu Zustand 16 über
    "["         schiebe und gehe zu Zustand 17 über
    "!"         schiebe und gehe zu Zustand 19 über
    NUMBER      schiebe und gehe zu Zustand 20 über
    IDENT       schiebe und gehe zu Zustand 49 über
    STRING      schiebe und gehe zu Zustand 22 über

    function  gehe zu Zustand 29 über
    exp04     gehe zu Zustand 123 über
    exp05     gehe zu Zustand 39 über
    exp06     gehe zu Zustand 40 über
    exp07     gehe zu Zustand 41 über
    exp08     gehe zu Zustand 42 über
    exp09     gehe zu Zustand 43 über
    expp      gehe zu Zustand 44 über
    value     gehe zu Zustand 45 über
    array     gehe zu Zustand 46 über


Zustand 80

   57 exp04: exp05 "===" . exp05

    "function"  schiebe und gehe zu Zustand 47 über
    "nil"       schiebe und gehe zu Zustand 11 über
    "true"      schiebe und gehe zu Zustand 12 über
    "false"     schiebe und gehe zu Zustand 13 über
    "("         schiebe und gehe zu Zustand 16 über
    "["         schiebe und gehe zu Zustand 17 über
    "!"         schiebe und gehe zu Zustand 19 über
    NUMBER      schiebe und gehe zu Zustand 20 über
    IDENT       schiebe und gehe zu Zustand 49 über
    STRING      schiebe und gehe zu Zustand 22 über

    function  gehe zu Zustand 29 über
    exp05     gehe zu Zustand 124 über
    exp06     gehe zu Zustand 40 über
    exp07     gehe zu Zustand 41 über
    exp08     gehe zu Zustand 42 über
    exp09     gehe zu Zustand 43 über
    expp      gehe zu Zustand 44 über
    value     gehe zu Zustand 45 über
    array     gehe zu Zustand 46 über


Zustand 81

   59 exp04: exp05 "==" . exp05

    "function"  schiebe und gehe zu Zustand 47 über
    "nil"       schiebe und gehe zu Zustand 11 über
    "true"      schiebe und gehe zu Zustand 12 über
    "false"     schiebe und gehe zu Zustand 13 über
    "("         schiebe und gehe zu Zustand 16 über
    "["         schiebe und gehe zu Zustand 17 über
    "!"         schiebe und gehe zu Zustand 19 über
    NUMBER      schiebe und gehe zu Zustand 20 über
    IDENT       schiebe und gehe zu Zustand 49 über
    STRING      schiebe und gehe zu Zustand 22 über

    function  gehe zu Zustand 29 über
    exp05     gehe zu Zustand 125 über
    exp06     gehe zu Zustand 40 über
    exp07     gehe zu Zustand 41 über
    exp08     gehe zu Zustand 42 über
    exp09     gehe zu Zustand 43 über
    expp      gehe zu Zustand 44 über
    value     gehe zu Zustand 45 über
    array     gehe zu Zustand 46 über


Zustand 82

   58 exp04: exp05 "!==" . exp05

    "function"  schiebe und gehe zu Zustand 47 über
    "nil"       schiebe und gehe zu Zustand 11 über
    "true"      schiebe und gehe zu Zustand 12 über
    "false"     schiebe und gehe zu Zustand 13 über
    "("         schiebe und gehe zu Zustand 16 über
    "["         schiebe und gehe zu Zustand 17 über
    "!"         schiebe und gehe zu Zustand 19 über
    NUMBER      schiebe und gehe zu Zustand 20 über
    IDENT       schiebe und gehe zu Zustand 49 über
    STRING      schiebe und gehe zu Zustand 22 über

    function  gehe zu Zustand 29 über
    exp05     gehe zu Zustand 126 über
    exp06     gehe zu Zustand 40 über
    exp07     gehe zu Zustand 41 über
    exp08     gehe zu Zustand 42 über
    exp09     gehe zu Zustand 43 über
    expp      gehe zu Zustand 44 über
    value     gehe zu Zustand 45 über
    array     gehe zu Zustand 46 über


Zustand 83

   60 exp04: exp05 "!=" . exp05

    "function"  schiebe und gehe zu Zustand 47 über
    "nil"       schiebe und gehe zu Zustand 11 über
    "true"      schiebe und gehe zu Zustand 12 über
    "false"     schiebe und gehe zu Zustand 13 über
    "("         schiebe und gehe zu Zustand 16 über
    "["         schiebe und gehe zu Zustand 17 über
    "!"         schiebe und gehe zu Zustand 19 über
    NUMBER      schiebe und gehe zu Zustand 20 über
    IDENT       schiebe und gehe zu Zustand 49 über
    STRING      schiebe und gehe zu Zustand 22 über

    function  gehe zu Zustand 29 über
    exp05     gehe zu Zustand 127 über
    exp06     gehe zu Zustand 40 über
    exp07     gehe zu Zustand 41 über
    exp08     gehe zu Zustand 42 über
    exp09     gehe zu Zustand 43 über
    expp      gehe zu Zustand 44 über
    value     gehe zu Zustand 45 über
    array     gehe zu Zustand 46 über


Zustand 84

   63 exp05: exp06 "<=" . exp06

    "function"  schiebe und gehe zu Zustand 47 über
    "nil"       schiebe und gehe zu Zustand 11 über
    "true"      schiebe und gehe zu Zustand 12 über
    "false"     schiebe und gehe zu Zustand 13 über
    "("         schiebe und gehe zu Zustand 16 über
    "["         schiebe und gehe zu Zustand 17 über
    "!"         schiebe und gehe zu Zustand 19 über
    NUMBER      schiebe und gehe zu Zustand 20 über
    IDENT       schiebe und gehe zu Zustand 49 über
    STRING      schiebe und gehe zu Zustand 22 über

    function  gehe zu Zustand 29 über
    exp06     gehe zu Zustand 128 über
    exp07     gehe zu Zustand 41 über
    exp08     gehe zu Zustand 42 über
    exp09     gehe zu Zustand 43 über
    expp      gehe zu Zustand 44 über
    value     gehe zu Zustand 45 über
    array     gehe zu Zustand 46 über


Zustand 85

   62 exp05: exp06 "<" . exp06

    "function"  schiebe und gehe zu Zustand 47 über
    "nil"       schiebe und gehe zu Zustand 11 über
    "true"      schiebe und gehe zu Zustand 12 über
    "false"     schiebe und gehe zu Zustand 13 über
    "("         schiebe und gehe zu Zustand 16 über
    "["         schiebe und gehe zu Zustand 17 über
    "!"         schiebe und gehe zu Zustand 19 über
    NUMBER      schiebe und gehe zu Zustand 20 über
    IDENT       schiebe und gehe zu Zustand 49 über
    STRING      schiebe und gehe zu Zustand 22 über

    function  gehe zu Zustand 29 über
    exp06     gehe zu Zustand 129 über
    exp07     gehe zu Zustand 41 über
    exp08     gehe zu Zustand 42 über
    exp09     gehe zu Zustand 43 über
    expp      gehe zu Zustand 44 über
    value     gehe zu Zustand 45 über
    array     gehe zu Zustand 46 über


Zustand 86

   65 exp05: exp06 ">=" . exp06

    "function"  schiebe und gehe zu Zustand 47 über
    "nil"       schiebe und gehe zu Zustand 11 über
    "true"      schiebe und gehe zu Zustand 12 über
    "false"     schiebe und gehe zu Zustand 13 über
    "("         schiebe und gehe zu Zustand 16 über
    "["         schiebe und gehe zu Zustand 17 über
    "!"         schiebe und gehe zu Zustand 19 über
    NUMBER      schiebe und gehe zu Zustand 20 über
    IDENT       schiebe und gehe zu Zustand 49 über
    STRING      schiebe und gehe zu Zustand 22 über

    function  gehe zu Zustand 29 über
    exp06     gehe zu Zustand 130 über
    exp07     gehe zu Zustand 41 über
    exp08     gehe zu Zustand 42 über
    exp09     gehe zu Zustand 43 über
    expp      gehe zu Zustand 44 über
    value     gehe zu Zustand 45 über
    array     gehe zu Zustand 46 über


Zustand 87

   64 exp05: exp06 ">" . exp06

    "function"  schiebe und gehe zu Zustand 47 über
    "nil"       schiebe und gehe zu Zustand 11 über
    "true"      schiebe und gehe zu Zustand 12 über
    "false"     schiebe und gehe zu Zustand 13 über
    "("         schiebe und gehe zu Zustand 16 über
    "["         schiebe und gehe zu Zustand 17 über
    "!"         schiebe und gehe zu Zustand 19 über
    NUMBER      schiebe und gehe zu Zustand 20 über
    IDENT       schiebe und gehe zu Zustand 49 über
    STRING      schiebe und gehe zu Zustand 22 über

    function  gehe zu Zustand 29 über
    exp06     gehe zu Zustand 131 über
    exp07     gehe zu Zustand 41 über
    exp08     gehe zu Zustand 42 über
    exp09     gehe zu Zustand 43 über
    expp      gehe zu Zustand 44 über
    value     gehe zu Zustand 45 über
    array     gehe zu Zustand 46 über


Zustand 88

   67 exp06: exp07 "+" . exp07

    "function"  schiebe und gehe zu Zustand 47 über
    "nil"       schiebe und gehe zu Zustand 11 über
    "true"      schiebe und gehe zu Zustand 12 über
    "false"     schiebe und gehe zu Zustand 13 über
    "("         schiebe und gehe zu Zustand 16 über
    "["         schiebe und gehe zu Zustand 17 über
    "!"         schiebe und gehe zu Zustand 19 über
    NUMBER      schiebe und gehe zu Zustand 20 über
    IDENT       schiebe und gehe zu Zustand 49 über
    STRING      schiebe und gehe zu Zustand 22 über

    function  gehe zu Zustand 29 über
    exp07     gehe zu Zustand 132 über
    exp08     gehe zu Zustand 42 über
    exp09     gehe zu Zustand 43 über
    expp      gehe zu Zustand 44 über
    value     gehe zu Zustand 45 über
    array     gehe zu Zustand 46 über


Zustand 89

   68 exp06: exp07 "-" . exp07

    "function"  schiebe und gehe zu Zustand 47 über
    "nil"       schiebe und gehe zu Zustand 11 über
    "true"      schiebe und gehe zu Zustand 12 über
    "false"     schiebe und gehe zu Zustand 13 über
    "("         schiebe und gehe zu Zustand 16 über
    "["         schiebe und gehe zu Zustand 17 über
    "!"         schiebe und gehe zu Zustand 19 über
    NUMBER      schiebe und gehe zu Zustand 20 über
    IDENT       schiebe und gehe zu Zustand 49 über
    STRING      schiebe und gehe zu Zustand 22 über

    function  gehe zu Zustand 29 über
    exp07     gehe zu Zustand 133 über
    exp08     gehe zu Zustand 42 über
    exp09     gehe zu Zustand 43 über
    expp      gehe zu Zustand 44 über
    value     gehe zu Zustand 45 über
    array     gehe zu Zustand 46 über


Zustand 90

   71 exp07: exp08 "/" . exp08

    "function"  schiebe und gehe zu Zustand 47 über
    "nil"       schiebe und gehe zu Zustand 11 über
    "true"      schiebe und gehe zu Zustand 12 über
    "false"     schiebe und gehe zu Zustand 13 über
    "("         schiebe und gehe zu Zustand 16 über
    "["         schiebe und gehe zu Zustand 17 über
    "!"         schiebe und gehe zu Zustand 19 über
    NUMBER      schiebe und gehe zu Zustand 20 über
    IDENT       schiebe und gehe zu Zustand 49 über
    STRING      schiebe und gehe zu Zustand 22 über

    function  gehe zu Zustand 29 über
    exp08     gehe zu Zustand 134 über
    exp09     gehe zu Zustand 43 über
    expp      gehe zu Zustand 44 über
    value     gehe zu Zustand 45 über
    array     gehe zu Zustand 46 über


Zustand 91

   70 exp07: exp08 "*" . exp08

    "function"  schiebe und gehe zu Zustand 47 über
    "nil"       schiebe und gehe zu Zustand 11 über
    "true"      schiebe und gehe zu Zustand 12 über
    "false"     schiebe und gehe zu Zustand 13 über
    "("         schiebe und gehe zu Zustand 16 über
    "["         schiebe und gehe zu Zustand 17 über
    "!"         schiebe und gehe zu Zustand 19 über
    NUMBER      schiebe und gehe zu Zustand 20 über
    IDENT       schiebe und gehe zu Zustand 49 über
    STRING      schiebe und gehe zu Zustand 22 über

    function  gehe zu Zustand 29 über
    exp08     gehe zu Zustand 135 über
    exp09     gehe zu Zustand 43 über
    expp      gehe zu Zustand 44 über
    value     gehe zu Zustand 45 über
    array     gehe zu Zustand 46 über


Zustand 92

   72 exp07: exp08 "%" . exp08

    "function"  schiebe und gehe zu Zustand 47 über
    "nil"       schiebe und gehe zu Zustand 11 über
    "true"      schiebe und gehe zu Zustand 12 über
    "false"     schiebe und gehe zu Zustand 13 über
    "("         schiebe und gehe zu Zustand 16 über
    "["         schiebe und gehe zu Zustand 17 über
    "!"         schiebe und gehe zu Zustand 19 über
    NUMBER      schiebe und gehe zu Zustand 20 über
    IDENT       schiebe und gehe zu Zustand 49 über
    STRING      schiebe und gehe zu Zustand 22 über

    function  gehe zu Zustand 29 über
    exp08     gehe zu Zustand 136 über
    exp09     gehe zu Zustand 43 über
    expp      gehe zu Zustand 44 über
    value     gehe zu Zustand 45 über
    array     gehe zu Zustand 46 über


Zustand 93

   76 exp09: expp "." . IDENT "(" explist ")"

    IDENT  schiebe und gehe zu Zustand 137 über


Zustand 94

    5 statement: "return" exp01 ";" .

    $default  reduziere mit Regel 5 (statement)


Zustand 95

    7 statement: "throw" exp01 ";" .

    $default  reduziere mit Regel 7 (statement)


Zustand 96

   21 vardecl: "let" IDENT "be" . exp01

    "function"  schiebe und gehe zu Zustand 47 über
    "nil"       schiebe und gehe zu Zustand 11 über
    "true"      schiebe und gehe zu Zustand 12 über
    "false"     schiebe und gehe zu Zustand 13 über
    "("         schiebe und gehe zu Zustand 16 über
    "["         schiebe und gehe zu Zustand 17 über
    "!"         schiebe und gehe zu Zustand 19 über
    NUMBER      schiebe und gehe zu Zustand 20 über
    IDENT       schiebe und gehe zu Zustand 49 über
    STRING      schiebe und gehe zu Zustand 22 über

    function  gehe zu Zustand 29 über
    exp01     gehe zu Zustand 138 über
    exp02     gehe zu Zustand 36 über
    exp03     gehe zu Zustand 37 über
    exp04     gehe zu Zustand 38 über
    exp05     gehe zu Zustand 39 über
    exp06     gehe zu Zustand 40 über
    exp07     gehe zu Zustand 41 über
    exp08     gehe zu Zustand 42 über
    exp09     gehe zu Zustand 43 über
    expp      gehe zu Zustand 44 über
    value     gehe zu Zustand 45 über
    array     gehe zu Zustand 46 über


Zustand 97

   22 vardecl: "let" IDENT ";" .

    $default  reduziere mit Regel 22 (vardecl)


Zustand 98

   20 vardecl: "let" IDENT "=" . exp01

    "function"  schiebe und gehe zu Zustand 47 über
    "nil"       schiebe und gehe zu Zustand 11 über
    "true"      schiebe und gehe zu Zustand 12 über
    "false"     schiebe und gehe zu Zustand 13 über
    "("         schiebe und gehe zu Zustand 16 über
    "["         schiebe und gehe zu Zustand 17 über
    "!"         schiebe und gehe zu Zustand 19 über
    NUMBER      schiebe und gehe zu Zustand 20 über
    IDENT       schiebe und gehe zu Zustand 49 über
    STRING      schiebe und gehe zu Zustand 22 über

    function  gehe zu Zustand 29 über
    exp01     gehe zu Zustand 139 über
    exp02     gehe zu Zustand 36 über
    exp03     gehe zu Zustand 37 über
    exp04     gehe zu Zustand 38 über
    exp05     gehe zu Zustand 39 über
    exp06     gehe zu Zustand 40 über
    exp07     gehe zu Zustand 41 über
    exp08     gehe zu Zustand 42 über
    exp09     gehe zu Zustand 43 über
    expp      gehe zu Zustand 44 über
    value     gehe zu Zustand 45 über
    array     gehe zu Zustand 46 über


Zustand 99

   28 funchead: "(" ")" .

    $default  reduziere mit Regel 28 (funchead)


Zustand 100

   30 arglist: IDENT .
   31        | IDENT . ","
   32        | IDENT . "," arglist

    ","  schiebe und gehe zu Zustand 140 über

    $default  reduziere mit Regel 30 (arglist)


Zustand 101

   29 funchead: "(" arglist . ")"

    ")"  schiebe und gehe zu Zustand 141 über


Zustand 102

   26 funcdecl: "function" IDENT funchead . codeblock

    error       schiebe und gehe zu Zustand 1 über
    "return"    schiebe und gehe zu Zustand 2 über
    "throw"     schiebe und gehe zu Zustand 3 über
    "let"       schiebe und gehe zu Zustand 4 über
    "function"  schiebe und gehe zu Zustand 5 über
    "if"        schiebe und gehe zu Zustand 6 über
    "while"     schiebe und gehe zu Zustand 7 über
    "do"        schiebe und gehe zu Zustand 8 über
    "try"       schiebe und gehe zu Zustand 9 über
    "switch"    schiebe und gehe zu Zustand 10 über
    "nil"       schiebe und gehe zu Zustand 11 über
    "true"      schiebe und gehe zu Zustand 12 über
    "false"     schiebe und gehe zu Zustand 13 über
    "for"       schiebe und gehe zu Zustand 14 über
    "private"   schiebe und gehe zu Zustand 15 über
    "{"         schiebe und gehe zu Zustand 58 über
    "("         schiebe und gehe zu Zustand 16 über
    "["         schiebe und gehe zu Zustand 17 über
    ";"         schiebe und gehe zu Zustand 18 über
    "!"         schiebe und gehe zu Zustand 19 über
    NUMBER      schiebe und gehe zu Zustand 20 über
    IDENT       schiebe und gehe zu Zustand 21 über
    STRING      schiebe und gehe zu Zustand 22 über

    statement   gehe zu Zustand 59 über
    assignment  gehe zu Zustand 26 über
    vardecl     gehe zu Zustand 27 über
    funcdecl    gehe zu Zustand 28 über
    function    gehe zu Zustand 29 über
    codeblock   gehe zu Zustand 142 über
    if          gehe zu Zustand 30 über
    for         gehe zu Zustand 31 über
    while       gehe zu Zustand 32 über
    trycatch    gehe zu Zustand 33 über
    switch      gehe zu Zustand 34 über
    exp01       gehe zu Zustand 35 über
    exp02       gehe zu Zustand 36 über
    exp03       gehe zu Zustand 37 über
    exp04       gehe zu Zustand 38 über
    exp05       gehe zu Zustand 39 über
    exp06       gehe zu Zustand 40 über
    exp07       gehe zu Zustand 41 über
    exp08       gehe zu Zustand 42 über
    exp09       gehe zu Zustand 43 über
    expp        gehe zu Zustand 44 über
    value       gehe zu Zustand 45 über
    array       gehe zu Zustand 46 über


Zustand 103

   27 function: "function" funchead codeblock .

    $default  reduziere mit Regel 27 (function)


Zustand 104

   36 if: "if" "(" exp01 . ")" codeblock
   37   | "if" "(" exp01 . ")" codeblock "else" codeblock

    ")"  schiebe und gehe zu Zustand 143 über


Zustand 105

   41 while: "while" "(" exp01 . ")" codeblock

    ")"  schiebe und gehe zu Zustand 144 über


Zustand 106

   34 codeblock: "{" "}" .

    $default  reduziere mit Regel 34 (codeblock)


Zustand 107

   35 codeblock: "{" statements . "}"

    "}"  schiebe und gehe zu Zustand 145 über


Zustand 108

   42 while: "do" codeblock "while" . "(" exp01 ")"

    "("  schiebe und gehe zu Zustand 146 über


Zustand 109

   43 trycatch: "try" codeblock "catch" . "(" IDENT ")" codeblock

    "("  schiebe und gehe zu Zustand 147 über


Zustand 110

   44 switch: "switch" "(" exp01 . ")" "{" caselist "}"

    ")"  schiebe und gehe zu Zustand 148 über


Zustand 111

   40 for: "for" "(" IDENT . ":" exp01 ")" codeblock

    ":"  schiebe und gehe zu Zustand 149 über


Zustand 112

   38 for: "for" IDENT "from" . exp01 "to" exp01 codeblock
   39    | "for" IDENT "from" . exp01 "to" exp01 "step" exp01 codeblock

    "function"  schiebe und gehe zu Zustand 47 über
    "nil"       schiebe und gehe zu Zustand 11 über
    "true"      schiebe und gehe zu Zustand 12 über
    "false"     schiebe und gehe zu Zustand 13 über
    "("         schiebe und gehe zu Zustand 16 über
    "["         schiebe und gehe zu Zustand 17 über
    "!"         schiebe und gehe zu Zustand 19 über
    NUMBER      schiebe und gehe zu Zustand 20 über
    IDENT       schiebe und gehe zu Zustand 49 über
    STRING      schiebe und gehe zu Zustand 22 über

    function  gehe zu Zustand 29 über
    exp01     gehe zu Zustand 150 über
    exp02     gehe zu Zustand 36 über
    exp03     gehe zu Zustand 37 über
    exp04     gehe zu Zustand 38 über
    exp05     gehe zu Zustand 39 über
    exp06     gehe zu Zustand 40 über
    exp07     gehe zu Zustand 41 über
    exp08     gehe zu Zustand 42 über
    exp09     gehe zu Zustand 43 über
    expp      gehe zu Zustand 44 über
    value     gehe zu Zustand 45 über
    array     gehe zu Zustand 46 über


Zustand 113

   24 vardecl: "private" IDENT "be" . exp01

    "function"  schiebe und gehe zu Zustand 47 über
    "nil"       schiebe und gehe zu Zustand 11 über
    "true"      schiebe und gehe zu Zustand 12 über
    "false"     schiebe und gehe zu Zustand 13 über
    "("         schiebe und gehe zu Zustand 16 über
    "["         schiebe und gehe zu Zustand 17 über
    "!"         schiebe und gehe zu Zustand 19 über
    NUMBER      schiebe und gehe zu Zustand 20 über
    IDENT       schiebe und gehe zu Zustand 49 über
    STRING      schiebe und gehe zu Zustand 22 über

    function  gehe zu Zustand 29 über
    exp01     gehe zu Zustand 151 über
    exp02     gehe zu Zustand 36 über
    exp03     gehe zu Zustand 37 über
    exp04     gehe zu Zustand 38 über
    exp05     gehe zu Zustand 39 über
    exp06     gehe zu Zustand 40 über
    exp07     gehe zu Zustand 41 über
    exp08     gehe zu Zustand 42 über
    exp09     gehe zu Zustand 43 über
    expp      gehe zu Zustand 44 über
    value     gehe zu Zustand 45 über
    array     gehe zu Zustand 46 über


Zustand 114

   25 vardecl: "private" IDENT ";" .

    $default  reduziere mit Regel 25 (vardecl)


Zustand 115

   23 vardecl: "private" IDENT "=" . exp01

    "function"  schiebe und gehe zu Zustand 47 über
    "nil"       schiebe und gehe zu Zustand 11 über
    "true"      schiebe und gehe zu Zustand 12 über
    "false"     schiebe und gehe zu Zustand 13 über
    "("         schiebe und gehe zu Zustand 16 über
    "["         schiebe und gehe zu Zustand 17 über
    "!"         schiebe und gehe zu Zustand 19 über
    NUMBER      schiebe und gehe zu Zustand 20 über
    IDENT       schiebe und gehe zu Zustand 49 über
    STRING      schiebe und gehe zu Zustand 22 über

    function  gehe zu Zustand 29 über
    exp01     gehe zu Zustand 152 über
    exp02     gehe zu Zustand 36 über
    exp03     gehe zu Zustand 37 über
    exp04     gehe zu Zustand 38 über
    exp05     gehe zu Zustand 39 über
    exp06     gehe zu Zustand 40 über
    exp07     gehe zu Zustand 41 über
    exp08     gehe zu Zustand 42 über
    exp09     gehe zu Zustand 43 über
    expp      gehe zu Zustand 44 über
    value     gehe zu Zustand 45 über
    array     gehe zu Zustand 46 über


Zustand 116

   77 expp: "(" exp01 ")" .

    $default  reduziere mit Regel 77 (expp)


Zustand 117

   91 explist: exp01 "," .
   92        | exp01 "," . explist

    "function"  schiebe und gehe zu Zustand 47 über
    "nil"       schiebe und gehe zu Zustand 11 über
    "true"      schiebe und gehe zu Zustand 12 über
    "false"     schiebe und gehe zu Zustand 13 über
    "("         schiebe und gehe zu Zustand 16 über
    "["         schiebe und gehe zu Zustand 17 über
    "!"         schiebe und gehe zu Zustand 19 über
    NUMBER      schiebe und gehe zu Zustand 20 über
    IDENT       schiebe und gehe zu Zustand 49 über
    STRING      schiebe und gehe zu Zustand 22 über

    $default  reduziere mit Regel 91 (explist)

    function  gehe zu Zustand 29 über
    exp01     gehe zu Zustand 68 über
    exp02     gehe zu Zustand 36 über
    exp03     gehe zu Zustand 37 über
    exp04     gehe zu Zustand 38 über
    exp05     gehe zu Zustand 39 über
    exp06     gehe zu Zustand 40 über
    exp07     gehe zu Zustand 41 über
    exp08     gehe zu Zustand 42 über
    exp09     gehe zu Zustand 43 über
    expp      gehe zu Zustand 44 über
    value     gehe zu Zustand 45 über
    array     gehe zu Zustand 46 über
    explist   gehe zu Zustand 153 über


Zustand 118

   89 array: "[" explist "]" .

    $default  reduziere mit Regel 89 (array)


Zustand 119

   78 expp: IDENT "(" explist . ")"

    ")"  schiebe und gehe zu Zustand 154 über


Zustand 120

   19 assignment: IDENT "=" exp01 .

    $default  reduziere mit Regel 19 (assignment)


Zustand 121

   51 exp01: exp02 "?" exp01 . ":" exp01

    ":"  schiebe und gehe zu Zustand 155 über


Zustand 122

   53 exp02: exp03 "||" exp03 .

    $default  reduziere mit Regel 53 (exp02)


Zustand 123

   55 exp03: exp04 "&&" exp04 .

    $default  reduziere mit Regel 55 (exp03)


Zustand 124

   57 exp04: exp05 "===" exp05 .

    $default  reduziere mit Regel 57 (exp04)


Zustand 125

   59 exp04: exp05 "==" exp05 .

    $default  reduziere mit Regel 59 (exp04)


Zustand 126

   58 exp04: exp05 "!==" exp05 .

    $default  reduziere mit Regel 58 (exp04)


Zustand 127

   60 exp04: exp05 "!=" exp05 .

    $default  reduziere mit Regel 60 (exp04)


Zustand 128

   63 exp05: exp06 "<=" exp06 .

    $default  reduziere mit Regel 63 (exp05)


Zustand 129

   62 exp05: exp06 "<" exp06 .

    $default  reduziere mit Regel 62 (exp05)


Zustand 130

   65 exp05: exp06 ">=" exp06 .

    $default  reduziere mit Regel 65 (exp05)


Zustand 131

   64 exp05: exp06 ">" exp06 .

    $default  reduziere mit Regel 64 (exp05)


Zustand 132

   67 exp06: exp07 "+" exp07 .

    $default  reduziere mit Regel 67 (exp06)


Zustand 133

   68 exp06: exp07 "-" exp07 .

    $default  reduziere mit Regel 68 (exp06)


Zustand 134

   71 exp07: exp08 "/" exp08 .

    $default  reduziere mit Regel 71 (exp07)


Zustand 135

   70 exp07: exp08 "*" exp08 .

    $default  reduziere mit Regel 70 (exp07)


Zustand 136

   72 exp07: exp08 "%" exp08 .

    $default  reduziere mit Regel 72 (exp07)


Zustand 137

   76 exp09: expp "." IDENT . "(" explist ")"

    "("  schiebe und gehe zu Zustand 156 über


Zustand 138

   21 vardecl: "let" IDENT "be" exp01 .

    $default  reduziere mit Regel 21 (vardecl)


Zustand 139

   20 vardecl: "let" IDENT "=" exp01 .

    $default  reduziere mit Regel 20 (vardecl)


Zustand 140

   31 arglist: IDENT "," .
   32        | IDENT "," . arglist

    IDENT  schiebe und gehe zu Zustand 100 über

    $default  reduziere mit Regel 31 (arglist)

    arglist  gehe zu Zustand 157 über


Zustand 141

   29 funchead: "(" arglist ")" .

    $default  reduziere mit Regel 29 (funchead)


Zustand 142

   26 funcdecl: "function" IDENT funchead codeblock .

    $default  reduziere mit Regel 26 (funcdecl)


Zustand 143

   36 if: "if" "(" exp01 ")" . codeblock
   37   | "if" "(" exp01 ")" . codeblock "else" codeblock

    error       schiebe und gehe zu Zustand 1 über
    "return"    schiebe und gehe zu Zustand 2 über
    "throw"     schiebe und gehe zu Zustand 3 über
    "let"       schiebe und gehe zu Zustand 4 über
    "function"  schiebe und gehe zu Zustand 5 über
    "if"        schiebe und gehe zu Zustand 6 über
    "while"     schiebe und gehe zu Zustand 7 über
    "do"        schiebe und gehe zu Zustand 8 über
    "try"       schiebe und gehe zu Zustand 9 über
    "switch"    schiebe und gehe zu Zustand 10 über
    "nil"       schiebe und gehe zu Zustand 11 über
    "true"      schiebe und gehe zu Zustand 12 über
    "false"     schiebe und gehe zu Zustand 13 über
    "for"       schiebe und gehe zu Zustand 14 über
    "private"   schiebe und gehe zu Zustand 15 über
    "{"         schiebe und gehe zu Zustand 58 über
    "("         schiebe und gehe zu Zustand 16 über
    "["         schiebe und gehe zu Zustand 17 über
    ";"         schiebe und gehe zu Zustand 18 über
    "!"         schiebe und gehe zu Zustand 19 über
    NUMBER      schiebe und gehe zu Zustand 20 über
    IDENT       schiebe und gehe zu Zustand 21 über
    STRING      schiebe und gehe zu Zustand 22 über

    statement   gehe zu Zustand 59 über
    assignment  gehe zu Zustand 26 über
    vardecl     gehe zu Zustand 27 über
    funcdecl    gehe zu Zustand 28 über
    function    gehe zu Zustand 29 über
    codeblock   gehe zu Zustand 158 über
    if          gehe zu Zustand 30 über
    for         gehe zu Zustand 31 über
    while       gehe zu Zustand 32 über
    trycatch    gehe zu Zustand 33 über
    switch      gehe zu Zustand 34 über
    exp01       gehe zu Zustand 35 über
    exp02       gehe zu Zustand 36 über
    exp03       gehe zu Zustand 37 über
    exp04       gehe zu Zustand 38 über
    exp05       gehe zu Zustand 39 über
    exp06       gehe zu Zustand 40 über
    exp07       gehe zu Zustand 41 über
    exp08       gehe zu Zustand 42 über
    exp09       gehe zu Zustand 43 über
    expp        gehe zu Zustand 44 über
    value       gehe zu Zustand 45 über
    array       gehe zu Zustand 46 über


Zustand 144

   41 while: "while" "(" exp01 ")" . codeblock

    error       schiebe und gehe zu Zustand 1 über
    "return"    schiebe und gehe zu Zustand 2 über
    "throw"     schiebe und gehe zu Zustand 3 über
    "let"       schiebe und gehe zu Zustand 4 über
    "function"  schiebe und gehe zu Zustand 5 über
    "if"        schiebe und gehe zu Zustand 6 über
    "while"     schiebe und gehe zu Zustand 7 über
    "do"        schiebe und gehe zu Zustand 8 über
    "try"       schiebe und gehe zu Zustand 9 über
    "switch"    schiebe und gehe zu Zustand 10 über
    "nil"       schiebe und gehe zu Zustand 11 über
    "true"      schiebe und gehe zu Zustand 12 über
    "false"     schiebe und gehe zu Zustand 13 über
    "for"       schiebe und gehe zu Zustand 14 über
    "private"   schiebe und gehe zu Zustand 15 über
    "{"         schiebe und gehe zu Zustand 58 über
    "("         schiebe und gehe zu Zustand 16 über
    "["         schiebe und gehe zu Zustand 17 über
    ";"         schiebe und gehe zu Zustand 18 über
    "!"         schiebe und gehe zu Zustand 19 über
    NUMBER      schiebe und gehe zu Zustand 20 über
    IDENT       schiebe und gehe zu Zustand 21 über
    STRING      schiebe und gehe zu Zustand 22 über

    statement   gehe zu Zustand 59 über
    assignment  gehe zu Zustand 26 über
    vardecl     gehe zu Zustand 27 über
    funcdecl    gehe zu Zustand 28 über
    function    gehe zu Zustand 29 über
    codeblock   gehe zu Zustand 159 über
    if          gehe zu Zustand 30 über
    for         gehe zu Zustand 31 über
    while       gehe zu Zustand 32 über
    trycatch    gehe zu Zustand 33 über
    switch      gehe zu Zustand 34 über
    exp01       gehe zu Zustand 35 über
    exp02       gehe zu Zustand 36 über
    exp03       gehe zu Zustand 37 über
    exp04       gehe zu Zustand 38 über
    exp05       gehe zu Zustand 39 über
    exp06       gehe zu Zustand 40 über
    exp07       gehe zu Zustand 41 über
    exp08       gehe zu Zustand 42 über
    exp09       gehe zu Zustand 43 über
    expp        gehe zu Zustand 44 über
    value       gehe zu Zustand 45 über
    array       gehe zu Zustand 46 über


Zustand 145

   35 codeblock: "{" statements "}" .

    $default  reduziere mit Regel 35 (codeblock)


Zustand 146

   42 while: "do" codeblock "while" "(" . exp01 ")"

    "function"  schiebe und gehe zu Zustand 47 über
    "nil"       schiebe und gehe zu Zustand 11 über
    "true"      schiebe und gehe zu Zustand 12 über
    "false"     schiebe und gehe zu Zustand 13 über
    "("         schiebe und gehe zu Zustand 16 über
    "["         schiebe und gehe zu Zustand 17 über
    "!"         schiebe und gehe zu Zustand 19 über
    NUMBER      schiebe und gehe zu Zustand 20 über
    IDENT       schiebe und gehe zu Zustand 49 über
    STRING      schiebe und gehe zu Zustand 22 über

    function  gehe zu Zustand 29 über
    exp01     gehe zu Zustand 160 über
    exp02     gehe zu Zustand 36 über
    exp03     gehe zu Zustand 37 über
    exp04     gehe zu Zustand 38 über
    exp05     gehe zu Zustand 39 über
    exp06     gehe zu Zustand 40 über
    exp07     gehe zu Zustand 41 über
    exp08     gehe zu Zustand 42 über
    exp09     gehe zu Zustand 43 über
    expp      gehe zu Zustand 44 über
    value     gehe zu Zustand 45 über
    array     gehe zu Zustand 46 über


Zustand 147

   43 trycatch: "try" codeblock "catch" "(" . IDENT ")" codeblock

    IDENT  schiebe und gehe zu Zustand 161 über


Zustand 148

   44 switch: "switch" "(" exp01 ")" . "{" caselist "}"

    "{"  schiebe und gehe zu Zustand 162 über


Zustand 149

   40 for: "for" "(" IDENT ":" . exp01 ")" codeblock

    "function"  schiebe und gehe zu Zustand 47 über
    "nil"       schiebe und gehe zu Zustand 11 über
    "true"      schiebe und gehe zu Zustand 12 über
    "false"     schiebe und gehe zu Zustand 13 über
    "("         schiebe und gehe zu Zustand 16 über
    "["         schiebe und gehe zu Zustand 17 über
    "!"         schiebe und gehe zu Zustand 19 über
    NUMBER      schiebe und gehe zu Zustand 20 über
    IDENT       schiebe und gehe zu Zustand 49 über
    STRING      schiebe und gehe zu Zustand 22 über

    function  gehe zu Zustand 29 über
    exp01     gehe zu Zustand 163 über
    exp02     gehe zu Zustand 36 über
    exp03     gehe zu Zustand 37 über
    exp04     gehe zu Zustand 38 über
    exp05     gehe zu Zustand 39 über
    exp06     gehe zu Zustand 40 über
    exp07     gehe zu Zustand 41 über
    exp08     gehe zu Zustand 42 über
    exp09     gehe zu Zustand 43 über
    expp      gehe zu Zustand 44 über
    value     gehe zu Zustand 45 über
    array     gehe zu Zustand 46 über


Zustand 150

   38 for: "for" IDENT "from" exp01 . "to" exp01 codeblock
   39    | "for" IDENT "from" exp01 . "to" exp01 "step" exp01 codeblock

    "to"  schiebe und gehe zu Zustand 164 über


Zustand 151

   24 vardecl: "private" IDENT "be" exp01 .

    $default  reduziere mit Regel 24 (vardecl)


Zustand 152

   23 vardecl: "private" IDENT "=" exp01 .

    $default  reduziere mit Regel 23 (vardecl)


Zustand 153

   92 explist: exp01 "," explist .

    $default  reduziere mit Regel 92 (explist)


Zustand 154

   78 expp: IDENT "(" explist ")" .

    $default  reduziere mit Regel 78 (expp)


Zustand 155

   51 exp01: exp02 "?" exp01 ":" . exp01

    "function"  schiebe und gehe zu Zustand 47 über
    "nil"       schiebe und gehe zu Zustand 11 über
    "true"      schiebe und gehe zu Zustand 12 über
    "false"     schiebe und gehe zu Zustand 13 über
    "("         schiebe und gehe zu Zustand 16 über
    "["         schiebe und gehe zu Zustand 17 über
    "!"         schiebe und gehe zu Zustand 19 über
    NUMBER      schiebe und gehe zu Zustand 20 über
    IDENT       schiebe und gehe zu Zustand 49 über
    STRING      schiebe und gehe zu Zustand 22 über

    function  gehe zu Zustand 29 über
    exp01     gehe zu Zustand 165 über
    exp02     gehe zu Zustand 36 über
    exp03     gehe zu Zustand 37 über
    exp04     gehe zu Zustand 38 über
    exp05     gehe zu Zustand 39 über
    exp06     gehe zu Zustand 40 über
    exp07     gehe zu Zustand 41 über
    exp08     gehe zu Zustand 42 über
    exp09     gehe zu Zustand 43 über
    expp      gehe zu Zustand 44 über
    value     gehe zu Zustand 45 über
    array     gehe zu Zustand 46 über


Zustand 156

   76 exp09: expp "." IDENT "(" . explist ")"

    "function"  schiebe und gehe zu Zustand 47 über
    "nil"       schiebe und gehe zu Zustand 11 über
    "true"      schiebe und gehe zu Zustand 12 über
    "false"     schiebe und gehe zu Zustand 13 über
    "("         schiebe und gehe zu Zustand 16 über
    "["         schiebe und gehe zu Zustand 17 über
    "!"         schiebe und gehe zu Zustand 19 über
    NUMBER      schiebe und gehe zu Zustand 20 über
    IDENT       schiebe und gehe zu Zustand 49 über
    STRING      schiebe und gehe zu Zustand 22 über

    function  gehe zu Zustand 29 über
    exp01     gehe zu Zustand 68 über
    exp02     gehe zu Zustand 36 über
    exp03     gehe zu Zustand 37 über
    exp04     gehe zu Zustand 38 über
    exp05     gehe zu Zustand 39 über
    exp06     gehe zu Zustand 40 über
    exp07     gehe zu Zustand 41 über
    exp08     gehe zu Zustand 42 über
    exp09     gehe zu Zustand 43 über
    expp      gehe zu Zustand 44 über
    value     gehe zu Zustand 45 über
    array     gehe zu Zustand 46 über
    explist   gehe zu Zustand 166 über


Zustand 157

   32 arglist: IDENT "," arglist .

    $default  reduziere mit Regel 32 (arglist)


Zustand 158

   36 if: "if" "(" exp01 ")" codeblock .
   37   | "if" "(" exp01 ")" codeblock . "else" codeblock

    "else"  schiebe und gehe zu Zustand 167 über

    "else"    [reduziere mit Regel 36 (if)]
    $default  reduziere mit Regel 36 (if)


Zustand 159

   41 while: "while" "(" exp01 ")" codeblock .

    $default  reduziere mit Regel 41 (while)


Zustand 160

   42 while: "do" codeblock "while" "(" exp01 . ")"

    ")"  schiebe und gehe zu Zustand 168 über


Zustand 161

   43 trycatch: "try" codeblock "catch" "(" IDENT . ")" codeblock

    ")"  schiebe und gehe zu Zustand 169 über


Zustand 162

   44 switch: "switch" "(" exp01 ")" "{" . caselist "}"

    "case"     schiebe und gehe zu Zustand 170 über
    "default"  schiebe und gehe zu Zustand 171 über

    caselist  gehe zu Zustand 172 über
    case      gehe zu Zustand 173 über


Zustand 163

   40 for: "for" "(" IDENT ":" exp01 . ")" codeblock

    ")"  schiebe und gehe zu Zustand 174 über


Zustand 164

   38 for: "for" IDENT "from" exp01 "to" . exp01 codeblock
   39    | "for" IDENT "from" exp01 "to" . exp01 "step" exp01 codeblock

    "function"  schiebe und gehe zu Zustand 47 über
    "nil"       schiebe und gehe zu Zustand 11 über
    "true"      schiebe und gehe zu Zustand 12 über
    "false"     schiebe und gehe zu Zustand 13 über
    "("         schiebe und gehe zu Zustand 16 über
    "["         schiebe und gehe zu Zustand 17 über
    "!"         schiebe und gehe zu Zustand 19 über
    NUMBER      schiebe und gehe zu Zustand 20 über
    IDENT       schiebe und gehe zu Zustand 49 über
    STRING      schiebe und gehe zu Zustand 22 über

    function  gehe zu Zustand 29 über
    exp01     gehe zu Zustand 175 über
    exp02     gehe zu Zustand 36 über
    exp03     gehe zu Zustand 37 über
    exp04     gehe zu Zustand 38 über
    exp05     gehe zu Zustand 39 über
    exp06     gehe zu Zustand 40 über
    exp07     gehe zu Zustand 41 über
    exp08     gehe zu Zustand 42 über
    exp09     gehe zu Zustand 43 über
    expp      gehe zu Zustand 44 über
    value     gehe zu Zustand 45 über
    array     gehe zu Zustand 46 über


Zustand 165

   51 exp01: exp02 "?" exp01 ":" exp01 .

    $default  reduziere mit Regel 51 (exp01)


Zustand 166

   76 exp09: expp "." IDENT "(" explist . ")"

    ")"  schiebe und gehe zu Zustand 176 über


Zustand 167

   37 if: "if" "(" exp01 ")" codeblock "else" . codeblock

    error       schiebe und gehe zu Zustand 1 über
    "return"    schiebe und gehe zu Zustand 2 über
    "throw"     schiebe und gehe zu Zustand 3 über
    "let"       schiebe und gehe zu Zustand 4 über
    "function"  schiebe und gehe zu Zustand 5 über
    "if"        schiebe und gehe zu Zustand 6 über
    "while"     schiebe und gehe zu Zustand 7 über
    "do"        schiebe und gehe zu Zustand 8 über
    "try"       schiebe und gehe zu Zustand 9 über
    "switch"    schiebe und gehe zu Zustand 10 über
    "nil"       schiebe und gehe zu Zustand 11 über
    "true"      schiebe und gehe zu Zustand 12 über
    "false"     schiebe und gehe zu Zustand 13 über
    "for"       schiebe und gehe zu Zustand 14 über
    "private"   schiebe und gehe zu Zustand 15 über
    "{"         schiebe und gehe zu Zustand 58 über
    "("         schiebe und gehe zu Zustand 16 über
    "["         schiebe und gehe zu Zustand 17 über
    ";"         schiebe und gehe zu Zustand 18 über
    "!"         schiebe und gehe zu Zustand 19 über
    NUMBER      schiebe und gehe zu Zustand 20 über
    IDENT       schiebe und gehe zu Zustand 21 über
    STRING      schiebe und gehe zu Zustand 22 über

    statement   gehe zu Zustand 59 über
    assignment  gehe zu Zustand 26 über
    vardecl     gehe zu Zustand 27 über
    funcdecl    gehe zu Zustand 28 über
    function    gehe zu Zustand 29 über
    codeblock   gehe zu Zustand 177 über
    if          gehe zu Zustand 30 über
    for         gehe zu Zustand 31 über
    while       gehe zu Zustand 32 über
    trycatch    gehe zu Zustand 33 über
    switch      gehe zu Zustand 34 über
    exp01       gehe zu Zustand 35 über
    exp02       gehe zu Zustand 36 über
    exp03       gehe zu Zustand 37 über
    exp04       gehe zu Zustand 38 über
    exp05       gehe zu Zustand 39 über
    exp06       gehe zu Zustand 40 über
    exp07       gehe zu Zustand 41 über
    exp08       gehe zu Zustand 42 über
    exp09       gehe zu Zustand 43 über
    expp        gehe zu Zustand 44 über
    value       gehe zu Zustand 45 über
    array       gehe zu Zustand 46 über


Zustand 168

   42 while: "do" codeblock "while" "(" exp01 ")" .

    $default  reduziere mit Regel 42 (while)


Zustand 169

   43 trycatch: "try" codeblock "catch" "(" IDENT ")" . codeblock

    error       schiebe und gehe zu Zustand 1 über
    "return"    schiebe und gehe zu Zustand 2 über
    "throw"     schiebe und gehe zu Zustand 3 über
    "let"       schiebe und gehe zu Zustand 4 über
    "function"  schiebe und gehe zu Zustand 5 über
    "if"        schiebe und gehe zu Zustand 6 über
    "while"     schiebe und gehe zu Zustand 7 über
    "do"        schiebe und gehe zu Zustand 8 über
    "try"       schiebe und gehe zu Zustand 9 über
    "switch"    schiebe und gehe zu Zustand 10 über
    "nil"       schiebe und gehe zu Zustand 11 über
    "true"      schiebe und gehe zu Zustand 12 über
    "false"     schiebe und gehe zu Zustand 13 über
    "for"       schiebe und gehe zu Zustand 14 über
    "private"   schiebe und gehe zu Zustand 15 über
    "{"         schiebe und gehe zu Zustand 58 über
    "("         schiebe und gehe zu Zustand 16 über
    "["         schiebe und gehe zu Zustand 17 über
    ";"         schiebe und gehe zu Zustand 18 über
    "!"         schiebe und gehe zu Zustand 19 über
    NUMBER      schiebe und gehe zu Zustand 20 über
    IDENT       schiebe und gehe zu Zustand 21 über
    STRING      schiebe und gehe zu Zustand 22 über

    statement   gehe zu Zustand 59 über
    assignment  gehe zu Zustand 26 über
    vardecl     gehe zu Zustand 27 über
    funcdecl    gehe zu Zustand 28 über
    function    gehe zu Zustand 29 über
    codeblock   gehe zu Zustand 178 über
    if          gehe zu Zustand 30 über
    for         gehe zu Zustand 31 über
    while       gehe zu Zustand 32 über
    trycatch    gehe zu Zustand 33 über
    switch      gehe zu Zustand 34 über
    exp01       gehe zu Zustand 35 über
    exp02       gehe zu Zustand 36 über
    exp03       gehe zu Zustand 37 über
    exp04       gehe zu Zustand 38 über
    exp05       gehe zu Zustand 39 über
    exp06       gehe zu Zustand 40 über
    exp07       gehe zu Zustand 41 über
    exp08       gehe zu Zustand 42 über
    exp09       gehe zu Zustand 43 über
    expp        gehe zu Zustand 44 über
    value       gehe zu Zustand 45 über
    array       gehe zu Zustand 46 über


Zustand 170

   47 case: "case" . exp01 ":" codeblock
   48     | "case" . exp01 ":"

    "function"  schiebe und gehe zu Zustand 47 über
    "nil"       schiebe und gehe zu Zustand 11 über
    "true"      schiebe und gehe zu Zustand 12 über
    "false"     schiebe und gehe zu Zustand 13 über
    "("         schiebe und gehe zu Zustand 16 über
    "["         schiebe und gehe zu Zustand 17 über
    "!"         schiebe und gehe zu Zustand 19 über
    NUMBER      schiebe und gehe zu Zustand 20 über
    IDENT       schiebe und gehe zu Zustand 49 über
    STRING      schiebe und gehe zu Zustand 22 über

    function  gehe zu Zustand 29 über
    exp01     gehe zu Zustand 179 über
    exp02     gehe zu Zustand 36 über
    exp03     gehe zu Zustand 37 über
    exp04     gehe zu Zustand 38 über
    exp05     gehe zu Zustand 39 über
    exp06     gehe zu Zustand 40 über
    exp07     gehe zu Zustand 41 über
    exp08     gehe zu Zustand 42 über
    exp09     gehe zu Zustand 43 über
    expp      gehe zu Zustand 44 über
    value     gehe zu Zustand 45 über
    array     gehe zu Zustand 46 über


Zustand 171

   49 case: "default" . ":" codeblock

    ":"  schiebe und gehe zu Zustand 180 über


Zustand 172

   44 switch: "switch" "(" exp01 ")" "{" caselist . "}"

    "}"  schiebe und gehe zu Zustand 181 über


Zustand 173

   45 caselist: case .
   46         | case . caselist

    "case"     schiebe und gehe zu Zustand 170 über
    "default"  schiebe und gehe zu Zustand 171 über

    $default  reduziere mit Regel 45 (caselist)

    caselist  gehe zu Zustand 182 über
    case      gehe zu Zustand 173 über


Zustand 174

   40 for: "for" "(" IDENT ":" exp01 ")" . codeblock

    error       schiebe und gehe zu Zustand 1 über
    "return"    schiebe und gehe zu Zustand 2 über
    "throw"     schiebe und gehe zu Zustand 3 über
    "let"       schiebe und gehe zu Zustand 4 über
    "function"  schiebe und gehe zu Zustand 5 über
    "if"        schiebe und gehe zu Zustand 6 über
    "while"     schiebe und gehe zu Zustand 7 über
    "do"        schiebe und gehe zu Zustand 8 über
    "try"       schiebe und gehe zu Zustand 9 über
    "switch"    schiebe und gehe zu Zustand 10 über
    "nil"       schiebe und gehe zu Zustand 11 über
    "true"      schiebe und gehe zu Zustand 12 über
    "false"     schiebe und gehe zu Zustand 13 über
    "for"       schiebe und gehe zu Zustand 14 über
    "private"   schiebe und gehe zu Zustand 15 über
    "{"         schiebe und gehe zu Zustand 58 über
    "("         schiebe und gehe zu Zustand 16 über
    "["         schiebe und gehe zu Zustand 17 über
    ";"         schiebe und gehe zu Zustand 18 über
    "!"         schiebe und gehe zu Zustand 19 über
    NUMBER      schiebe und gehe zu Zustand 20 über
    IDENT       schiebe und gehe zu Zustand 21 über
    STRING      schiebe und gehe zu Zustand 22 über

    statement   gehe zu Zustand 59 über
    assignment  gehe zu Zustand 26 über
    vardecl     gehe zu Zustand 27 über
    funcdecl    gehe zu Zustand 28 über
    function    gehe zu Zustand 29 über
    codeblock   gehe zu Zustand 183 über
    if          gehe zu Zustand 30 über
    for         gehe zu Zustand 31 über
    while       gehe zu Zustand 32 über
    trycatch    gehe zu Zustand 33 über
    switch      gehe zu Zustand 34 über
    exp01       gehe zu Zustand 35 über
    exp02       gehe zu Zustand 36 über
    exp03       gehe zu Zustand 37 über
    exp04       gehe zu Zustand 38 über
    exp05       gehe zu Zustand 39 über
    exp06       gehe zu Zustand 40 über
    exp07       gehe zu Zustand 41 über
    exp08       gehe zu Zustand 42 über
    exp09       gehe zu Zustand 43 über
    expp        gehe zu Zustand 44 über
    value       gehe zu Zustand 45 über
    array       gehe zu Zustand 46 über


Zustand 175

   38 for: "for" IDENT "from" exp01 "to" exp01 . codeblock
   39    | "for" IDENT "from" exp01 "to" exp01 . "step" exp01 codeblock

    error       schiebe und gehe zu Zustand 1 über
    "return"    schiebe und gehe zu Zustand 2 über
    "throw"     schiebe und gehe zu Zustand 3 über
    "let"       schiebe und gehe zu Zustand 4 über
    "function"  schiebe und gehe zu Zustand 5 über
    "if"        schiebe und gehe zu Zustand 6 über
    "step"      schiebe und gehe zu Zustand 184 über
    "while"     schiebe und gehe zu Zustand 7 über
    "do"        schiebe und gehe zu Zustand 8 über
    "try"       schiebe und gehe zu Zustand 9 über
    "switch"    schiebe und gehe zu Zustand 10 über
    "nil"       schiebe und gehe zu Zustand 11 über
    "true"      schiebe und gehe zu Zustand 12 über
    "false"     schiebe und gehe zu Zustand 13 über
    "for"       schiebe und gehe zu Zustand 14 über
    "private"   schiebe und gehe zu Zustand 15 über
    "{"         schiebe und gehe zu Zustand 58 über
    "("         schiebe und gehe zu Zustand 16 über
    "["         schiebe und gehe zu Zustand 17 über
    ";"         schiebe und gehe zu Zustand 18 über
    "!"         schiebe und gehe zu Zustand 19 über
    NUMBER      schiebe und gehe zu Zustand 20 über
    IDENT       schiebe und gehe zu Zustand 21 über
    STRING      schiebe und gehe zu Zustand 22 über

    statement   gehe zu Zustand 59 über
    assignment  gehe zu Zustand 26 über
    vardecl     gehe zu Zustand 27 über
    funcdecl    gehe zu Zustand 28 über
    function    gehe zu Zustand 29 über
    codeblock   gehe zu Zustand 185 über
    if          gehe zu Zustand 30 über
    for         gehe zu Zustand 31 über
    while       gehe zu Zustand 32 über
    trycatch    gehe zu Zustand 33 über
    switch      gehe zu Zustand 34 über
    exp01       gehe zu Zustand 35 über
    exp02       gehe zu Zustand 36 über
    exp03       gehe zu Zustand 37 über
    exp04       gehe zu Zustand 38 über
    exp05       gehe zu Zustand 39 über
    exp06       gehe zu Zustand 40 über
    exp07       gehe zu Zustand 41 über
    exp08       gehe zu Zustand 42 über
    exp09       gehe zu Zustand 43 über
    expp        gehe zu Zustand 44 über
    value       gehe zu Zustand 45 über
    array       gehe zu Zustand 46 über


Zustand 176

   76 exp09: expp "." IDENT "(" explist ")" .

    $default  reduziere mit Regel 76 (exp09)


Zustand 177

   37 if: "if" "(" exp01 ")" codeblock "else" codeblock .

    $default  reduziere mit Regel 37 (if)


Zustand 178

   43 trycatch: "try" codeblock "catch" "(" IDENT ")" codeblock .

    $default  reduziere mit Regel 43 (trycatch)


Zustand 179

   47 case: "case" exp01 . ":" codeblock
   48     | "case" exp01 . ":"

    ":"  schiebe und gehe zu Zustand 186 über


Zustand 180

   49 case: "default" ":" . codeblock

    error       schiebe und gehe zu Zustand 1 über
    "return"    schiebe und gehe zu Zustand 2 über
    "throw"     schiebe und gehe zu Zustand 3 über
    "let"       schiebe und gehe zu Zustand 4 über
    "function"  schiebe und gehe zu Zustand 5 über
    "if"        schiebe und gehe zu Zustand 6 über
    "while"     schiebe und gehe zu Zustand 7 über
    "do"        schiebe und gehe zu Zustand 8 über
    "try"       schiebe und gehe zu Zustand 9 über
    "switch"    schiebe und gehe zu Zustand 10 über
    "nil"       schiebe und gehe zu Zustand 11 über
    "true"      schiebe und gehe zu Zustand 12 über
    "false"     schiebe und gehe zu Zustand 13 über
    "for"       schiebe und gehe zu Zustand 14 über
    "private"   schiebe und gehe zu Zustand 15 über
    "{"         schiebe und gehe zu Zustand 58 über
    "("         schiebe und gehe zu Zustand 16 über
    "["         schiebe und gehe zu Zustand 17 über
    ";"         schiebe und gehe zu Zustand 18 über
    "!"         schiebe und gehe zu Zustand 19 über
    NUMBER      schiebe und gehe zu Zustand 20 über
    IDENT       schiebe und gehe zu Zustand 21 über
    STRING      schiebe und gehe zu Zustand 22 über

    statement   gehe zu Zustand 59 über
    assignment  gehe zu Zustand 26 über
    vardecl     gehe zu Zustand 27 über
    funcdecl    gehe zu Zustand 28 über
    function    gehe zu Zustand 29 über
    codeblock   gehe zu Zustand 187 über
    if          gehe zu Zustand 30 über
    for         gehe zu Zustand 31 über
    while       gehe zu Zustand 32 über
    trycatch    gehe zu Zustand 33 über
    switch      gehe zu Zustand 34 über
    exp01       gehe zu Zustand 35 über
    exp02       gehe zu Zustand 36 über
    exp03       gehe zu Zustand 37 über
    exp04       gehe zu Zustand 38 über
    exp05       gehe zu Zustand 39 über
    exp06       gehe zu Zustand 40 über
    exp07       gehe zu Zustand 41 über
    exp08       gehe zu Zustand 42 über
    exp09       gehe zu Zustand 43 über
    expp        gehe zu Zustand 44 über
    value       gehe zu Zustand 45 über
    array       gehe zu Zustand 46 über


Zustand 181

   44 switch: "switch" "(" exp01 ")" "{" caselist "}" .

    $default  reduziere mit Regel 44 (switch)


Zustand 182

   46 caselist: case caselist .

    $default  reduziere mit Regel 46 (caselist)


Zustand 183

   40 for: "for" "(" IDENT ":" exp01 ")" codeblock .

    $default  reduziere mit Regel 40 (for)


Zustand 184

   39 for: "for" IDENT "from" exp01 "to" exp01 "step" . exp01 codeblock

    "function"  schiebe und gehe zu Zustand 47 über
    "nil"       schiebe und gehe zu Zustand 11 über
    "true"      schiebe und gehe zu Zustand 12 über
    "false"     schiebe und gehe zu Zustand 13 über
    "("         schiebe und gehe zu Zustand 16 über
    "["         schiebe und gehe zu Zustand 17 über
    "!"         schiebe und gehe zu Zustand 19 über
    NUMBER      schiebe und gehe zu Zustand 20 über
    IDENT       schiebe und gehe zu Zustand 49 über
    STRING      schiebe und gehe zu Zustand 22 über

    function  gehe zu Zustand 29 über
    exp01     gehe zu Zustand 188 über
    exp02     gehe zu Zustand 36 über
    exp03     gehe zu Zustand 37 über
    exp04     gehe zu Zustand 38 über
    exp05     gehe zu Zustand 39 über
    exp06     gehe zu Zustand 40 über
    exp07     gehe zu Zustand 41 über
    exp08     gehe zu Zustand 42 über
    exp09     gehe zu Zustand 43 über
    expp      gehe zu Zustand 44 über
    value     gehe zu Zustand 45 über
    array     gehe zu Zustand 46 über


Zustand 185

   38 for: "for" IDENT "from" exp01 "to" exp01 codeblock .

    $default  reduziere mit Regel 38 (for)


Zustand 186

   47 case: "case" exp01 ":" . codeblock
   48     | "case" exp01 ":" .

    error       schiebe und gehe zu Zustand 1 über
    "return"    schiebe und gehe zu Zustand 2 über
    "throw"     schiebe und gehe zu Zustand 3 über
    "let"       schiebe und gehe zu Zustand 4 über
    "function"  schiebe und gehe zu Zustand 5 über
    "if"        schiebe und gehe zu Zustand 6 über
    "while"     schiebe und gehe zu Zustand 7 über
    "do"        schiebe und gehe zu Zustand 8 über
    "try"       schiebe und gehe zu Zustand 9 über
    "switch"    schiebe und gehe zu Zustand 10 über
    "nil"       schiebe und gehe zu Zustand 11 über
    "true"      schiebe und gehe zu Zustand 12 über
    "false"     schiebe und gehe zu Zustand 13 über
    "for"       schiebe und gehe zu Zustand 14 über
    "private"   schiebe und gehe zu Zustand 15 über
    "{"         schiebe und gehe zu Zustand 58 über
    "("         schiebe und gehe zu Zustand 16 über
    "["         schiebe und gehe zu Zustand 17 über
    ";"         schiebe und gehe zu Zustand 18 über
    "!"         schiebe und gehe zu Zustand 19 über
    NUMBER      schiebe und gehe zu Zustand 20 über
    IDENT       schiebe und gehe zu Zustand 21 über
    STRING      schiebe und gehe zu Zustand 22 über

    "case"     reduziere mit Regel 48 (case)
    "default"  reduziere mit Regel 48 (case)
    "}"        reduziere mit Regel 48 (case)

    statement   gehe zu Zustand 59 über
    assignment  gehe zu Zustand 26 über
    vardecl     gehe zu Zustand 27 über
    funcdecl    gehe zu Zustand 28 über
    function    gehe zu Zustand 29 über
    codeblock   gehe zu Zustand 189 über
    if          gehe zu Zustand 30 über
    for         gehe zu Zustand 31 über
    while       gehe zu Zustand 32 über
    trycatch    gehe zu Zustand 33 über
    switch      gehe zu Zustand 34 über
    exp01       gehe zu Zustand 35 über
    exp02       gehe zu Zustand 36 über
    exp03       gehe zu Zustand 37 über
    exp04       gehe zu Zustand 38 über
    exp05       gehe zu Zustand 39 über
    exp06       gehe zu Zustand 40 über
    exp07       gehe zu Zustand 41 über
    exp08       gehe zu Zustand 42 über
    exp09       gehe zu Zustand 43 über
    expp        gehe zu Zustand 44 über
    value       gehe zu Zustand 45 über
    array       gehe zu Zustand 46 über


Zustand 187

   49 case: "default" ":" codeblock .

    $default  reduziere mit Regel 49 (case)


Zustand 188

   39 for: "for" IDENT "from" exp01 "to" exp01 "step" exp01 . codeblock

    error       schiebe und gehe zu Zustand 1 über
    "return"    schiebe und gehe zu Zustand 2 über
    "throw"     schiebe und gehe zu Zustand 3 über
    "let"       schiebe und gehe zu Zustand 4 über
    "function"  schiebe und gehe zu Zustand 5 über
    "if"        schiebe und gehe zu Zustand 6 über
    "while"     schiebe und gehe zu Zustand 7 über
    "do"        schiebe und gehe zu Zustand 8 über
    "try"       schiebe und gehe zu Zustand 9 über
    "switch"    schiebe und gehe zu Zustand 10 über
    "nil"       schiebe und gehe zu Zustand 11 über
    "true"      schiebe und gehe zu Zustand 12 über
    "false"     schiebe und gehe zu Zustand 13 über
    "for"       schiebe und gehe zu Zustand 14 über
    "private"   schiebe und gehe zu Zustand 15 über
    "{"         schiebe und gehe zu Zustand 58 über
    "("         schiebe und gehe zu Zustand 16 über
    "["         schiebe und gehe zu Zustand 17 über
    ";"         schiebe und gehe zu Zustand 18 über
    "!"         schiebe und gehe zu Zustand 19 über
    NUMBER      schiebe und gehe zu Zustand 20 über
    IDENT       schiebe und gehe zu Zustand 21 über
    STRING      schiebe und gehe zu Zustand 22 über

    statement   gehe zu Zustand 59 über
    assignment  gehe zu Zustand 26 über
    vardecl     gehe zu Zustand 27 über
    funcdecl    gehe zu Zustand 28 über
    function    gehe zu Zustand 29 über
    codeblock   gehe zu Zustand 190 über
    if          gehe zu Zustand 30 über
    for         gehe zu Zustand 31 über
    while       gehe zu Zustand 32 über
    trycatch    gehe zu Zustand 33 über
    switch      gehe zu Zustand 34 über
    exp01       gehe zu Zustand 35 über
    exp02       gehe zu Zustand 36 über
    exp03       gehe zu Zustand 37 über
    exp04       gehe zu Zustand 38 über
    exp05       gehe zu Zustand 39 über
    exp06       gehe zu Zustand 40 über
    exp07       gehe zu Zustand 41 über
    exp08       gehe zu Zustand 42 über
    exp09       gehe zu Zustand 43 über
    expp        gehe zu Zustand 44 über
    value       gehe zu Zustand 45 über
    array       gehe zu Zustand 46 über


Zustand 189

   47 case: "case" exp01 ":" codeblock .

    $default  reduziere mit Regel 47 (case)


Zustand 190

   39 for: "for" IDENT "from" exp01 "to" exp01 "step" exp01 codeblock .

    $default  reduziere mit Regel 39 (for)
