c:\users\marco.silipo\documents\visual studio 2015\projects\sqf-parser\sqf-vm\debug\vc140.pdb
c:\users\marco.silipo\documents\visual studio 2015\projects\sqf-parser\sqf-vm\debug\vc140.idb
c:\users\marco.silipo\documents\visual studio 2015\projects\sqf-parser\sqf-vm\debug\entry.obj
c:\users\marco.silipo\documents\visual studio 2015\projects\sqf-parser\sqf-vm\debug\sqf.obj
c:\users\marco.silipo\documents\visual studio 2015\projects\sqf-parser\sqf-vm\debug\sqf_create.obj
c:\users\marco.silipo\documents\visual studio 2015\projects\sqf-parser\sqf-vm\debug\sqf_inst.obj
c:\users\marco.silipo\documents\visual studio 2015\projects\sqf-parser\sqf-vm\debug\entry.obj.enc
c:\users\marco.silipo\documents\visual studio 2015\projects\sqf-parser\sqf-vm\debug\sqf.obj.enc
c:\users\marco.silipo\documents\visual studio 2015\projects\sqf-parser\sqf-vm\debug\sqf_inst.obj.enc
c:\users\marco.silipo\documents\visual studio 2015\projects\sqf-parser\debug\sqf-vm.pdb
c:\users\marco.silipo\documents\visual studio 2015\projects\sqf-parser\sqf-vm\debug\sqf-vm.tlog\cl.command.1.tlog
c:\users\marco.silipo\documents\visual studio 2015\projects\sqf-parser\sqf-vm\debug\sqf-vm.tlog\cl.read.1.tlog
c:\users\marco.silipo\documents\visual studio 2015\projects\sqf-parser\sqf-vm\debug\sqf-vm.tlog\cl.write.1.tlog
c:\users\marco.silipo\documents\visual studio 2015\projects\sqf-parser\sqf-vm\debug\sqf-vm.tlog\link.8592-cvtres.read.1.tlog
c:\users\marco.silipo\documents\visual studio 2015\projects\sqf-parser\sqf-vm\debug\sqf-vm.tlog\link.8592-cvtres.write.1.tlog
c:\users\marco.silipo\documents\visual studio 2015\projects\sqf-parser\sqf-vm\debug\sqf-vm.tlog\link.8592-rc.read.1.tlog
c:\users\marco.silipo\documents\visual studio 2015\projects\sqf-parser\sqf-vm\debug\sqf-vm.tlog\link.8592-rc.write.1.tlog
c:\users\marco.silipo\documents\visual studio 2015\projects\sqf-parser\sqf-vm\debug\sqf-vm.tlog\link.8592.read.1.tlog
c:\users\marco.silipo\documents\visual studio 2015\projects\sqf-parser\sqf-vm\debug\sqf-vm.tlog\link.8592.write.1.tlog
c:\users\marco.silipo\documents\visual studio 2015\projects\sqf-parser\sqf-vm\debug\sqf-vm.tlog\link.command.1.tlog
c:\users\marco.silipo\documents\visual studio 2015\projects\sqf-parser\sqf-vm\debug\sqf-vm.tlog\link.read.1.tlog
c:\users\marco.silipo\documents\visual studio 2015\projects\sqf-parser\sqf-vm\debug\sqf-vm.tlog\link.write.1.tlog
